{
  "stats": {
    "suites": 1,
    "tests": 21,
    "passes": 7,
    "pending": 0,
    "failures": 14,
    "start": "2024-03-27T23:08:09.053Z",
    "end": "2024-03-27T23:08:19.822Z",
    "duration": 10769,
    "testsRegistered": 21,
    "passPercent": 33.33333333333333,
    "pendingPercent": 0,
    "other": 0,
    "hasOther": false,
    "skipped": 0,
    "hasSkipped": false
  },
  "results": [
    {
      "uuid": "2c3ee2cb-6481-4f22-9b52-93d21ebc0fe1",
      "title": "",
      "fullFile": "cypress\\e2e\\frontend\\view-product.cy.js",
      "file": "cypress\\e2e\\frontend\\view-product.cy.js",
      "beforeHooks": [],
      "afterHooks": [],
      "tests": [],
      "suites": [
        {
          "uuid": "1cec4a9f-bc29-4cd6-ad3e-b67f927be58a",
          "title": "Page /products/:productId",
          "fullFile": "",
          "file": "",
          "beforeHooks": [],
          "afterHooks": [],
          "tests": [
            {
              "title": "display product",
              "fullTitle": "Page /products/:productId display product",
              "timedOut": null,
              "duration": 89,
              "state": "passed",
              "speed": "fast",
              "pass": true,
              "fail": false,
              "pending": false,
              "context": null,
              "code": "// Note : Vérifie que tous les éléments du produit sont bien affichés\n(0, _orm.createProduct)().then(({\n  originalProduct,\n  product\n}) => {\n  cy.visit(`http://localhost:5173/products/${product.id}`);\n  cy.get(\"[data-test-product-name]\").should(\"have.text\", product.name);\n  cy.get(\"[data-test-product-description]\").should(\"have.text\", product.description);\n  cy.get(\"[data-test-product-picture]\").invoke(\"attr\", \"src\").should(\"eq\", product.pictureUrl);\n  cy.get(\"[data-test-product-price]\").should(\"contain.text\", product.originalPrice + \" €\");\n  cy.get(\"[data-test-product-end-date]\").should(\"contain.text\", originalProduct.endDate.toLocaleDateString(\"fr-FR\", {\n    year: \"numeric\",\n    month: \"long\",\n    day: \"numeric\"\n  }));\n  cy.get(\"[data-test-product-seller]\").should(\"have.text\", \"alice\").invoke(\"attr\", \"href\").should(\"contain\", _tokens.aliceId);\n});",
              "err": {},
              "uuid": "2755820a-97de-4801-beb3-3cf319efb035",
              "parentUUID": "1cec4a9f-bc29-4cd6-ad3e-b67f927be58a",
              "isHook": false,
              "skipped": false
            },
            {
              "title": "finished countdown",
              "fullTitle": "Page /products/:productId finished countdown",
              "timedOut": null,
              "duration": 70,
              "state": "passed",
              "speed": "fast",
              "pass": true,
              "fail": false,
              "pending": false,
              "context": null,
              "code": "// Note : Si la date de fin de vente est passée, on affiche \"Terminé\"\n(0, _orm.createProduct)(\"past\").then(({\n  product\n}) => {\n  cy.visit(`http://localhost:5173/products/${product.id}`);\n  cy.get(\"[data-test-countdown]\").should(\"contain.text\", \"Terminé\");\n});",
              "err": {},
              "uuid": "d9272b53-ba34-47b9-af30-13ba8eac3314",
              "parentUUID": "1cec4a9f-bc29-4cd6-ad3e-b67f927be58a",
              "isHook": false,
              "skipped": false
            },
            {
              "title": "not finished countdown",
              "fullTitle": "Page /products/:productId not finished countdown",
              "timedOut": null,
              "duration": 73,
              "state": "passed",
              "speed": "fast",
              "pass": true,
              "fail": false,
              "pending": false,
              "context": null,
              "code": "// Note : Si la date de fin de vente est passée, on n'affiche pas \"Terminé\"\n(0, _orm.createProduct)(\"futur\").then(({\n  product\n}) => {\n  cy.visit(`http://localhost:5173/products/${product.id}`);\n  cy.get(\"[data-test-countdown]\").should(\"not.contain.text\", \"Terminé\");\n});",
              "err": {},
              "uuid": "424a5c23-8ce1-4635-a021-badeb849c3b9",
              "parentUUID": "1cec4a9f-bc29-4cd6-ad3e-b67f927be58a",
              "isHook": false,
              "skipped": false
            },
            {
              "title": "display bids",
              "fullTitle": "Page /products/:productId display bids",
              "timedOut": null,
              "duration": 84,
              "state": "passed",
              "speed": "fast",
              "pass": true,
              "fail": false,
              "pending": false,
              "context": null,
              "code": "// Note : Vérifie que tous les éléments des offres du produit sont bien affichés\n(0, _orm.createBid)(_tokens.casserolesId, 200, _tokens.bobToken).then(({\n  bid\n}) => {\n  cy.visit(`http://localhost:5173/products/${_tokens.casserolesId}`);\n  cy.get(\"[data-test-bid]\").should(\"have.length\", 4);\n  cy.get(\"[data-test-bid]\").first().find(\"[data-test-bid-bidder]\").should(\"have.text\", \"charly\").invoke(\"attr\", \"href\").should(\"contain\", _tokens.charlyId);\n  cy.get(\"[data-test-bid]\").first().find(\"[data-test-bid-price]\").should(\"contain.text\", \"65 €\");\n  cy.get(\"[data-test-bid]\").last().find(\"[data-test-bid-bidder]\").should(\"have.text\", \"bob\").invoke(\"attr\", \"href\").should(\"contain\", _tokens.bobId);\n  cy.get(\"[data-test-bid]\").last().find(\"[data-test-bid-price]\").should(\"contain.text\", bid.price + \" €\");\n  cy.get(\"[data-test-bid]\").last().find(\"[data-test-bid-date]\").should(\"contain.text\", new Date().toLocaleDateString(\"fr-FR\", {\n    year: \"numeric\",\n    month: \"long\",\n    day: \"numeric\"\n  }));\n});",
              "err": {},
              "uuid": "d52f61d8-6f82-43a7-a5e0-05bb31212f27",
              "parentUUID": "1cec4a9f-bc29-4cd6-ad3e-b67f927be58a",
              "isHook": false,
              "skipped": false
            },
            {
              "title": "some bids",
              "fullTitle": "Page /products/:productId some bids",
              "timedOut": null,
              "duration": 731,
              "state": "failed",
              "speed": null,
              "pass": false,
              "fail": true,
              "pending": false,
              "context": null,
              "code": "// Note : Si au moins une offre existe, on affiche le tableau\ncy.visit(`http://localhost:5173/products/${_tokens.casserolesId}`);\ncy.get(\"[data-test-bids]\").should(\"exist\");\ncy.get(\"[data-test-no-bids]\").should(\"not.exist\");",
              "err": {
                "message": "CypressError: `cy.visit()` failed trying to load:\n\nhttp://localhost:5173/products/a0f7c522-78f8-442e-a55d-642cfe566634\n\nWe attempted to make an http request to this URL but the request failed without a response.\n\nWe received this error at the network level:\n\n  > Error: connect ECONNREFUSED 127.0.0.1:5173\n\nCommon situations why this would fail:\n  - you don't have internet access\n  - you forgot to run / boot your web server\n  - your web server isn't accessible\n  - you have weird network configuration settings on your computer",
                "estack": "CypressError: `cy.visit()` failed trying to load:\n\nhttp://localhost:5173/products/a0f7c522-78f8-442e-a55d-642cfe566634\n\nWe attempted to make an http request to this URL but the request failed without a response.\n\nWe received this error at the network level:\n\n  > Error: connect ECONNREFUSED 127.0.0.1:5173\n\nCommon situations why this would fail:\n  - you don't have internet access\n  - you forgot to run / boot your web server\n  - your web server isn't accessible\n  - you have weird network configuration settings on your computer\n    at <unknown> (http://localhost:30296/__cypress/runner/cypress_runner.js:131065:74)\n    at visitFailedByErr (http://localhost:30296/__cypress/runner/cypress_runner.js:130463:12)\n    at <unknown> (http://localhost:30296/__cypress/runner/cypress_runner.js:131064:11)\n    at tryCatcher (http://localhost:30296/__cypress/runner/cypress_runner.js:1807:23)\n    at Promise._settlePromiseFromHandler (http://localhost:30296/__cypress/runner/cypress_runner.js:1519:31)\n    at Promise._settlePromise (http://localhost:30296/__cypress/runner/cypress_runner.js:1576:18)\n    at Promise._settlePromise0 (http://localhost:30296/__cypress/runner/cypress_runner.js:1621:10)\n    at Promise._settlePromises (http://localhost:30296/__cypress/runner/cypress_runner.js:1697:18)\n    at _drainQueueStep (http://localhost:30296/__cypress/runner/cypress_runner.js:2407:12)\n    at _drainQueue (http://localhost:30296/__cypress/runner/cypress_runner.js:2400:9)\n    at Async._drainQueues (http://localhost:30296/__cypress/runner/cypress_runner.js:2416:5)\n    at Async.drainQueues (http://localhost:30296/__cypress/runner/cypress_runner.js:2286:14)\nFrom Your Spec Code:\n    at Context.eval (webpack://frontend/./cypress/e2e/frontend/view-product.cy.js:125:7)\n\nFrom Node.js Internals:\n  Error: connect ECONNREFUSED 127.0.0.1:5173\n      at TCPConnectWrap.afterConnect [as oncomplete] (node:net:1495:16)",
                "diff": null
              },
              "uuid": "66080c3b-56f3-47b6-bb26-b1605ae636fa",
              "parentUUID": "1cec4a9f-bc29-4cd6-ad3e-b67f927be58a",
              "isHook": false,
              "skipped": false
            },
            {
              "title": "no bids",
              "fullTitle": "Page /products/:productId no bids",
              "timedOut": null,
              "duration": 84,
              "state": "passed",
              "speed": "fast",
              "pass": true,
              "fail": false,
              "pending": false,
              "context": null,
              "code": "(0, _orm.createProduct)().then(({\n  product\n}) => {\n  // Note : Si aucune une offre ,'existe, on masque le tableau\n  cy.visit(`http://localhost:5173/products/${product.id}`);\n  cy.get(\"[data-test-bids]\").should(\"not.exist\");\n  cy.get(\"[data-test-no-bids]\").should(\"exist\");\n});",
              "err": {},
              "uuid": "071e2713-8192-46c9-842f-04b5367dfad8",
              "parentUUID": "1cec4a9f-bc29-4cd6-ad3e-b67f927be58a",
              "isHook": false,
              "skipped": false
            },
            {
              "title": "only seller and admin can edit or delete product",
              "fullTitle": "Page /products/:productId only seller and admin can edit or delete product",
              "timedOut": null,
              "duration": 732,
              "state": "failed",
              "speed": null,
              "pass": false,
              "fail": true,
              "pending": false,
              "context": null,
              "code": "// Note : Vérifie que l'admin a accès aux boutons d'édition et de suppression\n// Note : Vérifie que l'utilisateur vendeur du produit a accès aux boutons d'édition et de suppression\n// Note : Vérifie qu'un utilisateur non vendeur du produit n'a pas accès aux boutons d'édition et de suppression\ncy.visit(`http://localhost:5173/products/${_tokens.casserolesId}`, {\n  onBeforeLoad: function (window) {\n    window.localStorage.setItem(\"token\", _tokens.adminToken);\n  }\n});\ncy.get(\"[data-test-edit-product]\").should(\"exist\");\ncy.get(\"[data-test-delete-product]\").should(\"exist\");\ncy.visit(`http://localhost:5173/products/${_tokens.casserolesId}`, {\n  onBeforeLoad: function (window) {\n    window.localStorage.setItem(\"token\", _tokens.aliceToken);\n  }\n});\ncy.get(\"[data-test-edit-product]\").should(\"exist\");\ncy.get(\"[data-test-delete-product]\").should(\"exist\");\ncy.visit(`http://localhost:5173/products/${_tokens.casserolesId}`, {\n  onBeforeLoad: function (window) {\n    window.localStorage.setItem(\"token\", _tokens.bobToken);\n  }\n});\ncy.get(\"[data-test-edit-product]\").should(\"not.exist\");\ncy.get(\"[data-test-delete-product]\").should(\"not.exist\");",
              "err": {
                "message": "CypressError: `cy.visit()` failed trying to load:\n\nhttp://localhost:5173/products/a0f7c522-78f8-442e-a55d-642cfe566634\n\nWe attempted to make an http request to this URL but the request failed without a response.\n\nWe received this error at the network level:\n\n  > Error: connect ECONNREFUSED 127.0.0.1:5173\n\nCommon situations why this would fail:\n  - you don't have internet access\n  - you forgot to run / boot your web server\n  - your web server isn't accessible\n  - you have weird network configuration settings on your computer",
                "estack": "CypressError: `cy.visit()` failed trying to load:\n\nhttp://localhost:5173/products/a0f7c522-78f8-442e-a55d-642cfe566634\n\nWe attempted to make an http request to this URL but the request failed without a response.\n\nWe received this error at the network level:\n\n  > Error: connect ECONNREFUSED 127.0.0.1:5173\n\nCommon situations why this would fail:\n  - you don't have internet access\n  - you forgot to run / boot your web server\n  - your web server isn't accessible\n  - you have weird network configuration settings on your computer\n    at <unknown> (http://localhost:30296/__cypress/runner/cypress_runner.js:131065:74)\n    at visitFailedByErr (http://localhost:30296/__cypress/runner/cypress_runner.js:130463:12)\n    at <unknown> (http://localhost:30296/__cypress/runner/cypress_runner.js:131064:11)\n    at tryCatcher (http://localhost:30296/__cypress/runner/cypress_runner.js:1807:23)\n    at Promise._settlePromiseFromHandler (http://localhost:30296/__cypress/runner/cypress_runner.js:1519:31)\n    at Promise._settlePromise (http://localhost:30296/__cypress/runner/cypress_runner.js:1576:18)\n    at Promise._settlePromise0 (http://localhost:30296/__cypress/runner/cypress_runner.js:1621:10)\n    at Promise._settlePromises (http://localhost:30296/__cypress/runner/cypress_runner.js:1697:18)\n    at _drainQueueStep (http://localhost:30296/__cypress/runner/cypress_runner.js:2407:12)\n    at _drainQueue (http://localhost:30296/__cypress/runner/cypress_runner.js:2400:9)\n    at Async._drainQueues (http://localhost:30296/__cypress/runner/cypress_runner.js:2416:5)\n    at Async.drainQueues (http://localhost:30296/__cypress/runner/cypress_runner.js:2286:14)\nFrom Your Spec Code:\n    at Context.eval (webpack://frontend/./cypress/e2e/frontend/view-product.cy.js:147:7)\n\nFrom Node.js Internals:\n  Error: connect ECONNREFUSED 127.0.0.1:5173\n      at TCPConnectWrap.afterConnect [as oncomplete] (node:net:1495:16)",
                "diff": null
              },
              "uuid": "0a76427a-9507-4ba1-b32b-abdcbc588306",
              "parentUUID": "1cec4a9f-bc29-4cd6-ad3e-b67f927be58a",
              "isHook": false,
              "skipped": false
            },
            {
              "title": "product edition button",
              "fullTitle": "Page /products/:productId product edition button",
              "timedOut": null,
              "duration": 647,
              "state": "failed",
              "speed": null,
              "pass": false,
              "fail": true,
              "pending": false,
              "context": null,
              "code": "// Note : Vérifie que bouton d'édition d'un produit cible le bon endroit\ncy.visit(`http://localhost:5173/products/${_tokens.casserolesId}`, {\n  onBeforeLoad: function (window) {\n    window.localStorage.setItem(\"token\", _tokens.aliceToken);\n  }\n});\ncy.get(\"[data-test-edit-product]\").should(\"exist\").invoke(\"attr\", \"href\").should(\"contain\", _tokens.casserolesId).should(\"contain\", \"/edit\");",
              "err": {
                "message": "CypressError: `cy.visit()` failed trying to load:\n\nhttp://localhost:5173/products/a0f7c522-78f8-442e-a55d-642cfe566634\n\nWe attempted to make an http request to this URL but the request failed without a response.\n\nWe received this error at the network level:\n\n  > Error: connect ECONNREFUSED 127.0.0.1:5173\n\nCommon situations why this would fail:\n  - you don't have internet access\n  - you forgot to run / boot your web server\n  - your web server isn't accessible\n  - you have weird network configuration settings on your computer",
                "estack": "CypressError: `cy.visit()` failed trying to load:\n\nhttp://localhost:5173/products/a0f7c522-78f8-442e-a55d-642cfe566634\n\nWe attempted to make an http request to this URL but the request failed without a response.\n\nWe received this error at the network level:\n\n  > Error: connect ECONNREFUSED 127.0.0.1:5173\n\nCommon situations why this would fail:\n  - you don't have internet access\n  - you forgot to run / boot your web server\n  - your web server isn't accessible\n  - you have weird network configuration settings on your computer\n    at <unknown> (http://localhost:30296/__cypress/runner/cypress_runner.js:131065:74)\n    at visitFailedByErr (http://localhost:30296/__cypress/runner/cypress_runner.js:130463:12)\n    at <unknown> (http://localhost:30296/__cypress/runner/cypress_runner.js:131064:11)\n    at tryCatcher (http://localhost:30296/__cypress/runner/cypress_runner.js:1807:23)\n    at Promise._settlePromiseFromHandler (http://localhost:30296/__cypress/runner/cypress_runner.js:1519:31)\n    at Promise._settlePromise (http://localhost:30296/__cypress/runner/cypress_runner.js:1576:18)\n    at Promise._settlePromise0 (http://localhost:30296/__cypress/runner/cypress_runner.js:1621:10)\n    at Promise._settlePromises (http://localhost:30296/__cypress/runner/cypress_runner.js:1697:18)\n    at _drainQueueStep (http://localhost:30296/__cypress/runner/cypress_runner.js:2407:12)\n    at _drainQueue (http://localhost:30296/__cypress/runner/cypress_runner.js:2400:9)\n    at Async._drainQueues (http://localhost:30296/__cypress/runner/cypress_runner.js:2416:5)\n    at Async.drainQueues (http://localhost:30296/__cypress/runner/cypress_runner.js:2286:14)\nFrom Your Spec Code:\n    at Context.eval (webpack://frontend/./cypress/e2e/frontend/view-product.cy.js:178:7)\n\nFrom Node.js Internals:\n  Error: connect ECONNREFUSED 127.0.0.1:5173\n      at TCPConnectWrap.afterConnect [as oncomplete] (node:net:1495:16)",
                "diff": null
              },
              "uuid": "f8e67aa3-6f35-4da8-9232-c458ccd06d7f",
              "parentUUID": "1cec4a9f-bc29-4cd6-ad3e-b67f927be58a",
              "isHook": false,
              "skipped": false
            },
            {
              "title": "product deletion button",
              "fullTitle": "Page /products/:productId product deletion button",
              "timedOut": null,
              "duration": 650,
              "state": "failed",
              "speed": null,
              "pass": false,
              "fail": true,
              "pending": false,
              "context": null,
              "code": "// Note : Vérifie que bouton de suppression d'un produit supprime bien le produit\ncy.visit(`http://localhost:5173/products/${_tokens.casserolesId}`, {\n  onBeforeLoad: function (window) {\n    window.localStorage.setItem(\"token\", _tokens.aliceToken);\n  }\n});\n(0, _orm.getProducts)().then(({\n  products: productsBeforeDeletion\n}) => {\n  cy.get(\"[data-test-delete-product]\").click();\n  (0, _orm.getProducts)().then(({\n    products: productsAfterDeletion\n  }) => {\n    expect(productsBeforeDeletion.length).to.be.greaterThan(productsAfterDeletion.length);\n  });\n});",
              "err": {
                "message": "CypressError: `cy.visit()` failed trying to load:\n\nhttp://localhost:5173/products/a0f7c522-78f8-442e-a55d-642cfe566634\n\nWe attempted to make an http request to this URL but the request failed without a response.\n\nWe received this error at the network level:\n\n  > Error: connect ECONNREFUSED 127.0.0.1:5173\n\nCommon situations why this would fail:\n  - you don't have internet access\n  - you forgot to run / boot your web server\n  - your web server isn't accessible\n  - you have weird network configuration settings on your computer",
                "estack": "CypressError: `cy.visit()` failed trying to load:\n\nhttp://localhost:5173/products/a0f7c522-78f8-442e-a55d-642cfe566634\n\nWe attempted to make an http request to this URL but the request failed without a response.\n\nWe received this error at the network level:\n\n  > Error: connect ECONNREFUSED 127.0.0.1:5173\n\nCommon situations why this would fail:\n  - you don't have internet access\n  - you forgot to run / boot your web server\n  - your web server isn't accessible\n  - you have weird network configuration settings on your computer\n    at <unknown> (http://localhost:30296/__cypress/runner/cypress_runner.js:131065:74)\n    at visitFailedByErr (http://localhost:30296/__cypress/runner/cypress_runner.js:130463:12)\n    at <unknown> (http://localhost:30296/__cypress/runner/cypress_runner.js:131064:11)\n    at tryCatcher (http://localhost:30296/__cypress/runner/cypress_runner.js:1807:23)\n    at Promise._settlePromiseFromHandler (http://localhost:30296/__cypress/runner/cypress_runner.js:1519:31)\n    at Promise._settlePromise (http://localhost:30296/__cypress/runner/cypress_runner.js:1576:18)\n    at Promise._settlePromise0 (http://localhost:30296/__cypress/runner/cypress_runner.js:1621:10)\n    at Promise._settlePromises (http://localhost:30296/__cypress/runner/cypress_runner.js:1697:18)\n    at _drainQueueStep (http://localhost:30296/__cypress/runner/cypress_runner.js:2407:12)\n    at _drainQueue (http://localhost:30296/__cypress/runner/cypress_runner.js:2400:9)\n    at Async._drainQueues (http://localhost:30296/__cypress/runner/cypress_runner.js:2416:5)\n    at Async.drainQueues (http://localhost:30296/__cypress/runner/cypress_runner.js:2286:14)\nFrom Your Spec Code:\n    at Context.eval (webpack://frontend/./cypress/e2e/frontend/view-product.cy.js:194:7)\n\nFrom Node.js Internals:\n  Error: connect ECONNREFUSED 127.0.0.1:5173\n      at TCPConnectWrap.afterConnect [as oncomplete] (node:net:1495:16)",
                "diff": null
              },
              "uuid": "04970078-fc25-4c73-96bd-5200e439b7a8",
              "parentUUID": "1cec4a9f-bc29-4cd6-ad3e-b67f927be58a",
              "isHook": false,
              "skipped": false
            },
            {
              "title": "admin can delete bid",
              "fullTitle": "Page /products/:productId admin can delete bid",
              "timedOut": null,
              "duration": 694,
              "state": "failed",
              "speed": null,
              "pass": false,
              "fail": true,
              "pending": false,
              "context": null,
              "code": "// Note : Vérifie que l'admin peut supprimer n'importe quel offre\ncy.visit(`http://localhost:5173/products/${_tokens.casserolesId}`, {\n  onBeforeLoad: function (window) {\n    window.localStorage.setItem(\"token\", _tokens.adminToken);\n  }\n});\ncy.get(\"[data-test-delete-bid]\").should(\"have.length\", 3);",
              "err": {
                "message": "CypressError: `cy.visit()` failed trying to load:\n\nhttp://localhost:5173/products/a0f7c522-78f8-442e-a55d-642cfe566634\n\nWe attempted to make an http request to this URL but the request failed without a response.\n\nWe received this error at the network level:\n\n  > Error: connect ECONNREFUSED 127.0.0.1:5173\n\nCommon situations why this would fail:\n  - you don't have internet access\n  - you forgot to run / boot your web server\n  - your web server isn't accessible\n  - you have weird network configuration settings on your computer",
                "estack": "CypressError: `cy.visit()` failed trying to load:\n\nhttp://localhost:5173/products/a0f7c522-78f8-442e-a55d-642cfe566634\n\nWe attempted to make an http request to this URL but the request failed without a response.\n\nWe received this error at the network level:\n\n  > Error: connect ECONNREFUSED 127.0.0.1:5173\n\nCommon situations why this would fail:\n  - you don't have internet access\n  - you forgot to run / boot your web server\n  - your web server isn't accessible\n  - you have weird network configuration settings on your computer\n    at <unknown> (http://localhost:30296/__cypress/runner/cypress_runner.js:131065:74)\n    at visitFailedByErr (http://localhost:30296/__cypress/runner/cypress_runner.js:130463:12)\n    at <unknown> (http://localhost:30296/__cypress/runner/cypress_runner.js:131064:11)\n    at tryCatcher (http://localhost:30296/__cypress/runner/cypress_runner.js:1807:23)\n    at Promise._settlePromiseFromHandler (http://localhost:30296/__cypress/runner/cypress_runner.js:1519:31)\n    at Promise._settlePromise (http://localhost:30296/__cypress/runner/cypress_runner.js:1576:18)\n    at Promise._settlePromise0 (http://localhost:30296/__cypress/runner/cypress_runner.js:1621:10)\n    at Promise._settlePromises (http://localhost:30296/__cypress/runner/cypress_runner.js:1697:18)\n    at _drainQueueStep (http://localhost:30296/__cypress/runner/cypress_runner.js:2407:12)\n    at _drainQueue (http://localhost:30296/__cypress/runner/cypress_runner.js:2400:9)\n    at Async._drainQueues (http://localhost:30296/__cypress/runner/cypress_runner.js:2416:5)\n    at Async.drainQueues (http://localhost:30296/__cypress/runner/cypress_runner.js:2286:14)\nFrom Your Spec Code:\n    at Context.eval (webpack://frontend/./cypress/e2e/frontend/view-product.cy.js:214:7)\n\nFrom Node.js Internals:\n  Error: connect ECONNREFUSED 127.0.0.1:5173\n      at TCPConnectWrap.afterConnect [as oncomplete] (node:net:1495:16)",
                "diff": null
              },
              "uuid": "a9bed3a3-fed6-4fc6-8f9e-0faf29a8cee5",
              "parentUUID": "1cec4a9f-bc29-4cd6-ad3e-b67f927be58a",
              "isHook": false,
              "skipped": false
            },
            {
              "title": "bidder can delete bid",
              "fullTitle": "Page /products/:productId bidder can delete bid",
              "timedOut": null,
              "duration": 712,
              "state": "failed",
              "speed": null,
              "pass": false,
              "fail": true,
              "pending": false,
              "context": null,
              "code": "// Note : Vérifie qu'une offre est supprimable par l'utilisateur l'ayant fait\ncy.visit(`http://localhost:5173/products/${_tokens.casserolesId}`, {\n  onBeforeLoad: function (window) {\n    window.localStorage.setItem(\"token\", _tokens.bobToken);\n  }\n});\ncy.get(\"[data-test-delete-bid]\").should(\"have.length\", 1);\ncy.visit(`http://localhost:5173/products/${_tokens.casserolesId}`, {\n  onBeforeLoad: function (window) {\n    window.localStorage.setItem(\"token\", _tokens.charlyToken);\n  }\n});\ncy.get(\"[data-test-delete-bid]\").should(\"have.length\", 2);",
              "err": {
                "message": "CypressError: `cy.visit()` failed trying to load:\n\nhttp://localhost:5173/products/a0f7c522-78f8-442e-a55d-642cfe566634\n\nWe attempted to make an http request to this URL but the request failed without a response.\n\nWe received this error at the network level:\n\n  > Error: connect ECONNREFUSED 127.0.0.1:5173\n\nCommon situations why this would fail:\n  - you don't have internet access\n  - you forgot to run / boot your web server\n  - your web server isn't accessible\n  - you have weird network configuration settings on your computer",
                "estack": "CypressError: `cy.visit()` failed trying to load:\n\nhttp://localhost:5173/products/a0f7c522-78f8-442e-a55d-642cfe566634\n\nWe attempted to make an http request to this URL but the request failed without a response.\n\nWe received this error at the network level:\n\n  > Error: connect ECONNREFUSED 127.0.0.1:5173\n\nCommon situations why this would fail:\n  - you don't have internet access\n  - you forgot to run / boot your web server\n  - your web server isn't accessible\n  - you have weird network configuration settings on your computer\n    at <unknown> (http://localhost:30296/__cypress/runner/cypress_runner.js:131065:74)\n    at visitFailedByErr (http://localhost:30296/__cypress/runner/cypress_runner.js:130463:12)\n    at <unknown> (http://localhost:30296/__cypress/runner/cypress_runner.js:131064:11)\n    at tryCatcher (http://localhost:30296/__cypress/runner/cypress_runner.js:1807:23)\n    at Promise._settlePromiseFromHandler (http://localhost:30296/__cypress/runner/cypress_runner.js:1519:31)\n    at Promise._settlePromise (http://localhost:30296/__cypress/runner/cypress_runner.js:1576:18)\n    at Promise._settlePromise0 (http://localhost:30296/__cypress/runner/cypress_runner.js:1621:10)\n    at Promise._settlePromises (http://localhost:30296/__cypress/runner/cypress_runner.js:1697:18)\n    at _drainQueueStep (http://localhost:30296/__cypress/runner/cypress_runner.js:2407:12)\n    at _drainQueue (http://localhost:30296/__cypress/runner/cypress_runner.js:2400:9)\n    at Async._drainQueues (http://localhost:30296/__cypress/runner/cypress_runner.js:2416:5)\n    at Async.drainQueues (http://localhost:30296/__cypress/runner/cypress_runner.js:2286:14)\nFrom Your Spec Code:\n    at Context.eval (webpack://frontend/./cypress/e2e/frontend/view-product.cy.js:226:7)\n\nFrom Node.js Internals:\n  Error: connect ECONNREFUSED 127.0.0.1:5173\n      at TCPConnectWrap.afterConnect [as oncomplete] (node:net:1495:16)",
                "diff": null
              },
              "uuid": "236563f0-ae1c-43e3-956a-848f9f516116",
              "parentUUID": "1cec4a9f-bc29-4cd6-ad3e-b67f927be58a",
              "isHook": false,
              "skipped": false
            },
            {
              "title": "not bidder cannot delete bid",
              "fullTitle": "Page /products/:productId not bidder cannot delete bid",
              "timedOut": null,
              "duration": 680,
              "state": "failed",
              "speed": null,
              "pass": false,
              "fail": true,
              "pending": false,
              "context": null,
              "code": "// Note : Vérifie qu'une offre n'est supprimable par un utilisateur ne l'ayant pas fait\ncy.visit(`http://localhost:5173/products/${_tokens.casserolesId}`, {\n  onBeforeLoad: function (window) {\n    window.localStorage.setItem(\"token\", _tokens.aliceToken);\n  }\n});\ncy.get(\"[data-test-delete-bid]\").should(\"have.length\", 0);",
              "err": {
                "message": "CypressError: `cy.visit()` failed trying to load:\n\nhttp://localhost:5173/products/a0f7c522-78f8-442e-a55d-642cfe566634\n\nWe attempted to make an http request to this URL but the request failed without a response.\n\nWe received this error at the network level:\n\n  > Error: connect ECONNREFUSED 127.0.0.1:5173\n\nCommon situations why this would fail:\n  - you don't have internet access\n  - you forgot to run / boot your web server\n  - your web server isn't accessible\n  - you have weird network configuration settings on your computer",
                "estack": "CypressError: `cy.visit()` failed trying to load:\n\nhttp://localhost:5173/products/a0f7c522-78f8-442e-a55d-642cfe566634\n\nWe attempted to make an http request to this URL but the request failed without a response.\n\nWe received this error at the network level:\n\n  > Error: connect ECONNREFUSED 127.0.0.1:5173\n\nCommon situations why this would fail:\n  - you don't have internet access\n  - you forgot to run / boot your web server\n  - your web server isn't accessible\n  - you have weird network configuration settings on your computer\n    at <unknown> (http://localhost:30296/__cypress/runner/cypress_runner.js:131065:74)\n    at visitFailedByErr (http://localhost:30296/__cypress/runner/cypress_runner.js:130463:12)\n    at <unknown> (http://localhost:30296/__cypress/runner/cypress_runner.js:131064:11)\n    at tryCatcher (http://localhost:30296/__cypress/runner/cypress_runner.js:1807:23)\n    at Promise._settlePromiseFromHandler (http://localhost:30296/__cypress/runner/cypress_runner.js:1519:31)\n    at Promise._settlePromise (http://localhost:30296/__cypress/runner/cypress_runner.js:1576:18)\n    at Promise._settlePromise0 (http://localhost:30296/__cypress/runner/cypress_runner.js:1621:10)\n    at Promise._settlePromises (http://localhost:30296/__cypress/runner/cypress_runner.js:1697:18)\n    at _drainQueueStep (http://localhost:30296/__cypress/runner/cypress_runner.js:2407:12)\n    at _drainQueue (http://localhost:30296/__cypress/runner/cypress_runner.js:2400:9)\n    at Async._drainQueues (http://localhost:30296/__cypress/runner/cypress_runner.js:2416:5)\n    at Async.drainQueues (http://localhost:30296/__cypress/runner/cypress_runner.js:2286:14)\nFrom Your Spec Code:\n    at Context.eval (webpack://frontend/./cypress/e2e/frontend/view-product.cy.js:246:7)\n\nFrom Node.js Internals:\n  Error: connect ECONNREFUSED 127.0.0.1:5173\n      at TCPConnectWrap.afterConnect [as oncomplete] (node:net:1495:16)",
                "diff": null
              },
              "uuid": "85840b0d-4dd9-42c2-9906-96feefa99a3c",
              "parentUUID": "1cec4a9f-bc29-4cd6-ad3e-b67f927be58a",
              "isHook": false,
              "skipped": false
            },
            {
              "title": "bid deletion button",
              "fullTitle": "Page /products/:productId bid deletion button",
              "timedOut": null,
              "duration": 709,
              "state": "failed",
              "speed": null,
              "pass": false,
              "fail": true,
              "pending": false,
              "context": null,
              "code": "// Note : Vérifie que le bouton de suppression d'une offre fonctionne bien\ncy.visit(`http://localhost:5173/products/${_tokens.casserolesId}`, {\n  onBeforeLoad: function (window) {\n    window.localStorage.setItem(\"token\", _tokens.bobToken);\n  }\n});\ncy.get(\"[data-test-delete-bid]\").should(\"have.length\", 1);\n(0, _orm.getProduct)(_tokens.casserolesId).then(({\n  product: productBeforeBidDeletion\n}) => {\n  cy.get(\"[data-test-delete-bid]\").click();\n  cy.get(\"[data-test-delete-bid]\").should(\"have.length\", 0);\n  (0, _orm.getProduct)(_tokens.casserolesId).then(({\n    product: productAfterBidDeletion\n  }) => {\n    expect(productBeforeBidDeletion.bids.length).to.be.greaterThan(productAfterBidDeletion.bids.length);\n  });\n});",
              "err": {
                "message": "CypressError: `cy.visit()` failed trying to load:\n\nhttp://localhost:5173/products/a0f7c522-78f8-442e-a55d-642cfe566634\n\nWe attempted to make an http request to this URL but the request failed without a response.\n\nWe received this error at the network level:\n\n  > Error: connect ECONNREFUSED 127.0.0.1:5173\n\nCommon situations why this would fail:\n  - you don't have internet access\n  - you forgot to run / boot your web server\n  - your web server isn't accessible\n  - you have weird network configuration settings on your computer",
                "estack": "CypressError: `cy.visit()` failed trying to load:\n\nhttp://localhost:5173/products/a0f7c522-78f8-442e-a55d-642cfe566634\n\nWe attempted to make an http request to this URL but the request failed without a response.\n\nWe received this error at the network level:\n\n  > Error: connect ECONNREFUSED 127.0.0.1:5173\n\nCommon situations why this would fail:\n  - you don't have internet access\n  - you forgot to run / boot your web server\n  - your web server isn't accessible\n  - you have weird network configuration settings on your computer\n    at <unknown> (http://localhost:30296/__cypress/runner/cypress_runner.js:131065:74)\n    at visitFailedByErr (http://localhost:30296/__cypress/runner/cypress_runner.js:130463:12)\n    at <unknown> (http://localhost:30296/__cypress/runner/cypress_runner.js:131064:11)\n    at tryCatcher (http://localhost:30296/__cypress/runner/cypress_runner.js:1807:23)\n    at Promise._settlePromiseFromHandler (http://localhost:30296/__cypress/runner/cypress_runner.js:1519:31)\n    at Promise._settlePromise (http://localhost:30296/__cypress/runner/cypress_runner.js:1576:18)\n    at Promise._settlePromise0 (http://localhost:30296/__cypress/runner/cypress_runner.js:1621:10)\n    at Promise._settlePromises (http://localhost:30296/__cypress/runner/cypress_runner.js:1697:18)\n    at _drainQueueStep (http://localhost:30296/__cypress/runner/cypress_runner.js:2407:12)\n    at _drainQueue (http://localhost:30296/__cypress/runner/cypress_runner.js:2400:9)\n    at Async._drainQueues (http://localhost:30296/__cypress/runner/cypress_runner.js:2416:5)\n    at Async.drainQueues (http://localhost:30296/__cypress/runner/cypress_runner.js:2286:14)\nFrom Your Spec Code:\n    at Context.eval (webpack://frontend/./cypress/e2e/frontend/view-product.cy.js:258:7)\n\nFrom Node.js Internals:\n  Error: connect ECONNREFUSED 127.0.0.1:5173\n      at TCPConnectWrap.afterConnect [as oncomplete] (node:net:1495:16)",
                "diff": null
              },
              "uuid": "002c51cd-fd56-4e3c-921c-370689e90073",
              "parentUUID": "1cec4a9f-bc29-4cd6-ad3e-b67f927be58a",
              "isHook": false,
              "skipped": false
            },
            {
              "title": "only seller cannot add a bid",
              "fullTitle": "Page /products/:productId only seller cannot add a bid",
              "timedOut": null,
              "duration": 691,
              "state": "failed",
              "speed": null,
              "pass": false,
              "fail": true,
              "pending": false,
              "context": null,
              "code": "// Note : Vérifie que le vendeur ne peut pas faire d'offre sur son produit\n// Note : Vérifie qu'un non-vendeur peut faire une offre sur le produit\ncy.visit(`http://localhost:5173/products/${_tokens.casserolesId}`, {\n  onBeforeLoad: function (window) {\n    window.localStorage.setItem(\"token\", _tokens.aliceToken);\n  }\n});\ncy.get(\"[data-test-submit-bid]\").should(\"not.exist\");\ncy.visit(`http://localhost:5173/products/${_tokens.casserolesId}`, {\n  onBeforeLoad: function (window) {\n    window.localStorage.setItem(\"token\", _tokens.bobToken);\n  }\n});\ncy.get(\"[data-test-submit-bid]\").should(\"exist\");",
              "err": {
                "message": "CypressError: `cy.visit()` failed trying to load:\n\nhttp://localhost:5173/products/a0f7c522-78f8-442e-a55d-642cfe566634\n\nWe attempted to make an http request to this URL but the request failed without a response.\n\nWe received this error at the network level:\n\n  > Error: connect ECONNREFUSED 127.0.0.1:5173\n\nCommon situations why this would fail:\n  - you don't have internet access\n  - you forgot to run / boot your web server\n  - your web server isn't accessible\n  - you have weird network configuration settings on your computer",
                "estack": "CypressError: `cy.visit()` failed trying to load:\n\nhttp://localhost:5173/products/a0f7c522-78f8-442e-a55d-642cfe566634\n\nWe attempted to make an http request to this URL but the request failed without a response.\n\nWe received this error at the network level:\n\n  > Error: connect ECONNREFUSED 127.0.0.1:5173\n\nCommon situations why this would fail:\n  - you don't have internet access\n  - you forgot to run / boot your web server\n  - your web server isn't accessible\n  - you have weird network configuration settings on your computer\n    at <unknown> (http://localhost:30296/__cypress/runner/cypress_runner.js:131065:74)\n    at visitFailedByErr (http://localhost:30296/__cypress/runner/cypress_runner.js:130463:12)\n    at <unknown> (http://localhost:30296/__cypress/runner/cypress_runner.js:131064:11)\n    at tryCatcher (http://localhost:30296/__cypress/runner/cypress_runner.js:1807:23)\n    at Promise._settlePromiseFromHandler (http://localhost:30296/__cypress/runner/cypress_runner.js:1519:31)\n    at Promise._settlePromise (http://localhost:30296/__cypress/runner/cypress_runner.js:1576:18)\n    at Promise._settlePromise0 (http://localhost:30296/__cypress/runner/cypress_runner.js:1621:10)\n    at Promise._settlePromises (http://localhost:30296/__cypress/runner/cypress_runner.js:1697:18)\n    at _drainQueueStep (http://localhost:30296/__cypress/runner/cypress_runner.js:2407:12)\n    at _drainQueue (http://localhost:30296/__cypress/runner/cypress_runner.js:2400:9)\n    at Async._drainQueues (http://localhost:30296/__cypress/runner/cypress_runner.js:2416:5)\n    at Async.drainQueues (http://localhost:30296/__cypress/runner/cypress_runner.js:2286:14)\nFrom Your Spec Code:\n    at Context.eval (webpack://frontend/./cypress/e2e/frontend/view-product.cy.js:282:7)\n\nFrom Node.js Internals:\n  Error: connect ECONNREFUSED 127.0.0.1:5173\n      at TCPConnectWrap.afterConnect [as oncomplete] (node:net:1495:16)",
                "diff": null
              },
              "uuid": "e989ec5f-4cac-4dfc-ac11-8fa93e01a049",
              "parentUUID": "1cec4a9f-bc29-4cd6-ad3e-b67f927be58a",
              "isHook": false,
              "skipped": false
            },
            {
              "title": "require minimum bid amount",
              "fullTitle": "Page /products/:productId require minimum bid amount",
              "timedOut": null,
              "duration": 689,
              "state": "failed",
              "speed": null,
              "pass": false,
              "fail": true,
              "pending": false,
              "context": null,
              "code": "// Note : Vérifie que le formulaire d'offre est validable seulement quand l'offre est supérieur au prix de départ et à la plus haute offre\ncy.visit(`http://localhost:5173/products/${_tokens.casserolesId}`, {\n  onBeforeLoad: function (window) {\n    window.localStorage.setItem(\"token\", _tokens.bobToken);\n  }\n});\ncy.get(\"[data-test-bid-form-price]\").type(\"{selectAll}{del}\").type(100);\ncy.get(\"[data-test-submit-bid]\").should(\"have.attr\", \"disabled\");\ncy.get(\"[data-test-bid-form-price]\").type(\"{selectAll}{del}\").type(200);\ncy.get(\"[data-test-submit-bid]\").should(\"not.have.attr\", \"disabled\");",
              "err": {
                "message": "CypressError: `cy.visit()` failed trying to load:\n\nhttp://localhost:5173/products/a0f7c522-78f8-442e-a55d-642cfe566634\n\nWe attempted to make an http request to this URL but the request failed without a response.\n\nWe received this error at the network level:\n\n  > Error: connect ECONNREFUSED 127.0.0.1:5173\n\nCommon situations why this would fail:\n  - you don't have internet access\n  - you forgot to run / boot your web server\n  - your web server isn't accessible\n  - you have weird network configuration settings on your computer",
                "estack": "CypressError: `cy.visit()` failed trying to load:\n\nhttp://localhost:5173/products/a0f7c522-78f8-442e-a55d-642cfe566634\n\nWe attempted to make an http request to this URL but the request failed without a response.\n\nWe received this error at the network level:\n\n  > Error: connect ECONNREFUSED 127.0.0.1:5173\n\nCommon situations why this would fail:\n  - you don't have internet access\n  - you forgot to run / boot your web server\n  - your web server isn't accessible\n  - you have weird network configuration settings on your computer\n    at <unknown> (http://localhost:30296/__cypress/runner/cypress_runner.js:131065:74)\n    at visitFailedByErr (http://localhost:30296/__cypress/runner/cypress_runner.js:130463:12)\n    at <unknown> (http://localhost:30296/__cypress/runner/cypress_runner.js:131064:11)\n    at tryCatcher (http://localhost:30296/__cypress/runner/cypress_runner.js:1807:23)\n    at Promise._settlePromiseFromHandler (http://localhost:30296/__cypress/runner/cypress_runner.js:1519:31)\n    at Promise._settlePromise (http://localhost:30296/__cypress/runner/cypress_runner.js:1576:18)\n    at Promise._settlePromise0 (http://localhost:30296/__cypress/runner/cypress_runner.js:1621:10)\n    at Promise._settlePromises (http://localhost:30296/__cypress/runner/cypress_runner.js:1697:18)\n    at _drainQueueStep (http://localhost:30296/__cypress/runner/cypress_runner.js:2407:12)\n    at _drainQueue (http://localhost:30296/__cypress/runner/cypress_runner.js:2400:9)\n    at Async._drainQueues (http://localhost:30296/__cypress/runner/cypress_runner.js:2416:5)\n    at Async.drainQueues (http://localhost:30296/__cypress/runner/cypress_runner.js:2286:14)\nFrom Your Spec Code:\n    at Context.eval (webpack://frontend/./cypress/e2e/frontend/view-product.cy.js:302:7)\n\nFrom Node.js Internals:\n  Error: connect ECONNREFUSED 127.0.0.1:5173\n      at TCPConnectWrap.afterConnect [as oncomplete] (node:net:1495:16)",
                "diff": null
              },
              "uuid": "792d22e6-4e6a-4a39-999c-a114fcef2b2c",
              "parentUUID": "1cec4a9f-bc29-4cd6-ad3e-b67f927be58a",
              "isHook": false,
              "skipped": false
            },
            {
              "title": "preset minimum bid amount",
              "fullTitle": "Page /products/:productId preset minimum bid amount",
              "timedOut": null,
              "duration": 79,
              "state": "passed",
              "speed": "fast",
              "pass": true,
              "fail": false,
              "pending": false,
              "context": null,
              "code": "// Note : Vérifie que le formulaire d'offre vaut part défaut le prix de la plus haute offre + 1€\n(0, _orm.createProduct)(\"futur\", _tokens.aliceToken).then(({\n  product\n}) => {\n  (0, _orm.createBid)(product.id, product.originalPrice, _tokens.bobToken).then(({\n    bid\n  }) => {\n    cy.visit(`http://localhost:5173/products/${product.id}`, {\n      onBeforeLoad: function (window) {\n        window.localStorage.setItem(\"token\", _tokens.charlyToken);\n      }\n    });\n    cy.get(\"[data-test-bid-form-price]\").should(\"have.value\", bid.price + 1);\n  });\n});",
              "err": {},
              "uuid": "cc9aa3d2-6d39-4776-8562-d6b8607c9a7e",
              "parentUUID": "1cec4a9f-bc29-4cd6-ad3e-b67f927be58a",
              "isHook": false,
              "skipped": false
            },
            {
              "title": "add a bid",
              "fullTitle": "Page /products/:productId add a bid",
              "timedOut": null,
              "duration": 701,
              "state": "failed",
              "speed": null,
              "pass": false,
              "fail": true,
              "pending": false,
              "context": null,
              "code": "// Note : Vérifie que la soumission du formulaire d'offre ajoute bien une offre\ncy.visit(`http://localhost:5173/products/${_tokens.casserolesId}`, {\n  onBeforeLoad: function (window) {\n    window.localStorage.setItem(\"token\", _tokens.bobToken);\n  }\n});\ncy.get(\"[data-test-bid-form-price]\").type(\"{selectAll}{del}\").type(200);\n(0, _orm.getProduct)(_tokens.casserolesId).then(({\n  product: productBeforeBidAddition\n}) => {\n  cy.get(\"[data-test-submit-bid]\").click();\n  (0, _orm.getProduct)(_tokens.casserolesId).then(({\n    product: productAfterBidAddition\n  }) => {\n    expect(productAfterBidAddition.bids.length).greaterThan(productBeforeBidAddition.bids.length);\n    const lastBid = productAfterBidAddition.bids[productAfterBidAddition.bids.length - 1];\n    expect(lastBid.price).to.eq(200);\n  });\n});",
              "err": {
                "message": "CypressError: `cy.visit()` failed trying to load:\n\nhttp://localhost:5173/products/a0f7c522-78f8-442e-a55d-642cfe566634\n\nWe attempted to make an http request to this URL but the request failed without a response.\n\nWe received this error at the network level:\n\n  > Error: connect ECONNREFUSED 127.0.0.1:5173\n\nCommon situations why this would fail:\n  - you don't have internet access\n  - you forgot to run / boot your web server\n  - your web server isn't accessible\n  - you have weird network configuration settings on your computer",
                "estack": "CypressError: `cy.visit()` failed trying to load:\n\nhttp://localhost:5173/products/a0f7c522-78f8-442e-a55d-642cfe566634\n\nWe attempted to make an http request to this URL but the request failed without a response.\n\nWe received this error at the network level:\n\n  > Error: connect ECONNREFUSED 127.0.0.1:5173\n\nCommon situations why this would fail:\n  - you don't have internet access\n  - you forgot to run / boot your web server\n  - your web server isn't accessible\n  - you have weird network configuration settings on your computer\n    at <unknown> (http://localhost:30296/__cypress/runner/cypress_runner.js:131065:74)\n    at visitFailedByErr (http://localhost:30296/__cypress/runner/cypress_runner.js:130463:12)\n    at <unknown> (http://localhost:30296/__cypress/runner/cypress_runner.js:131064:11)\n    at tryCatcher (http://localhost:30296/__cypress/runner/cypress_runner.js:1807:23)\n    at Promise._settlePromiseFromHandler (http://localhost:30296/__cypress/runner/cypress_runner.js:1519:31)\n    at Promise._settlePromise (http://localhost:30296/__cypress/runner/cypress_runner.js:1576:18)\n    at Promise._settlePromise0 (http://localhost:30296/__cypress/runner/cypress_runner.js:1621:10)\n    at Promise._settlePromises (http://localhost:30296/__cypress/runner/cypress_runner.js:1697:18)\n    at _drainQueueStep (http://localhost:30296/__cypress/runner/cypress_runner.js:2407:12)\n    at _drainQueue (http://localhost:30296/__cypress/runner/cypress_runner.js:2400:9)\n    at Async._drainQueues (http://localhost:30296/__cypress/runner/cypress_runner.js:2416:5)\n    at Async.drainQueues (http://localhost:30296/__cypress/runner/cypress_runner.js:2286:14)\nFrom Your Spec Code:\n    at Context.eval (webpack://frontend/./cypress/e2e/frontend/view-product.cy.js:338:7)\n\nFrom Node.js Internals:\n  Error: connect ECONNREFUSED 127.0.0.1:5173\n      at TCPConnectWrap.afterConnect [as oncomplete] (node:net:1495:16)",
                "diff": null
              },
              "uuid": "112cd7eb-916f-49b4-a123-94d05326542d",
              "parentUUID": "1cec4a9f-bc29-4cd6-ad3e-b67f927be58a",
              "isHook": false,
              "skipped": false
            },
            {
              "title": "pending countdown",
              "fullTitle": "Page /products/:productId pending countdown",
              "timedOut": null,
              "duration": 103,
              "state": "passed",
              "speed": "fast",
              "pass": true,
              "fail": false,
              "pending": false,
              "context": null,
              "code": "// Note : Vérifie le décompte du compte à rebours, afficher au format 9j 23h 59m 59s\n(0, _orm.createProduct)(\"ten_days_later\").then(({\n  product\n}) => {\n  cy.visit(`http://localhost:5173/products/${product.id}`);\n  cy.get(\"[data-test-countdown]\").should(\"contain.text\", \"9j 23h 59min\");\n  cy.get(\"[data-test-countdown]\").then(el => {\n    const instantOne = el.text();\n    expect(instantOne).to.match(/\\ds$/);\n    // eslint-disable-next-line cypress/no-unnecessary-waiting\n    cy.wait(1000);\n    cy.get(\"[data-test-countdown]\").then(el => {\n      const instantTwo = el.text();\n      expect(instantOne).to.match(/\\ds$/);\n      // eslint-disable-next-line cypress/no-unnecessary-waiting\n      cy.wait(1000);\n      expect(instantTwo).not.eq(instantOne);\n      cy.get(\"[data-test-countdown]\").then(el => {\n        const instantThree = el.text();\n        expect(instantOne).to.match(/\\ds$/);\n        // eslint-disable-next-line cypress/no-unnecessary-waiting\n        cy.wait(1000);\n        expect(instantThree).not.eq(instantTwo);\n      });\n    });\n  });\n});",
              "err": {},
              "uuid": "53e8c610-011b-4605-b049-2c5080de91d9",
              "parentUUID": "1cec4a9f-bc29-4cd6-ad3e-b67f927be58a",
              "isHook": false,
              "skipped": false
            },
            {
              "title": "loading",
              "fullTitle": "Page /products/:productId loading",
              "timedOut": null,
              "duration": 683,
              "state": "failed",
              "speed": null,
              "pass": false,
              "fail": true,
              "pending": false,
              "context": null,
              "code": "// Note : Vérifie la présence d'un spinner au chargement\ncy.intercept(\"http://localhost:3000/api/products\", {\n  delay: 10000\n});\ncy.visit(`http://localhost:5173/products/${_tokens.casserolesId}`);\ncy.get(\"[data-test-loading]\").should(\"exist\");\ncy.get(\"[data-test-error]\").should(\"not.exist\");\ncy.get(\"[data-test-product]\").should(\"not.exist\");",
              "err": {
                "message": "CypressError: `cy.visit()` failed trying to load:\n\nhttp://localhost:5173/products/a0f7c522-78f8-442e-a55d-642cfe566634\n\nWe attempted to make an http request to this URL but the request failed without a response.\n\nWe received this error at the network level:\n\n  > Error: connect ECONNREFUSED 127.0.0.1:5173\n\nCommon situations why this would fail:\n  - you don't have internet access\n  - you forgot to run / boot your web server\n  - your web server isn't accessible\n  - you have weird network configuration settings on your computer",
                "estack": "CypressError: `cy.visit()` failed trying to load:\n\nhttp://localhost:5173/products/a0f7c522-78f8-442e-a55d-642cfe566634\n\nWe attempted to make an http request to this URL but the request failed without a response.\n\nWe received this error at the network level:\n\n  > Error: connect ECONNREFUSED 127.0.0.1:5173\n\nCommon situations why this would fail:\n  - you don't have internet access\n  - you forgot to run / boot your web server\n  - your web server isn't accessible\n  - you have weird network configuration settings on your computer\n    at <unknown> (http://localhost:30296/__cypress/runner/cypress_runner.js:131065:74)\n    at visitFailedByErr (http://localhost:30296/__cypress/runner/cypress_runner.js:130463:12)\n    at <unknown> (http://localhost:30296/__cypress/runner/cypress_runner.js:131064:11)\n    at tryCatcher (http://localhost:30296/__cypress/runner/cypress_runner.js:1807:23)\n    at Promise._settlePromiseFromHandler (http://localhost:30296/__cypress/runner/cypress_runner.js:1519:31)\n    at Promise._settlePromise (http://localhost:30296/__cypress/runner/cypress_runner.js:1576:18)\n    at Promise._settlePromise0 (http://localhost:30296/__cypress/runner/cypress_runner.js:1621:10)\n    at Promise._settlePromises (http://localhost:30296/__cypress/runner/cypress_runner.js:1697:18)\n    at _drainQueueStep (http://localhost:30296/__cypress/runner/cypress_runner.js:2407:12)\n    at _drainQueue (http://localhost:30296/__cypress/runner/cypress_runner.js:2400:9)\n    at Async._drainQueues (http://localhost:30296/__cypress/runner/cypress_runner.js:2416:5)\n    at Async.drainQueues (http://localhost:30296/__cypress/runner/cypress_runner.js:2286:14)\nFrom Your Spec Code:\n    at Context.eval (webpack://frontend/./cypress/e2e/frontend/view-product.cy.js:405:7)\n\nFrom Node.js Internals:\n  Error: connect ECONNREFUSED 127.0.0.1:5173\n      at TCPConnectWrap.afterConnect [as oncomplete] (node:net:1495:16)",
                "diff": null
              },
              "uuid": "13a39f03-6507-4a06-bdfe-7b875a10478e",
              "parentUUID": "1cec4a9f-bc29-4cd6-ad3e-b67f927be58a",
              "isHook": false,
              "skipped": false
            },
            {
              "title": "error message",
              "fullTitle": "Page /products/:productId error message",
              "timedOut": null,
              "duration": 709,
              "state": "failed",
              "speed": null,
              "pass": false,
              "fail": true,
              "pending": false,
              "context": null,
              "code": "// Note : Vérifie la présence d'une erreur en cas d'échec de chargement\ncy.intercept(`http://localhost:3000/api/products/${_tokens.casserolesId}`, {\n  status: 500,\n  response: {}\n});\ncy.visit(`http://localhost:5173/products/${_tokens.casserolesId}`);\ncy.get(\"[data-test-loading]\").should(\"not.exist\");\ncy.get(\"[data-test-error]\").should(\"exist\");\ncy.get(\"[data-test-product]\").should(\"not.exist\");",
              "err": {
                "message": "CypressError: `cy.visit()` failed trying to load:\n\nhttp://localhost:5173/products/a0f7c522-78f8-442e-a55d-642cfe566634\n\nWe attempted to make an http request to this URL but the request failed without a response.\n\nWe received this error at the network level:\n\n  > Error: connect ECONNREFUSED 127.0.0.1:5173\n\nCommon situations why this would fail:\n  - you don't have internet access\n  - you forgot to run / boot your web server\n  - your web server isn't accessible\n  - you have weird network configuration settings on your computer",
                "estack": "CypressError: `cy.visit()` failed trying to load:\n\nhttp://localhost:5173/products/a0f7c522-78f8-442e-a55d-642cfe566634\n\nWe attempted to make an http request to this URL but the request failed without a response.\n\nWe received this error at the network level:\n\n  > Error: connect ECONNREFUSED 127.0.0.1:5173\n\nCommon situations why this would fail:\n  - you don't have internet access\n  - you forgot to run / boot your web server\n  - your web server isn't accessible\n  - you have weird network configuration settings on your computer\n    at <unknown> (http://localhost:30296/__cypress/runner/cypress_runner.js:131065:74)\n    at visitFailedByErr (http://localhost:30296/__cypress/runner/cypress_runner.js:130463:12)\n    at <unknown> (http://localhost:30296/__cypress/runner/cypress_runner.js:131064:11)\n    at tryCatcher (http://localhost:30296/__cypress/runner/cypress_runner.js:1807:23)\n    at Promise._settlePromiseFromHandler (http://localhost:30296/__cypress/runner/cypress_runner.js:1519:31)\n    at Promise._settlePromise (http://localhost:30296/__cypress/runner/cypress_runner.js:1576:18)\n    at Promise._settlePromise0 (http://localhost:30296/__cypress/runner/cypress_runner.js:1621:10)\n    at Promise._settlePromises (http://localhost:30296/__cypress/runner/cypress_runner.js:1697:18)\n    at _drainQueueStep (http://localhost:30296/__cypress/runner/cypress_runner.js:2407:12)\n    at _drainQueue (http://localhost:30296/__cypress/runner/cypress_runner.js:2400:9)\n    at Async._drainQueues (http://localhost:30296/__cypress/runner/cypress_runner.js:2416:5)\n    at Async.drainQueues (http://localhost:30296/__cypress/runner/cypress_runner.js:2286:14)\nFrom Your Spec Code:\n    at Context.eval (webpack://frontend/./cypress/e2e/frontend/view-product.cy.js:420:7)\n\nFrom Node.js Internals:\n  Error: connect ECONNREFUSED 127.0.0.1:5173\n      at TCPConnectWrap.afterConnect [as oncomplete] (node:net:1495:16)",
                "diff": null
              },
              "uuid": "a6697b34-eff9-495a-a953-136deab27fac",
              "parentUUID": "1cec4a9f-bc29-4cd6-ad3e-b67f927be58a",
              "isHook": false,
              "skipped": false
            },
            {
              "title": "ready",
              "fullTitle": "Page /products/:productId ready",
              "timedOut": null,
              "duration": 686,
              "state": "failed",
              "speed": null,
              "pass": false,
              "fail": true,
              "pending": false,
              "context": null,
              "code": "// Note : Vérifie la présence du contenu quand tout s'est bien chargé\ncy.intercept(`http://localhost:3000/api/products/${_tokens.casserolesId}`);\ncy.visit(`http://localhost:5173/products/${_tokens.casserolesId}`);\ncy.get(\"[data-test-loading]\").should(\"not.exist\");\ncy.get(\"[data-test-error]\").should(\"not.exist\");\ncy.get(\"[data-test-product]\").should(\"exist\");",
              "err": {
                "message": "CypressError: `cy.visit()` failed trying to load:\n\nhttp://localhost:5173/products/a0f7c522-78f8-442e-a55d-642cfe566634\n\nWe attempted to make an http request to this URL but the request failed without a response.\n\nWe received this error at the network level:\n\n  > Error: connect ECONNREFUSED 127.0.0.1:5173\n\nCommon situations why this would fail:\n  - you don't have internet access\n  - you forgot to run / boot your web server\n  - your web server isn't accessible\n  - you have weird network configuration settings on your computer",
                "estack": "CypressError: `cy.visit()` failed trying to load:\n\nhttp://localhost:5173/products/a0f7c522-78f8-442e-a55d-642cfe566634\n\nWe attempted to make an http request to this URL but the request failed without a response.\n\nWe received this error at the network level:\n\n  > Error: connect ECONNREFUSED 127.0.0.1:5173\n\nCommon situations why this would fail:\n  - you don't have internet access\n  - you forgot to run / boot your web server\n  - your web server isn't accessible\n  - you have weird network configuration settings on your computer\n    at <unknown> (http://localhost:30296/__cypress/runner/cypress_runner.js:131065:74)\n    at visitFailedByErr (http://localhost:30296/__cypress/runner/cypress_runner.js:130463:12)\n    at <unknown> (http://localhost:30296/__cypress/runner/cypress_runner.js:131064:11)\n    at tryCatcher (http://localhost:30296/__cypress/runner/cypress_runner.js:1807:23)\n    at Promise._settlePromiseFromHandler (http://localhost:30296/__cypress/runner/cypress_runner.js:1519:31)\n    at Promise._settlePromise (http://localhost:30296/__cypress/runner/cypress_runner.js:1576:18)\n    at Promise._settlePromise0 (http://localhost:30296/__cypress/runner/cypress_runner.js:1621:10)\n    at Promise._settlePromises (http://localhost:30296/__cypress/runner/cypress_runner.js:1697:18)\n    at _drainQueueStep (http://localhost:30296/__cypress/runner/cypress_runner.js:2407:12)\n    at _drainQueue (http://localhost:30296/__cypress/runner/cypress_runner.js:2400:9)\n    at Async._drainQueues (http://localhost:30296/__cypress/runner/cypress_runner.js:2416:5)\n    at Async.drainQueues (http://localhost:30296/__cypress/runner/cypress_runner.js:2286:14)\nFrom Your Spec Code:\n    at Context.eval (webpack://frontend/./cypress/e2e/frontend/view-product.cy.js:432:7)\n\nFrom Node.js Internals:\n  Error: connect ECONNREFUSED 127.0.0.1:5173\n      at TCPConnectWrap.afterConnect [as oncomplete] (node:net:1495:16)",
                "diff": null
              },
              "uuid": "c4ef46f0-1e24-4f20-b396-c89d812bb938",
              "parentUUID": "1cec4a9f-bc29-4cd6-ad3e-b67f927be58a",
              "isHook": false,
              "skipped": false
            }
          ],
          "suites": [],
          "passes": [
            "2755820a-97de-4801-beb3-3cf319efb035",
            "d9272b53-ba34-47b9-af30-13ba8eac3314",
            "424a5c23-8ce1-4635-a021-badeb849c3b9",
            "d52f61d8-6f82-43a7-a5e0-05bb31212f27",
            "071e2713-8192-46c9-842f-04b5367dfad8",
            "cc9aa3d2-6d39-4776-8562-d6b8607c9a7e",
            "53e8c610-011b-4605-b049-2c5080de91d9"
          ],
          "failures": [
            "66080c3b-56f3-47b6-bb26-b1605ae636fa",
            "0a76427a-9507-4ba1-b32b-abdcbc588306",
            "f8e67aa3-6f35-4da8-9232-c458ccd06d7f",
            "04970078-fc25-4c73-96bd-5200e439b7a8",
            "a9bed3a3-fed6-4fc6-8f9e-0faf29a8cee5",
            "236563f0-ae1c-43e3-956a-848f9f516116",
            "85840b0d-4dd9-42c2-9906-96feefa99a3c",
            "002c51cd-fd56-4e3c-921c-370689e90073",
            "e989ec5f-4cac-4dfc-ac11-8fa93e01a049",
            "792d22e6-4e6a-4a39-999c-a114fcef2b2c",
            "112cd7eb-916f-49b4-a123-94d05326542d",
            "13a39f03-6507-4a06-bdfe-7b875a10478e",
            "a6697b34-eff9-495a-a953-136deab27fac",
            "c4ef46f0-1e24-4f20-b396-c89d812bb938"
          ],
          "pending": [],
          "skipped": [],
          "duration": 10296,
          "root": false,
          "rootEmpty": false,
          "_timeout": 2000
        }
      ],
      "passes": [],
      "failures": [],
      "pending": [],
      "skipped": [],
      "duration": 0,
      "root": true,
      "rootEmpty": true,
      "_timeout": 2000
    }
  ],
  "meta": {
    "mocha": {
      "version": "7.0.1"
    },
    "mochawesome": {
      "options": {
        "quiet": false,
        "reportFilename": "mochawesome",
        "saveHtml": false,
        "saveJson": true,
        "consoleReporter": "spec",
        "useInlineDiffs": false,
        "code": true
      },
      "version": "7.1.3"
    },
    "marge": {
      "options": {
        "reportDir": "cypress/results",
        "overwrite": false,
        "html": false,
        "json": true
      },
      "version": "6.2.0"
    }
  }
}