{
  "stats": {
    "suites": 1,
    "tests": 3,
    "passes": 0,
    "pending": 0,
    "failures": 3,
    "start": "2024-03-27T23:07:51.007Z",
    "end": "2024-03-27T23:07:53.186Z",
    "duration": 2179,
    "testsRegistered": 3,
    "passPercent": 0,
    "pendingPercent": 0,
    "other": 0,
    "hasOther": false,
    "skipped": 0,
    "hasSkipped": false
  },
  "results": [
    {
      "uuid": "f5c98d69-0528-448b-8c3e-838748bce297",
      "title": "",
      "fullFile": "cypress\\e2e\\frontend\\add-product.cy.js",
      "file": "cypress\\e2e\\frontend\\add-product.cy.js",
      "beforeHooks": [],
      "afterHooks": [],
      "tests": [],
      "suites": [
        {
          "uuid": "98e69d02-d659-4302-b432-bdc998cd897a",
          "title": "Page /products/add",
          "fullFile": "",
          "file": "",
          "beforeHooks": [],
          "afterHooks": [],
          "tests": [
            {
              "title": "post product",
              "fullTitle": "Page /products/add post product",
              "timedOut": null,
              "duration": 747,
              "state": "failed",
              "speed": null,
              "pass": false,
              "fail": true,
              "pending": false,
              "context": null,
              "code": "// Note : Test le scénario d'un ajout de produit réussi\ncy.visit(url, {\n  onBeforeLoad: function (window) {\n    window.localStorage.setItem(\"token\", _tokens.aliceToken);\n  }\n});\n(0, _orm.createProduct)().then(({\n  originalProduct,\n  product\n}) => {\n  cy.get(\"[data-test-product-name]\").type(product.name);\n  cy.get(\"[data-test-product-description]\").type(product.description);\n  cy.get(\"[data-test-product-category]\").type(product.category);\n  cy.get(\"[data-test-product-price]\").type(product.originalPrice);\n  cy.get(\"[data-test-product-picture]\").type(\"{selectAll}{del}\");\n  cy.get(\"[data-test-product-picture]\").type(product.pictureUrl);\n  cy.get(\"[data-test-product-end-date]\").type((0, _automate.prepareDateToType)(originalProduct.endDate));\n  cy.intercept(\"POST\", \"http://localhost:3000/api/products\").as(\"postProduct\");\n  cy.get(\"[data-test-submit]\").click();\n  cy.wait(\"@postProduct\").then(interception => {\n    expect(interception.response.statusCode).to.eq(201);\n    const id = interception.response.body.id;\n    cy.url().should(\"contain\", `/products/${id}`);\n  });\n});",
              "err": {
                "message": "CypressError: `cy.visit()` failed trying to load:\n\nhttp://localhost:5173/products/add\n\nWe attempted to make an http request to this URL but the request failed without a response.\n\nWe received this error at the network level:\n\n  > Error: connect ECONNREFUSED 127.0.0.1:5173\n\nCommon situations why this would fail:\n  - you don't have internet access\n  - you forgot to run / boot your web server\n  - your web server isn't accessible\n  - you have weird network configuration settings on your computer",
                "estack": "CypressError: `cy.visit()` failed trying to load:\n\nhttp://localhost:5173/products/add\n\nWe attempted to make an http request to this URL but the request failed without a response.\n\nWe received this error at the network level:\n\n  > Error: connect ECONNREFUSED 127.0.0.1:5173\n\nCommon situations why this would fail:\n  - you don't have internet access\n  - you forgot to run / boot your web server\n  - your web server isn't accessible\n  - you have weird network configuration settings on your computer\n    at <unknown> (http://localhost:30296/__cypress/runner/cypress_runner.js:131065:74)\n    at visitFailedByErr (http://localhost:30296/__cypress/runner/cypress_runner.js:130463:12)\n    at <unknown> (http://localhost:30296/__cypress/runner/cypress_runner.js:131064:11)\n    at tryCatcher (http://localhost:30296/__cypress/runner/cypress_runner.js:1807:23)\n    at Promise._settlePromiseFromHandler (http://localhost:30296/__cypress/runner/cypress_runner.js:1519:31)\n    at Promise._settlePromise (http://localhost:30296/__cypress/runner/cypress_runner.js:1576:18)\n    at Promise._settlePromise0 (http://localhost:30296/__cypress/runner/cypress_runner.js:1621:10)\n    at Promise._settlePromises (http://localhost:30296/__cypress/runner/cypress_runner.js:1697:18)\n    at _drainQueueStep (http://localhost:30296/__cypress/runner/cypress_runner.js:2407:12)\n    at _drainQueue (http://localhost:30296/__cypress/runner/cypress_runner.js:2400:9)\n    at Async._drainQueues (http://localhost:30296/__cypress/runner/cypress_runner.js:2416:5)\n    at Async.drainQueues (http://localhost:30296/__cypress/runner/cypress_runner.js:2286:14)\nFrom Your Spec Code:\n    at Context.eval (webpack://frontend/./cypress/e2e/frontend/add-product.cy.js:15:7)\n\nFrom Node.js Internals:\n  Error: connect ECONNREFUSED 127.0.0.1:5173\n      at TCPConnectWrap.afterConnect [as oncomplete] (node:net:1495:16)",
                "diff": null
              },
              "uuid": "4de84af3-6177-4498-9d9b-cc6fab0b8a4c",
              "parentUUID": "98e69d02-d659-4302-b432-bdc998cd897a",
              "isHook": false,
              "skipped": false
            },
            {
              "title": "display spinner",
              "fullTitle": "Page /products/add display spinner",
              "timedOut": null,
              "duration": 664,
              "state": "failed",
              "speed": null,
              "pass": false,
              "fail": true,
              "pending": false,
              "context": null,
              "code": "// Note : Test la présence d'un spinner lors de l'envoi de la requête\ncy.visit(url, {\n  onBeforeLoad: function (window) {\n    window.localStorage.setItem(\"token\", _tokens.aliceToken);\n  }\n});\n(0, _orm.createProduct)().then(({\n  originalProduct,\n  product\n}) => {\n  cy.get(\"[data-test-product-name]\").type(product.name);\n  cy.get(\"[data-test-product-description]\").type(product.description);\n  cy.get(\"[data-test-product-category]\").type(product.category);\n  cy.get(\"[data-test-product-price]\").type(product.originalPrice);\n  cy.get(\"[data-test-product-picture]\").type(\"{selectAll}{del}\");\n  cy.get(\"[data-test-product-picture]\").type(product.pictureUrl);\n  cy.get(\"[data-test-product-end-date]\").type((0, _automate.prepareDateToType)(originalProduct.endDate));\n  cy.intercept(\"POST\", \"http://localhost:3000/api/products\", {\n    delay: 2000\n  }).as(\"postProduct\");\n  cy.get(\"[data-test-submit]\").click();\n  cy.get(\"[data-test-submit]\").should(\"have.attr\", \"disabled\");\n  cy.get(\"[data-test-spinner]\").should(\"exist\");\n});",
              "err": {
                "message": "CypressError: `cy.visit()` failed trying to load:\n\nhttp://localhost:5173/products/add\n\nWe attempted to make an http request to this URL but the request failed without a response.\n\nWe received this error at the network level:\n\n  > Error: connect ECONNREFUSED 127.0.0.1:5173\n\nCommon situations why this would fail:\n  - you don't have internet access\n  - you forgot to run / boot your web server\n  - your web server isn't accessible\n  - you have weird network configuration settings on your computer",
                "estack": "CypressError: `cy.visit()` failed trying to load:\n\nhttp://localhost:5173/products/add\n\nWe attempted to make an http request to this URL but the request failed without a response.\n\nWe received this error at the network level:\n\n  > Error: connect ECONNREFUSED 127.0.0.1:5173\n\nCommon situations why this would fail:\n  - you don't have internet access\n  - you forgot to run / boot your web server\n  - your web server isn't accessible\n  - you have weird network configuration settings on your computer\n    at <unknown> (http://localhost:30296/__cypress/runner/cypress_runner.js:131065:74)\n    at visitFailedByErr (http://localhost:30296/__cypress/runner/cypress_runner.js:130463:12)\n    at <unknown> (http://localhost:30296/__cypress/runner/cypress_runner.js:131064:11)\n    at tryCatcher (http://localhost:30296/__cypress/runner/cypress_runner.js:1807:23)\n    at Promise._settlePromiseFromHandler (http://localhost:30296/__cypress/runner/cypress_runner.js:1519:31)\n    at Promise._settlePromise (http://localhost:30296/__cypress/runner/cypress_runner.js:1576:18)\n    at Promise._settlePromise0 (http://localhost:30296/__cypress/runner/cypress_runner.js:1621:10)\n    at Promise._settlePromises (http://localhost:30296/__cypress/runner/cypress_runner.js:1697:18)\n    at _drainQueueStep (http://localhost:30296/__cypress/runner/cypress_runner.js:2407:12)\n    at _drainQueue (http://localhost:30296/__cypress/runner/cypress_runner.js:2400:9)\n    at Async._drainQueues (http://localhost:30296/__cypress/runner/cypress_runner.js:2416:5)\n    at Async.drainQueues (http://localhost:30296/__cypress/runner/cypress_runner.js:2286:14)\nFrom Your Spec Code:\n    at Context.eval (webpack://frontend/./cypress/e2e/frontend/add-product.cy.js:51:7)\n\nFrom Node.js Internals:\n  Error: connect ECONNREFUSED 127.0.0.1:5173\n      at TCPConnectWrap.afterConnect [as oncomplete] (node:net:1495:16)",
                "diff": null
              },
              "uuid": "1a952d9d-69c4-490e-b845-c0687f603f98",
              "parentUUID": "98e69d02-d659-4302-b432-bdc998cd897a",
              "isHook": false,
              "skipped": false
            },
            {
              "title": "display error",
              "fullTitle": "Page /products/add display error",
              "timedOut": null,
              "duration": 679,
              "state": "failed",
              "speed": null,
              "pass": false,
              "fail": true,
              "pending": false,
              "context": null,
              "code": "// Note : Test le scénario d'un ajout de produit avec un échec\ncy.visit(url, {\n  onBeforeLoad: function (window) {\n    window.localStorage.setItem(\"token\", _tokens.aliceToken);\n  }\n});\ncy.get(\"[data-test-error]\").should(\"not.exist\");\n(0, _orm.createProduct)().then(({\n  originalProduct,\n  product\n}) => {\n  cy.get(\"[data-test-product-name]\").type(product.name);\n  cy.get(\"[data-test-product-description]\").type(product.description);\n  cy.get(\"[data-test-product-category]\").type(product.category);\n  cy.get(\"[data-test-product-price]\").type(product.originalPrice);\n  cy.get(\"[data-test-product-picture]\").type(\"{selectAll}{del}\");\n  cy.get(\"[data-test-product-picture]\").type(product.pictureUrl);\n  cy.get(\"[data-test-product-end-date]\").type((0, _automate.prepareDateToType)(originalProduct.endDate));\n  cy.intercept(\"POST\", \"http://localhost:3000/api/products\", {\n    statusCode: 500\n  }).as(\"postProduct\");\n  cy.get(\"[data-test-submit]\").click();\n  cy.get(\"[data-test-error]\").should(\"exist\");\n});",
              "err": {
                "message": "CypressError: `cy.visit()` failed trying to load:\n\nhttp://localhost:5173/products/add\n\nWe attempted to make an http request to this URL but the request failed without a response.\n\nWe received this error at the network level:\n\n  > Error: connect ECONNREFUSED 127.0.0.1:5173\n\nCommon situations why this would fail:\n  - you don't have internet access\n  - you forgot to run / boot your web server\n  - your web server isn't accessible\n  - you have weird network configuration settings on your computer",
                "estack": "CypressError: `cy.visit()` failed trying to load:\n\nhttp://localhost:5173/products/add\n\nWe attempted to make an http request to this URL but the request failed without a response.\n\nWe received this error at the network level:\n\n  > Error: connect ECONNREFUSED 127.0.0.1:5173\n\nCommon situations why this would fail:\n  - you don't have internet access\n  - you forgot to run / boot your web server\n  - your web server isn't accessible\n  - you have weird network configuration settings on your computer\n    at <unknown> (http://localhost:30296/__cypress/runner/cypress_runner.js:131065:74)\n    at visitFailedByErr (http://localhost:30296/__cypress/runner/cypress_runner.js:130463:12)\n    at <unknown> (http://localhost:30296/__cypress/runner/cypress_runner.js:131064:11)\n    at tryCatcher (http://localhost:30296/__cypress/runner/cypress_runner.js:1807:23)\n    at Promise._settlePromiseFromHandler (http://localhost:30296/__cypress/runner/cypress_runner.js:1519:31)\n    at Promise._settlePromise (http://localhost:30296/__cypress/runner/cypress_runner.js:1576:18)\n    at Promise._settlePromise0 (http://localhost:30296/__cypress/runner/cypress_runner.js:1621:10)\n    at Promise._settlePromises (http://localhost:30296/__cypress/runner/cypress_runner.js:1697:18)\n    at _drainQueueStep (http://localhost:30296/__cypress/runner/cypress_runner.js:2407:12)\n    at _drainQueue (http://localhost:30296/__cypress/runner/cypress_runner.js:2400:9)\n    at Async._drainQueues (http://localhost:30296/__cypress/runner/cypress_runner.js:2416:5)\n    at Async.drainQueues (http://localhost:30296/__cypress/runner/cypress_runner.js:2286:14)\nFrom Your Spec Code:\n    at Context.eval (webpack://frontend/./cypress/e2e/frontend/add-product.cy.js:80:7)\n\nFrom Node.js Internals:\n  Error: connect ECONNREFUSED 127.0.0.1:5173\n      at TCPConnectWrap.afterConnect [as oncomplete] (node:net:1495:16)",
                "diff": null
              },
              "uuid": "89f711bc-c8a9-4214-970a-400b234aca48",
              "parentUUID": "98e69d02-d659-4302-b432-bdc998cd897a",
              "isHook": false,
              "skipped": false
            }
          ],
          "suites": [],
          "passes": [],
          "failures": [
            "4de84af3-6177-4498-9d9b-cc6fab0b8a4c",
            "1a952d9d-69c4-490e-b845-c0687f603f98",
            "89f711bc-c8a9-4214-970a-400b234aca48"
          ],
          "pending": [],
          "skipped": [],
          "duration": 2090,
          "root": false,
          "rootEmpty": false,
          "_timeout": 2000
        }
      ],
      "passes": [],
      "failures": [],
      "pending": [],
      "skipped": [],
      "duration": 0,
      "root": true,
      "rootEmpty": true,
      "_timeout": 2000
    }
  ],
  "meta": {
    "mocha": {
      "version": "7.0.1"
    },
    "mochawesome": {
      "options": {
        "quiet": false,
        "reportFilename": "mochawesome",
        "saveHtml": false,
        "saveJson": true,
        "consoleReporter": "spec",
        "useInlineDiffs": false,
        "code": true
      },
      "version": "7.1.3"
    },
    "marge": {
      "options": {
        "reportDir": "cypress/results",
        "overwrite": false,
        "html": false,
        "json": true
      },
      "version": "6.2.0"
    }
  }
}