{
  "stats": {
    "suites": 1,
    "tests": 9,
    "passes": 1,
    "pending": 0,
    "failures": 8,
    "start": "2024-03-28T00:03:36.974Z",
    "end": "2024-03-28T00:03:42.275Z",
    "duration": 5301,
    "testsRegistered": 9,
    "passPercent": 11.11111111111111,
    "pendingPercent": 0,
    "other": 0,
    "hasOther": false,
    "skipped": 0,
    "hasSkipped": false
  },
  "results": [
    {
      "uuid": "831007cb-146d-474b-87df-3f852f039914",
      "title": "",
      "fullFile": "cypress\\e2e\\frontend\\home.cy.js",
      "file": "cypress\\e2e\\frontend\\home.cy.js",
      "beforeHooks": [],
      "afterHooks": [],
      "tests": [],
      "suites": [
        {
          "uuid": "7a9b6233-d26a-4316-b644-640d13aa1a68",
          "title": "Page /",
          "fullFile": "",
          "file": "",
          "beforeHooks": [],
          "afterHooks": [],
          "tests": [
            {
              "title": "fetch products",
              "fullTitle": "Page / fetch products",
              "timedOut": null,
              "duration": 712,
              "state": "failed",
              "speed": null,
              "pass": false,
              "fail": true,
              "pending": false,
              "context": null,
              "code": "// Note : Test le scénario de récupération et d'affichage de tous les produits\ncy.visit(url);\ncy.get(\"[data-test-product]\").should(\"have.length\", 17);",
              "err": {
                "message": "CypressError: `cy.visit()` failed trying to load:\n\nhttp://localhost:5173/\n\nWe attempted to make an http request to this URL but the request failed without a response.\n\nWe received this error at the network level:\n\n  > Error: connect ECONNREFUSED 127.0.0.1:5173\n\nCommon situations why this would fail:\n  - you don't have internet access\n  - you forgot to run / boot your web server\n  - your web server isn't accessible\n  - you have weird network configuration settings on your computer",
                "estack": "CypressError: `cy.visit()` failed trying to load:\n\nhttp://localhost:5173/\n\nWe attempted to make an http request to this URL but the request failed without a response.\n\nWe received this error at the network level:\n\n  > Error: connect ECONNREFUSED 127.0.0.1:5173\n\nCommon situations why this would fail:\n  - you don't have internet access\n  - you forgot to run / boot your web server\n  - your web server isn't accessible\n  - you have weird network configuration settings on your computer\n    at <unknown> (http://localhost:31985/__cypress/runner/cypress_runner.js:131065:74)\n    at visitFailedByErr (http://localhost:31985/__cypress/runner/cypress_runner.js:130463:12)\n    at <unknown> (http://localhost:31985/__cypress/runner/cypress_runner.js:131064:11)\n    at tryCatcher (http://localhost:31985/__cypress/runner/cypress_runner.js:1807:23)\n    at Promise._settlePromiseFromHandler (http://localhost:31985/__cypress/runner/cypress_runner.js:1519:31)\n    at Promise._settlePromise (http://localhost:31985/__cypress/runner/cypress_runner.js:1576:18)\n    at Promise._settlePromise0 (http://localhost:31985/__cypress/runner/cypress_runner.js:1621:10)\n    at Promise._settlePromises (http://localhost:31985/__cypress/runner/cypress_runner.js:1697:18)\n    at _drainQueueStep (http://localhost:31985/__cypress/runner/cypress_runner.js:2407:12)\n    at _drainQueue (http://localhost:31985/__cypress/runner/cypress_runner.js:2400:9)\n    at Async._drainQueues (http://localhost:31985/__cypress/runner/cypress_runner.js:2416:5)\n    at Async.drainQueues (http://localhost:31985/__cypress/runner/cypress_runner.js:2286:14)\nFrom Your Spec Code:\n    at Context.eval (webpack://frontend/./cypress/e2e/frontend/home.cy.js:14:7)\n\nFrom Node.js Internals:\n  Error: connect ECONNREFUSED 127.0.0.1:5173\n      at TCPConnectWrap.afterConnect [as oncomplete] (node:net:1495:16)",
                "diff": null
              },
              "uuid": "fa0a7e7c-8c98-4ccc-9bdc-7d60fa9031ae",
              "parentUUID": "7a9b6233-d26a-4316-b644-640d13aa1a68",
              "isHook": false,
              "skipped": false
            },
            {
              "title": "display product with past end date and last bid price",
              "fullTitle": "Page / display product with past end date and last bid price",
              "timedOut": null,
              "duration": 106,
              "state": "passed",
              "speed": "fast",
              "pass": true,
              "fail": false,
              "pending": false,
              "context": null,
              "code": "// Note : Vérifie que tous les éléments d'un produit sont bien affichés\n// Note : Si la date de fin est passée, afficher \"Terminé\"\n// Note : Si une offre existe pour le produit, afficher \"Prix actuel : <montant de l'offre>\"\n(0, _orm.createProduct)(\"past\").then(({\n  product\n}) => {\n  (0, _orm.createBid)(product.id, product.originalPrice, _tokens.bobToken).then(({\n    bid\n  }) => {\n    cy.visit(url);\n    cy.get(\"[data-test-product]\").should(\"have.length\", 18);\n    cy.get(`[data-test-product-name]:contains(\"${name}\")`).should(\"exist\").first().closest(\"[data-test-product]\").then(el => {\n      cy.wrap(el).find(\"[data-test-product-name]\").invoke(\"attr\", \"href\").should(\"include\", product.id);\n      cy.wrap(el).find(\"[data-test-product-description]\").should(\"have.text\", product.description);\n      cy.wrap(el).find(\"[data-test-product-seller]\").should(\"have.text\", \"alice\").invoke(\"attr\", \"href\").should(\"include\", _tokens.aliceId);\n      cy.wrap(el).find(\"[data-test-product-date]\").should(\"contain.text\", \"Terminé\");\n      cy.wrap(el).find(\"[data-test-product-price]\").should(\"contain.text\", \"Prix actuel\").should(\"contain.text\", \" \" + bid.price + \" €\");\n    });\n  }).catch(() => {\n    expect.fail(\"Bid creation fail\");\n  });\n});",
              "err": {},
              "uuid": "e1d376dd-03ea-456f-abd5-1187f5051715",
              "parentUUID": "7a9b6233-d26a-4316-b644-640d13aa1a68",
              "isHook": false,
              "skipped": false
            },
            {
              "title": "display product with futur end date and original price (cause there not yet any bid)",
              "fullTitle": "Page / display product with futur end date and original price (cause there not yet any bid)",
              "timedOut": null,
              "duration": 184,
              "state": "failed",
              "speed": null,
              "pass": false,
              "fail": true,
              "pending": false,
              "context": null,
              "code": "// Note : Vérifie que tous les éléments d'un produit sont bien affichés\n// Note : Si la date de fin n'est pas passée, afficher \"En cours jusqu'au <date de fin>\"\n// Note : Si aucune une offre n'existe pour le produit, afficher \"Prix de départ : <prix de départ>\"\n(0, _orm.createProduct)().then(({\n  product\n}) => {\n  cy.visit(url);\n  cy.get(\"[data-test-product]\").should(\"have.length\", 18);\n  cy.get(`[data-test-product-name]:contains(\"${name}\")`).should(\"exist\").first().closest(\"[data-test-product]\").then(el => {\n    cy.wrap(el).find(\"[data-test-product-description]\").should(\"have.text\", product.description);\n    cy.wrap(el).find(\"[data-test-product-seller]\").should(\"have.text\", \"alice\").invoke(\"attr\", \"href\").should(\"include\", _tokens.aliceId);\n    cy.wrap(el).find(\"[data-test-product-date]\").should(\"contain.text\", \"En cours jusqu'au\");\n    cy.wrap(el).find(\"[data-test-product-price]\").should(\"contain.text\", \"Prix de départ\").should(\"contain.text\", \" \" + product.originalPrice + \" €\");\n  });\n});",
              "err": {
                "message": "CypressError: `cy.request()` failed on:\n\nhttp://localhost:3000/api/products\n\nThe response we received from your web server was:\n\n  > 400: Bad Request\n\nThis was considered a failure because the status code was not `2xx` or `3xx`.\n\nIf you do not want status codes to cause failures pass the option: `failOnStatusCode: false`\n\n-----------------------------------------------------------\n\nThe request we sent was:\n\nMethod: POST\nURL: http://localhost:3000/api/products\nHeaders: {\n  \"Connection\": \"keep-alive\",\n  \"Authorization\": \"Bearer eyJhbGciOiJIUzI1NiIsInR5cCI6IkpXVCJ9.eyJpZCI6IjFmMmZhZGIxLTBkN2UtNDdhNy05ZDViLWVkMDMxZDY2NWQzZSIsInVzZXJuYW1lIjoiYWxpY2UiLCJlbWFpbCI6ImFsaWNlQGV4YW1wbGUuY29tIiwiYWRtaW4iOmZhbHNlLCJpYXQiOjE2Nzk2MTMwMzh9.KcT42jbNXfNR-0I-bTc_qNdAuCid640tXpkzUtDCoao\",\n  \"user-agent\": \"Mozilla/5.0 (Windows NT 10.0; Win64; x64) AppleWebKit/537.36 (KHTML, like Gecko) HeadlessChrome/123.0.0.0 Safari/537.36\",\n  \"accept\": \"*/*\",\n  \"accept-encoding\": \"gzip, deflate\",\n  \"content-type\": \"application/json\",\n  \"content-length\": 234\n}\nBody: {\"name\":\"Aa Dagna labore elit\",\"description\":\"Apsum ut lorem incididunt ut consectetur sit consectetur sed sit\",\"category\":\"do\",\"originalPrice\":1,\"pictureUrl\":\"https://picsum.photos/id/38/512/512\",\"endDate\":\"2024-04-05T00:03:37.954Z\"}\n\n-----------------------------------------------------------\n\nThe response we got was:\n\nStatus: 400 - Bad Request\nHeaders: {\n  \"x-powered-by\": \"Express\",\n  \"access-control-allow-origin\": \"*\",\n  \"content-type\": \"application/json; charset=utf-8\",\n  \"content-length\": \"83\",\n  \"etag\": \"W/\\\"53-TwQ6REEFTnkPvSfO2zTRFR4yzZE\\\"\",\n  \"date\": \"Thu, 28 Mar 2024 00:03:37 GMT\",\n  \"connection\": \"keep-alive\",\n  \"keep-alive\": \"timeout=5\"\n}\nBody: {\n  \"error\": \"Invalid or missing fields\",\n  \"details\": \"originalPrice must be at least 10\"\n}\n\n\nhttps://on.cypress.io/request",
                "estack": "CypressError: `cy.request()` failed on:\n\nhttp://localhost:3000/api/products\n\nThe response we received from your web server was:\n\n  > 400: Bad Request\n\nThis was considered a failure because the status code was not `2xx` or `3xx`.\n\nIf you do not want status codes to cause failures pass the option: `failOnStatusCode: false`\n\n-----------------------------------------------------------\n\nThe request we sent was:\n\nMethod: POST\nURL: http://localhost:3000/api/products\nHeaders: {\n  \"Connection\": \"keep-alive\",\n  \"Authorization\": \"Bearer eyJhbGciOiJIUzI1NiIsInR5cCI6IkpXVCJ9.eyJpZCI6IjFmMmZhZGIxLTBkN2UtNDdhNy05ZDViLWVkMDMxZDY2NWQzZSIsInVzZXJuYW1lIjoiYWxpY2UiLCJlbWFpbCI6ImFsaWNlQGV4YW1wbGUuY29tIiwiYWRtaW4iOmZhbHNlLCJpYXQiOjE2Nzk2MTMwMzh9.KcT42jbNXfNR-0I-bTc_qNdAuCid640tXpkzUtDCoao\",\n  \"user-agent\": \"Mozilla/5.0 (Windows NT 10.0; Win64; x64) AppleWebKit/537.36 (KHTML, like Gecko) HeadlessChrome/123.0.0.0 Safari/537.36\",\n  \"accept\": \"*/*\",\n  \"accept-encoding\": \"gzip, deflate\",\n  \"content-type\": \"application/json\",\n  \"content-length\": 234\n}\nBody: {\"name\":\"Aa Dagna labore elit\",\"description\":\"Apsum ut lorem incididunt ut consectetur sit consectetur sed sit\",\"category\":\"do\",\"originalPrice\":1,\"pictureUrl\":\"https://picsum.photos/id/38/512/512\",\"endDate\":\"2024-04-05T00:03:37.954Z\"}\n\n-----------------------------------------------------------\n\nThe response we got was:\n\nStatus: 400 - Bad Request\nHeaders: {\n  \"x-powered-by\": \"Express\",\n  \"access-control-allow-origin\": \"*\",\n  \"content-type\": \"application/json; charset=utf-8\",\n  \"content-length\": \"83\",\n  \"etag\": \"W/\\\"53-TwQ6REEFTnkPvSfO2zTRFR4yzZE\\\"\",\n  \"date\": \"Thu, 28 Mar 2024 00:03:37 GMT\",\n  \"connection\": \"keep-alive\",\n  \"keep-alive\": \"timeout=5\"\n}\nBody: {\n  \"error\": \"Invalid or missing fields\",\n  \"details\": \"originalPrice must be at least 10\"\n}\n\n\nhttps://on.cypress.io/request\n    at <unknown> (http://localhost:31985/__cypress/runner/cypress_runner.js:133123:72)\n    at tryCatcher (http://localhost:31985/__cypress/runner/cypress_runner.js:1807:23)\n    at Promise._settlePromiseFromHandler (http://localhost:31985/__cypress/runner/cypress_runner.js:1519:31)\n    at Promise._settlePromise (http://localhost:31985/__cypress/runner/cypress_runner.js:1576:18)\n    at Promise._settlePromise0 (http://localhost:31985/__cypress/runner/cypress_runner.js:1621:10)\n    at Promise._settlePromises (http://localhost:31985/__cypress/runner/cypress_runner.js:1701:18)\n    at _drainQueueStep (http://localhost:31985/__cypress/runner/cypress_runner.js:2407:12)\n    at _drainQueue (http://localhost:31985/__cypress/runner/cypress_runner.js:2400:9)\n    at Async._drainQueues (http://localhost:31985/__cypress/runner/cypress_runner.js:2416:5)\n    at Async.drainQueues (http://localhost:31985/__cypress/runner/cypress_runner.js:2286:14)\nFrom Your Spec Code:\n    at eval (webpack://frontend/./cypress/e2e/common/orm.js:37:7)\nat new Promise (<anonymous>)\n    at createProduct (webpack://frontend/./cypress/e2e/common/orm.js:36:9)\n    at Context.eval (webpack://frontend/./cypress/e2e/frontend/home.cy.js:72:18)",
                "diff": null
              },
              "uuid": "b0c83923-88ba-433b-a406-26039c29b71b",
              "parentUUID": "7a9b6233-d26a-4316-b644-640d13aa1a68",
              "isHook": false,
              "skipped": false
            },
            {
              "title": "filter by name",
              "fullTitle": "Page / filter by name",
              "timedOut": null,
              "duration": 687,
              "state": "failed",
              "speed": null,
              "pass": false,
              "fail": true,
              "pending": false,
              "context": null,
              "code": "// Note : Vérifie le filtrage par nom, insensible à la casse\ncy.visit(url);\ncy.get(\"[data-test-product]\").should(\"have.length\", 17);\ncy.get(\"[data-test-filter\").type(\"Lot\");\ncy.get(\"[data-test-product]\").should(\"have.length\", 3);\ncy.get(\"[data-test-filter\").type(\"{selectAll}{del}\");\ncy.get(\"[data-test-filter\").type(\"lot\");\ncy.get(\"[data-test-product]\").should(\"have.length\", 3);\ncy.get(\"[data-test-filter\").type(\"{selectAll}{del}\");\ncy.get(\"[data-test-filter\").type(\"lot de tasses\");\ncy.get(\"[data-test-product]\").should(\"have.length\", 1);",
              "err": {
                "message": "CypressError: `cy.visit()` failed trying to load:\n\nhttp://localhost:5173/\n\nWe attempted to make an http request to this URL but the request failed without a response.\n\nWe received this error at the network level:\n\n  > Error: connect ECONNREFUSED 127.0.0.1:5173\n\nCommon situations why this would fail:\n  - you don't have internet access\n  - you forgot to run / boot your web server\n  - your web server isn't accessible\n  - you have weird network configuration settings on your computer",
                "estack": "CypressError: `cy.visit()` failed trying to load:\n\nhttp://localhost:5173/\n\nWe attempted to make an http request to this URL but the request failed without a response.\n\nWe received this error at the network level:\n\n  > Error: connect ECONNREFUSED 127.0.0.1:5173\n\nCommon situations why this would fail:\n  - you don't have internet access\n  - you forgot to run / boot your web server\n  - your web server isn't accessible\n  - you have weird network configuration settings on your computer\n    at <unknown> (http://localhost:31985/__cypress/runner/cypress_runner.js:131065:74)\n    at visitFailedByErr (http://localhost:31985/__cypress/runner/cypress_runner.js:130463:12)\n    at <unknown> (http://localhost:31985/__cypress/runner/cypress_runner.js:131064:11)\n    at tryCatcher (http://localhost:31985/__cypress/runner/cypress_runner.js:1807:23)\n    at Promise._settlePromiseFromHandler (http://localhost:31985/__cypress/runner/cypress_runner.js:1519:31)\n    at Promise._settlePromise (http://localhost:31985/__cypress/runner/cypress_runner.js:1576:18)\n    at Promise._settlePromise0 (http://localhost:31985/__cypress/runner/cypress_runner.js:1621:10)\n    at Promise._settlePromises (http://localhost:31985/__cypress/runner/cypress_runner.js:1697:18)\n    at _drainQueueStep (http://localhost:31985/__cypress/runner/cypress_runner.js:2407:12)\n    at _drainQueue (http://localhost:31985/__cypress/runner/cypress_runner.js:2400:9)\n    at Async._drainQueues (http://localhost:31985/__cypress/runner/cypress_runner.js:2416:5)\n    at Async.drainQueues (http://localhost:31985/__cypress/runner/cypress_runner.js:2286:14)\nFrom Your Spec Code:\n    at Context.eval (webpack://frontend/./cypress/e2e/frontend/home.cy.js:107:7)\n\nFrom Node.js Internals:\n  Error: connect ECONNREFUSED 127.0.0.1:5173\n      at TCPConnectWrap.afterConnect [as oncomplete] (node:net:1495:16)",
                "diff": null
              },
              "uuid": "24b6bb2f-130c-43e7-a122-d705ba2ad640",
              "parentUUID": "7a9b6233-d26a-4316-b644-640d13aa1a68",
              "isHook": false,
              "skipped": false
            },
            {
              "title": "sort by name",
              "fullTitle": "Page / sort by name",
              "timedOut": null,
              "duration": 664,
              "state": "failed",
              "speed": null,
              "pass": false,
              "fail": true,
              "pending": false,
              "context": null,
              "code": "// Note : Vérifie le tri par nom, alphabétique de A à Z\ncy.visit(url);\ncy.get(\"[data-test-sorter]\").should(\"contain.text\", \"Trier par nom\");\ncy.get(\"[data-test-product]\").first().find(\"[data-test-product-name]\").should(\"have.text\", \"Ampli de guitare\");\ncy.get(\"[data-test-product]\").last().find(\"[data-test-product-name]\").should(\"have.text\", \"Théière design\");",
              "err": {
                "message": "CypressError: `cy.visit()` failed trying to load:\n\nhttp://localhost:5173/\n\nWe attempted to make an http request to this URL but the request failed without a response.\n\nWe received this error at the network level:\n\n  > Error: connect ECONNREFUSED 127.0.0.1:5173\n\nCommon situations why this would fail:\n  - you don't have internet access\n  - you forgot to run / boot your web server\n  - your web server isn't accessible\n  - you have weird network configuration settings on your computer",
                "estack": "CypressError: `cy.visit()` failed trying to load:\n\nhttp://localhost:5173/\n\nWe attempted to make an http request to this URL but the request failed without a response.\n\nWe received this error at the network level:\n\n  > Error: connect ECONNREFUSED 127.0.0.1:5173\n\nCommon situations why this would fail:\n  - you don't have internet access\n  - you forgot to run / boot your web server\n  - your web server isn't accessible\n  - you have weird network configuration settings on your computer\n    at <unknown> (http://localhost:31985/__cypress/runner/cypress_runner.js:131065:74)\n    at visitFailedByErr (http://localhost:31985/__cypress/runner/cypress_runner.js:130463:12)\n    at <unknown> (http://localhost:31985/__cypress/runner/cypress_runner.js:131064:11)\n    at tryCatcher (http://localhost:31985/__cypress/runner/cypress_runner.js:1807:23)\n    at Promise._settlePromiseFromHandler (http://localhost:31985/__cypress/runner/cypress_runner.js:1519:31)\n    at Promise._settlePromise (http://localhost:31985/__cypress/runner/cypress_runner.js:1576:18)\n    at Promise._settlePromise0 (http://localhost:31985/__cypress/runner/cypress_runner.js:1621:10)\n    at Promise._settlePromises (http://localhost:31985/__cypress/runner/cypress_runner.js:1697:18)\n    at _drainQueueStep (http://localhost:31985/__cypress/runner/cypress_runner.js:2407:12)\n    at _drainQueue (http://localhost:31985/__cypress/runner/cypress_runner.js:2400:9)\n    at Async._drainQueues (http://localhost:31985/__cypress/runner/cypress_runner.js:2416:5)\n    at Async.drainQueues (http://localhost:31985/__cypress/runner/cypress_runner.js:2286:14)\nFrom Your Spec Code:\n    at Context.eval (webpack://frontend/./cypress/e2e/frontend/home.cy.js:126:7)\n\nFrom Node.js Internals:\n  Error: connect ECONNREFUSED 127.0.0.1:5173\n      at TCPConnectWrap.afterConnect [as oncomplete] (node:net:1495:16)",
                "diff": null
              },
              "uuid": "3998e4b8-c9bd-4a92-81cf-6a4acc196288",
              "parentUUID": "7a9b6233-d26a-4316-b644-640d13aa1a68",
              "isHook": false,
              "skipped": false
            },
            {
              "title": "sort by price",
              "fullTitle": "Page / sort by price",
              "timedOut": null,
              "duration": 702,
              "state": "failed",
              "speed": null,
              "pass": false,
              "fail": true,
              "pending": false,
              "context": null,
              "code": "// Note : Vérifie le tri par prix, numérique croissant\ncy.visit(url);\ncy.get(\"[data-test-sorter]\").click();\ncy.get(\"[data-test-sorter-price]\").click();\ncy.get(\"[data-test-sorter]\").should(\"contain.text\", \"Trier par prix\");\ncy.get(\"[data-test-product]\").first().find(\"[data-test-product-name]\").should(\"have.text\", \"Ananas\");\ncy.get(\"[data-test-product]\").last().find(\"[data-test-product-name]\").should(\"have.text\", \"Chaussures volantes\");",
              "err": {
                "message": "CypressError: `cy.visit()` failed trying to load:\n\nhttp://localhost:5173/\n\nWe attempted to make an http request to this URL but the request failed without a response.\n\nWe received this error at the network level:\n\n  > Error: connect ECONNREFUSED 127.0.0.1:5173\n\nCommon situations why this would fail:\n  - you don't have internet access\n  - you forgot to run / boot your web server\n  - your web server isn't accessible\n  - you have weird network configuration settings on your computer",
                "estack": "CypressError: `cy.visit()` failed trying to load:\n\nhttp://localhost:5173/\n\nWe attempted to make an http request to this URL but the request failed without a response.\n\nWe received this error at the network level:\n\n  > Error: connect ECONNREFUSED 127.0.0.1:5173\n\nCommon situations why this would fail:\n  - you don't have internet access\n  - you forgot to run / boot your web server\n  - your web server isn't accessible\n  - you have weird network configuration settings on your computer\n    at <unknown> (http://localhost:31985/__cypress/runner/cypress_runner.js:131065:74)\n    at visitFailedByErr (http://localhost:31985/__cypress/runner/cypress_runner.js:130463:12)\n    at <unknown> (http://localhost:31985/__cypress/runner/cypress_runner.js:131064:11)\n    at tryCatcher (http://localhost:31985/__cypress/runner/cypress_runner.js:1807:23)\n    at Promise._settlePromiseFromHandler (http://localhost:31985/__cypress/runner/cypress_runner.js:1519:31)\n    at Promise._settlePromise (http://localhost:31985/__cypress/runner/cypress_runner.js:1576:18)\n    at Promise._settlePromise0 (http://localhost:31985/__cypress/runner/cypress_runner.js:1621:10)\n    at Promise._settlePromises (http://localhost:31985/__cypress/runner/cypress_runner.js:1697:18)\n    at _drainQueueStep (http://localhost:31985/__cypress/runner/cypress_runner.js:2407:12)\n    at _drainQueue (http://localhost:31985/__cypress/runner/cypress_runner.js:2400:9)\n    at Async._drainQueues (http://localhost:31985/__cypress/runner/cypress_runner.js:2416:5)\n    at Async.drainQueues (http://localhost:31985/__cypress/runner/cypress_runner.js:2286:14)\nFrom Your Spec Code:\n    at Context.eval (webpack://frontend/./cypress/e2e/frontend/home.cy.js:144:7)\n\nFrom Node.js Internals:\n  Error: connect ECONNREFUSED 127.0.0.1:5173\n      at TCPConnectWrap.afterConnect [as oncomplete] (node:net:1495:16)",
                "diff": null
              },
              "uuid": "af6cfee2-9796-47f3-addf-c1249c03c56d",
              "parentUUID": "7a9b6233-d26a-4316-b644-640d13aa1a68",
              "isHook": false,
              "skipped": false
            },
            {
              "title": "loading",
              "fullTitle": "Page / loading",
              "timedOut": null,
              "duration": 682,
              "state": "failed",
              "speed": null,
              "pass": false,
              "fail": true,
              "pending": false,
              "context": null,
              "code": "// Note : Test la présence d'un spinner lors du chargement\ncy.intercept(\"http://localhost:3000/api/products\", {\n  delay: 10000\n});\ncy.visit(url);\ncy.get(\"[data-test-loading]\").should(\"exist\");\ncy.get(\"[data-test-error]\").should(\"not.exist\");\ncy.get(\"[data-test-product]\").should(\"not.exist\");",
              "err": {
                "message": "CypressError: `cy.visit()` failed trying to load:\n\nhttp://localhost:5173/\n\nWe attempted to make an http request to this URL but the request failed without a response.\n\nWe received this error at the network level:\n\n  > Error: connect ECONNREFUSED 127.0.0.1:5173\n\nCommon situations why this would fail:\n  - you don't have internet access\n  - you forgot to run / boot your web server\n  - your web server isn't accessible\n  - you have weird network configuration settings on your computer",
                "estack": "CypressError: `cy.visit()` failed trying to load:\n\nhttp://localhost:5173/\n\nWe attempted to make an http request to this URL but the request failed without a response.\n\nWe received this error at the network level:\n\n  > Error: connect ECONNREFUSED 127.0.0.1:5173\n\nCommon situations why this would fail:\n  - you don't have internet access\n  - you forgot to run / boot your web server\n  - your web server isn't accessible\n  - you have weird network configuration settings on your computer\n    at <unknown> (http://localhost:31985/__cypress/runner/cypress_runner.js:131065:74)\n    at visitFailedByErr (http://localhost:31985/__cypress/runner/cypress_runner.js:130463:12)\n    at <unknown> (http://localhost:31985/__cypress/runner/cypress_runner.js:131064:11)\n    at tryCatcher (http://localhost:31985/__cypress/runner/cypress_runner.js:1807:23)\n    at Promise._settlePromiseFromHandler (http://localhost:31985/__cypress/runner/cypress_runner.js:1519:31)\n    at Promise._settlePromise (http://localhost:31985/__cypress/runner/cypress_runner.js:1576:18)\n    at Promise._settlePromise0 (http://localhost:31985/__cypress/runner/cypress_runner.js:1621:10)\n    at Promise._settlePromises (http://localhost:31985/__cypress/runner/cypress_runner.js:1697:18)\n    at _drainQueueStep (http://localhost:31985/__cypress/runner/cypress_runner.js:2407:12)\n    at _drainQueue (http://localhost:31985/__cypress/runner/cypress_runner.js:2400:9)\n    at Async._drainQueues (http://localhost:31985/__cypress/runner/cypress_runner.js:2416:5)\n    at Async.drainQueues (http://localhost:31985/__cypress/runner/cypress_runner.js:2286:14)\nFrom Your Spec Code:\n    at Context.eval (webpack://frontend/./cypress/e2e/frontend/home.cy.js:169:7)\n\nFrom Node.js Internals:\n  Error: connect ECONNREFUSED 127.0.0.1:5173\n      at TCPConnectWrap.afterConnect [as oncomplete] (node:net:1495:16)",
                "diff": null
              },
              "uuid": "86eb825b-15eb-4e27-a805-6252dd1750a6",
              "parentUUID": "7a9b6233-d26a-4316-b644-640d13aa1a68",
              "isHook": false,
              "skipped": false
            },
            {
              "title": "error message",
              "fullTitle": "Page / error message",
              "timedOut": null,
              "duration": 668,
              "state": "failed",
              "speed": null,
              "pass": false,
              "fail": true,
              "pending": false,
              "context": null,
              "code": "// Note : Test la présence d'un message d'erreur en cas d'échec au chargement\ncy.intercept(\"http://localhost:3000/api/products\", {\n  status: 500,\n  response: {}\n});\ncy.visit(url);\ncy.get(\"[data-test-loading]\").should(\"not.exist\");\ncy.get(\"[data-test-error]\").should(\"exist\");\ncy.get(\"[data-test-product]\").should(\"not.exist\");",
              "err": {
                "message": "CypressError: `cy.visit()` failed trying to load:\n\nhttp://localhost:5173/\n\nWe attempted to make an http request to this URL but the request failed without a response.\n\nWe received this error at the network level:\n\n  > Error: connect ECONNREFUSED 127.0.0.1:5173\n\nCommon situations why this would fail:\n  - you don't have internet access\n  - you forgot to run / boot your web server\n  - your web server isn't accessible\n  - you have weird network configuration settings on your computer",
                "estack": "CypressError: `cy.visit()` failed trying to load:\n\nhttp://localhost:5173/\n\nWe attempted to make an http request to this URL but the request failed without a response.\n\nWe received this error at the network level:\n\n  > Error: connect ECONNREFUSED 127.0.0.1:5173\n\nCommon situations why this would fail:\n  - you don't have internet access\n  - you forgot to run / boot your web server\n  - your web server isn't accessible\n  - you have weird network configuration settings on your computer\n    at <unknown> (http://localhost:31985/__cypress/runner/cypress_runner.js:131065:74)\n    at visitFailedByErr (http://localhost:31985/__cypress/runner/cypress_runner.js:130463:12)\n    at <unknown> (http://localhost:31985/__cypress/runner/cypress_runner.js:131064:11)\n    at tryCatcher (http://localhost:31985/__cypress/runner/cypress_runner.js:1807:23)\n    at Promise._settlePromiseFromHandler (http://localhost:31985/__cypress/runner/cypress_runner.js:1519:31)\n    at Promise._settlePromise (http://localhost:31985/__cypress/runner/cypress_runner.js:1576:18)\n    at Promise._settlePromise0 (http://localhost:31985/__cypress/runner/cypress_runner.js:1621:10)\n    at Promise._settlePromises (http://localhost:31985/__cypress/runner/cypress_runner.js:1697:18)\n    at _drainQueueStep (http://localhost:31985/__cypress/runner/cypress_runner.js:2407:12)\n    at _drainQueue (http://localhost:31985/__cypress/runner/cypress_runner.js:2400:9)\n    at Async._drainQueues (http://localhost:31985/__cypress/runner/cypress_runner.js:2416:5)\n    at Async.drainQueues (http://localhost:31985/__cypress/runner/cypress_runner.js:2286:14)\nFrom Your Spec Code:\n    at Context.eval (webpack://frontend/./cypress/e2e/frontend/home.cy.js:184:7)\n\nFrom Node.js Internals:\n  Error: connect ECONNREFUSED 127.0.0.1:5173\n      at TCPConnectWrap.afterConnect [as oncomplete] (node:net:1495:16)",
                "diff": null
              },
              "uuid": "271e1e81-bac3-46b7-baec-185fe3d44273",
              "parentUUID": "7a9b6233-d26a-4316-b644-640d13aa1a68",
              "isHook": false,
              "skipped": false
            },
            {
              "title": "ready",
              "fullTitle": "Page / ready",
              "timedOut": null,
              "duration": 659,
              "state": "failed",
              "speed": null,
              "pass": false,
              "fail": true,
              "pending": false,
              "context": null,
              "code": "// Note : Test la présence du contenu après que tout est bien chargé\ncy.intercept(\"http://localhost:3000/api/products\");\ncy.visit(url);\ncy.get(\"[data-test-loading]\").should(\"not.exist\");\ncy.get(\"[data-test-error]\").should(\"not.exist\");\ncy.get(\"[data-test-product]\").should(\"exist\");",
              "err": {
                "message": "CypressError: `cy.visit()` failed trying to load:\n\nhttp://localhost:5173/\n\nWe attempted to make an http request to this URL but the request failed without a response.\n\nWe received this error at the network level:\n\n  > Error: connect ECONNREFUSED 127.0.0.1:5173\n\nCommon situations why this would fail:\n  - you don't have internet access\n  - you forgot to run / boot your web server\n  - your web server isn't accessible\n  - you have weird network configuration settings on your computer",
                "estack": "CypressError: `cy.visit()` failed trying to load:\n\nhttp://localhost:5173/\n\nWe attempted to make an http request to this URL but the request failed without a response.\n\nWe received this error at the network level:\n\n  > Error: connect ECONNREFUSED 127.0.0.1:5173\n\nCommon situations why this would fail:\n  - you don't have internet access\n  - you forgot to run / boot your web server\n  - your web server isn't accessible\n  - you have weird network configuration settings on your computer\n    at <unknown> (http://localhost:31985/__cypress/runner/cypress_runner.js:131065:74)\n    at visitFailedByErr (http://localhost:31985/__cypress/runner/cypress_runner.js:130463:12)\n    at <unknown> (http://localhost:31985/__cypress/runner/cypress_runner.js:131064:11)\n    at tryCatcher (http://localhost:31985/__cypress/runner/cypress_runner.js:1807:23)\n    at Promise._settlePromiseFromHandler (http://localhost:31985/__cypress/runner/cypress_runner.js:1519:31)\n    at Promise._settlePromise (http://localhost:31985/__cypress/runner/cypress_runner.js:1576:18)\n    at Promise._settlePromise0 (http://localhost:31985/__cypress/runner/cypress_runner.js:1621:10)\n    at Promise._settlePromises (http://localhost:31985/__cypress/runner/cypress_runner.js:1697:18)\n    at _drainQueueStep (http://localhost:31985/__cypress/runner/cypress_runner.js:2407:12)\n    at _drainQueue (http://localhost:31985/__cypress/runner/cypress_runner.js:2400:9)\n    at Async._drainQueues (http://localhost:31985/__cypress/runner/cypress_runner.js:2416:5)\n    at Async.drainQueues (http://localhost:31985/__cypress/runner/cypress_runner.js:2286:14)\nFrom Your Spec Code:\n    at Context.eval (webpack://frontend/./cypress/e2e/frontend/home.cy.js:196:7)\n\nFrom Node.js Internals:\n  Error: connect ECONNREFUSED 127.0.0.1:5173\n      at TCPConnectWrap.afterConnect [as oncomplete] (node:net:1495:16)",
                "diff": null
              },
              "uuid": "186ce609-90c7-40c9-9493-d0afae46ae19",
              "parentUUID": "7a9b6233-d26a-4316-b644-640d13aa1a68",
              "isHook": false,
              "skipped": false
            }
          ],
          "suites": [],
          "passes": [
            "e1d376dd-03ea-456f-abd5-1187f5051715"
          ],
          "failures": [
            "fa0a7e7c-8c98-4ccc-9bdc-7d60fa9031ae",
            "b0c83923-88ba-433b-a406-26039c29b71b",
            "24b6bb2f-130c-43e7-a122-d705ba2ad640",
            "3998e4b8-c9bd-4a92-81cf-6a4acc196288",
            "af6cfee2-9796-47f3-addf-c1249c03c56d",
            "86eb825b-15eb-4e27-a805-6252dd1750a6",
            "271e1e81-bac3-46b7-baec-185fe3d44273",
            "186ce609-90c7-40c9-9493-d0afae46ae19"
          ],
          "pending": [],
          "skipped": [],
          "duration": 5064,
          "root": false,
          "rootEmpty": false,
          "_timeout": 2000
        }
      ],
      "passes": [],
      "failures": [],
      "pending": [],
      "skipped": [],
      "duration": 0,
      "root": true,
      "rootEmpty": true,
      "_timeout": 2000
    }
  ],
  "meta": {
    "mocha": {
      "version": "7.0.1"
    },
    "mochawesome": {
      "options": {
        "quiet": false,
        "reportFilename": "mochawesome",
        "saveHtml": false,
        "saveJson": true,
        "consoleReporter": "spec",
        "useInlineDiffs": false,
        "code": true
      },
      "version": "7.1.3"
    },
    "marge": {
      "options": {
        "reportDir": "cypress/results",
        "overwrite": false,
        "html": false,
        "json": true
      },
      "version": "6.2.0"
    }
  }
}