{
  "stats": {
    "suites": 1,
    "tests": 1,
    "passes": 0,
    "pending": 0,
    "failures": 1,
    "start": "2024-03-27T20:02:42.336Z",
    "end": "2024-03-27T20:02:43.126Z",
    "duration": 790,
    "testsRegistered": 31,
    "passPercent": 0,
    "pendingPercent": 0,
    "other": 0,
    "hasOther": false,
    "skipped": 30,
    "hasSkipped": true
  },
  "results": [
    {
      "uuid": "97ded911-cf68-46fa-b65c-dbf51ee199a2",
      "title": "",
      "fullFile": "cypress\\e2e\\backend\\endpoints.cy.js",
      "file": "cypress\\e2e\\backend\\endpoints.cy.js",
      "beforeHooks": [],
      "afterHooks": [],
      "tests": [],
      "suites": [
        {
          "uuid": "778612a6-ff10-446a-87c9-993f83f7b534",
          "title": "GET /api/products",
          "fullFile": "",
          "file": "",
          "beforeHooks": [],
          "afterHooks": [],
          "tests": [
            {
              "title": "returns 200 - success",
              "fullTitle": "GET /api/products returns 200 - success",
              "timedOut": null,
              "duration": 726,
              "state": "failed",
              "speed": null,
              "pass": false,
              "fail": true,
              "pending": false,
              "context": null,
              "code": "cy.request(endpoint).then(response => {\n  expect(response.status).to.be.eq(200);\n  expect(response.headers[\"content-type\"]).to.contains(\"application/json\");\n  for (let product of response.body) {\n    expect(product.id).to.be.a(\"string\");\n    expect(product.id).to.be.match(_pattern.UUIDv4);\n    expect(product.name).to.be.a(\"string\");\n    expect(product.description).to.be.a(\"string\");\n    expect(product.category).to.be.a(\"string\");\n    expect(product.originalPrice).to.be.a(\"number\");\n    expect(product.pictureUrl).to.be.a(\"string\");\n    expect(product.endDate).to.be.a(\"string\");\n    expect(product.endDate).to.match(_pattern.IOS8601);\n    expect(product.seller.id).to.be.a(\"string\");\n    expect(product.seller.username).to.be.a(\"string\");\n    for (let bid of product.bids) {\n      expect(bid.id).to.be.a(\"string\");\n      expect(bid.id).to.match(_pattern.UUIDv4);\n      expect(bid.price).to.be.a(\"number\");\n      expect(bid.date).to.be.a(\"string\");\n      expect(bid.date).to.match(_pattern.IOS8601);\n    }\n    const fixtureProduct = response.body.find(item => {\n      return item.id === \"a0f7c522-78f8-442e-a55d-642cfe566634\";\n    });\n    expect(fixtureProduct.id).to.be.eq(\"a0f7c522-78f8-442e-a55d-642cfe566634\");\n    expect(fixtureProduct.name).to.be.eq(\"Lot de casseroles\");\n    expect(fixtureProduct.description).to.be.eq(\"Ensemble de casseroles de qualité supérieure pour répondre à tous vos besoins culinaires.\");\n    expect(fixtureProduct.category).to.be.eq(\"Cuisine\");\n    expect(fixtureProduct.originalPrice).to.be.eq(40);\n    expect(fixtureProduct.pictureUrl).to.be.eq(\"https://image.noelshack.com/fichiers/2023/12/4/1679526253-65535-51812547429-fe1cc0d832-c-512-512-nofilter.jpg\");\n    expect(fixtureProduct.seller.id).to.be.eq(_tokens.aliceId);\n    expect(fixtureProduct.seller.username).to.be.eq(\"alice\");\n    expect(fixtureProduct.bids.some(bid => bid.price === 65)).to.be.true;\n  }\n});",
              "err": {
                "message": "CypressError: `cy.request()` failed trying to load:\n\nhttp://localhost:3000/api/dev/reset\n\nWe attempted to make an http request to this URL but the request failed without a response.\n\nWe received this error at the network level:\n\n  > Error: connect ECONNREFUSED 127.0.0.1:3000\n\n-----------------------------------------------------------\n\nThe request we sent was:\n\nMethod: GET\nURL: http://localhost:3000/api/dev/reset\n\n-----------------------------------------------------------\n\nCommon situations why this would fail:\n  - you don't have internet access\n  - you forgot to run / boot your web server\n  - your web server isn't accessible\n  - you have weird network configuration settings on your computer\n\nhttps://on.cypress.io/request\n\nBecause this error occurred during a `before each` hook we are skipping all of the remaining tests.",
                "estack": "CypressError: `cy.request()` failed trying to load:\n\nhttp://localhost:3000/api/dev/reset\n\nWe attempted to make an http request to this URL but the request failed without a response.\n\nWe received this error at the network level:\n\n  > Error: connect ECONNREFUSED 127.0.0.1:3000\n\n-----------------------------------------------------------\n\nThe request we sent was:\n\nMethod: GET\nURL: http://localhost:3000/api/dev/reset\n\n-----------------------------------------------------------\n\nCommon situations why this would fail:\n  - you don't have internet access\n  - you forgot to run / boot your web server\n  - your web server isn't accessible\n  - you have weird network configuration settings on your computer\n\nhttps://on.cypress.io/request\n\nBecause this error occurred during a `before each` hook we are skipping all of the remaining tests.\n    at <unknown> (http://localhost:3592/__cypress/runner/cypress_runner.js:133151:70)\n    at tryCatcher (http://localhost:3592/__cypress/runner/cypress_runner.js:1807:23)\n    at <unknown> (http://localhost:3592/__cypress/runner/cypress_runner.js:4203:37)\n    at tryCatcher (http://localhost:3592/__cypress/runner/cypress_runner.js:1807:23)\n    at Promise._settlePromiseFromHandler (http://localhost:3592/__cypress/runner/cypress_runner.js:1519:31)\n    at Promise._settlePromise (http://localhost:3592/__cypress/runner/cypress_runner.js:1576:18)\n    at Promise._settlePromise0 (http://localhost:3592/__cypress/runner/cypress_runner.js:1621:10)\n    at Promise._settlePromises (http://localhost:3592/__cypress/runner/cypress_runner.js:1697:18)\n    at _drainQueueStep (http://localhost:3592/__cypress/runner/cypress_runner.js:2407:12)\n    at _drainQueue (http://localhost:3592/__cypress/runner/cypress_runner.js:2400:9)\n    at Async._drainQueues (http://localhost:3592/__cypress/runner/cypress_runner.js:2416:5)\n    at Async.drainQueues (http://localhost:3592/__cypress/runner/cypress_runner.js:2286:14)\nFrom Your Spec Code:\n    at Context.eval (webpack://frontend/./cypress/e2e/backend/endpoints.cy.js:13:5)\n\nFrom Node.js Internals:\n  RequestError: Error: connect ECONNREFUSED 127.0.0.1:3000\n      at new r (<embedded>:1831:404877)\n      at ee.callback (<embedded>:1831:410878)\n      at e.callback.s.callback [as _callback] (<embedded>:1831:410324)\n      at s._callback.s.callback.s.callback (<embedded>:2049:91633)\n      at ee.emit (node:events:514:28)\n      at ee.onRequestError (<embedded>:2049:100575)\n      at ClientRequest.emit (node:events:526:35)\n      at Socket.socketErrorListener (node:_http_client:501:9)\n      at Socket.emit (node:events:514:28)\n      at emitErrorNT (node:internal/streams/destroy:151:8)\n      at emitErrorCloseNT (node:internal/streams/destroy:116:3)\n      at process.processTicksAndRejections (node:internal/process/task_queues:82:21)",
                "diff": null
              },
              "uuid": "60ab08ba-b381-495f-9303-6fc668f8adb0",
              "parentUUID": "778612a6-ff10-446a-87c9-993f83f7b534",
              "isHook": false,
              "skipped": false
            }
          ],
          "suites": [],
          "passes": [],
          "failures": [
            "60ab08ba-b381-495f-9303-6fc668f8adb0"
          ],
          "pending": [],
          "skipped": [],
          "duration": 726,
          "root": false,
          "rootEmpty": false,
          "_timeout": 2000
        },
        {
          "uuid": "a9f8c478-30b9-43c9-a5e3-54b894b59855",
          "title": "POST /api/products",
          "fullFile": "",
          "file": "",
          "beforeHooks": [],
          "afterHooks": [],
          "tests": [
            {
              "title": "returns 401 - not authorized",
              "fullTitle": "POST /api/products returns 401 - not authorized",
              "timedOut": null,
              "duration": 0,
              "state": "skipped",
              "speed": null,
              "pass": false,
              "fail": false,
              "pending": false,
              "context": null,
              "code": "cy.request({\n  method: \"POST\",\n  url: \"http://localhost:3000/api/products\",\n  headers: {\n    Authorization: `Bearer BAD_TOKEN`\n  },\n  body: {\n    name: \"New Product\",\n    description: \"This is a new product\",\n    category: \"Electronics\",\n    originalPrice: 99,\n    pictureUrl: \"https://example.com/product.jpg\",\n    endDate: \"2023-04-01T00:00:00.000Z\"\n  },\n  failOnStatusCode: false\n}).its(\"status\").should(\"equal\", 401);",
              "err": {},
              "uuid": "38b4b60c-7512-4c95-b48a-8d724d6fca4c",
              "parentUUID": null,
              "isHook": false,
              "skipped": true
            },
            {
              "title": "returns 201 - created",
              "fullTitle": "POST /api/products returns 201 - created",
              "timedOut": null,
              "duration": 0,
              "state": "skipped",
              "speed": null,
              "pass": false,
              "fail": false,
              "pending": false,
              "context": null,
              "code": "// Create a new product\ncy.request({\n  method: \"POST\",\n  url: \"http://localhost:3000/api/products\",\n  headers: {\n    Authorization: `Bearer ${_tokens.aliceToken}`\n  },\n  body: {\n    name: \"New Product\",\n    description: \"This is a new product\",\n    category: \"Electronics\",\n    originalPrice: 99,\n    pictureUrl: \"https://example.com/product.jpg\",\n    endDate: \"2023-04-01T00:00:00.000Z\"\n  }\n}).then(response => {\n  // Assert that the response is as expected\n  expect(response.status).to.eq(201);\n  expect(response.body.id).to.be.match(_pattern.UUIDv4);\n  expect(response.body.name).to.eq(\"New Product\");\n  expect(response.body.description).to.eq(\"This is a new product\");\n  expect(response.body.category).to.eq(\"Electronics\");\n  expect(response.body.originalPrice).to.eq(99);\n  expect(response.body.pictureUrl).to.eq(\"https://example.com/product.jpg\");\n  expect(response.body.endDate).to.eq(\"2023-04-01T00:00:00.000Z\");\n  expect(response.body.sellerId).to.eq(_tokens.aliceId);\n});",
              "err": {},
              "uuid": "179ff588-a961-4c75-b48a-784e858d3838",
              "parentUUID": null,
              "isHook": false,
              "skipped": true
            },
            {
              "title": "returns 400 - missing or invalid fields",
              "fullTitle": "POST /api/products returns 400 - missing or invalid fields",
              "timedOut": null,
              "duration": 0,
              "state": "skipped",
              "speed": null,
              "pass": false,
              "fail": false,
              "pending": false,
              "context": null,
              "code": "// Create a new product\ncy.request({\n  method: \"POST\",\n  url: \"http://localhost:3000/api/products\",\n  headers: {\n    Authorization: `Bearer ${_tokens.aliceToken}`\n  },\n  body: {\n    // Missing name: \"Machine à écrire\",\n    description: \"Machine à écrire vintage en parfait état de fonctionnement pour une expérience d'écriture unique et authentique.\",\n    pictureUrl: \"https://picsum.photos/id/403/512/512\",\n    category: \"High-Tech\",\n    originalPrice: 200,\n    endDate: \"2026-01-01T09:00:00Z\"\n  },\n  failOnStatusCode: false\n}).then(req => {\n  expect(req.status).to.be.eq(400);\n  expect(req.body.error).to.be.eq(\"Invalid or missing fields\");\n  expect(req.body.details).to.exist;\n});",
              "err": {},
              "uuid": "24942674-c959-4f4e-b8db-8af23762ab0e",
              "parentUUID": null,
              "isHook": false,
              "skipped": true
            },
            {
              "title": "check mutation - object created in database",
              "fullTitle": "POST /api/products check mutation - object created in database",
              "timedOut": null,
              "duration": 0,
              "state": "skipped",
              "speed": null,
              "pass": false,
              "fail": false,
              "pending": false,
              "context": null,
              "code": "// Create a new product\n(0, _orm.getProducts)().then(({\n  products: productsBeforeCreation\n}) => {\n  (0, _orm.createProduct)().then(({\n    product\n  }) => {\n    (0, _orm.getProducts)().then(({\n      products: productsAfterCreation\n    }) => {\n      const newProducts = productsAfterCreation.filter(product => productsBeforeCreation.every(existingProduct => existingProduct.id !== product.id));\n      expect(newProducts.length).to.be.eq(1);\n      const newProduct = newProducts[0];\n      expect(newProduct.id).to.be.match(_pattern.UUIDv4);\n      expect(newProduct.name).to.eq(name);\n      expect(newProduct.description).to.eq(product.description);\n      expect(newProduct.category).to.eq(product.category);\n      expect(newProduct.originalPrice).to.eq(product.originalPrice);\n      expect(newProduct.pictureUrl).to.eq(product.pictureUrl);\n      expect(newProduct.endDate).to.eq(product.endDate);\n      expect(newProduct.seller.id).to.eq(_tokens.aliceId);\n      expect(newProduct.seller.username).to.eq(\"alice\");\n    });\n  });\n});",
              "err": {},
              "uuid": "8306a3cf-131c-422c-a60f-b414984cfccb",
              "parentUUID": null,
              "isHook": false,
              "skipped": true
            }
          ],
          "suites": [],
          "passes": [],
          "failures": [],
          "pending": [],
          "skipped": [
            "38b4b60c-7512-4c95-b48a-8d724d6fca4c",
            "179ff588-a961-4c75-b48a-784e858d3838",
            "24942674-c959-4f4e-b8db-8af23762ab0e",
            "8306a3cf-131c-422c-a60f-b414984cfccb"
          ],
          "duration": 0,
          "root": false,
          "rootEmpty": false,
          "_timeout": 2000
        },
        {
          "uuid": "3f3ce54a-f359-4bf5-8527-5d1d2ad98d24",
          "title": "GET /api/products/:productId",
          "fullFile": "",
          "file": "",
          "beforeHooks": [],
          "afterHooks": [],
          "tests": [
            {
              "title": "returns 404 - not found",
              "fullTitle": "GET /api/products/:productId returns 404 - not found",
              "timedOut": null,
              "duration": 0,
              "state": "skipped",
              "speed": null,
              "pass": false,
              "fail": false,
              "pending": false,
              "context": null,
              "code": "cy.request({\n  url: \"http://localhost:3000/api/products/not-existing-id\",\n  failOnStatusCode: false\n}).its(\"status\").should(\"equal\", 404);",
              "err": {},
              "uuid": "361c67c3-d016-4f12-958a-250cb3863223",
              "parentUUID": null,
              "isHook": false,
              "skipped": true
            },
            {
              "title": "returns 200 - success",
              "fullTitle": "GET /api/products/:productId returns 200 - success",
              "timedOut": null,
              "duration": 0,
              "state": "skipped",
              "speed": null,
              "pass": false,
              "fail": false,
              "pending": false,
              "context": null,
              "code": "cy.request(endpoint).then(response => {\n  expect(response.status).to.be.eq(200);\n  expect(response.headers[\"content-type\"]).to.includes(\"application/json\");\n  const product = response.body;\n  expect(product.id).to.be.eq(\"a0f7c522-78f8-442e-a55d-642cfe566634\");\n  expect(product.name).to.be.eq(\"Lot de casseroles\");\n  expect(product.description).to.be.eq(\"Ensemble de casseroles de qualité supérieure pour répondre à tous vos besoins culinaires.\");\n  expect(product.category).to.be.eq(\"Cuisine\");\n  expect(product.originalPrice).to.be.eq(40);\n  expect(product.pictureUrl).to.be.eq(\"https://image.noelshack.com/fichiers/2023/12/4/1679526253-65535-51812547429-fe1cc0d832-c-512-512-nofilter.jpg\");\n  expect(product.seller.id).to.be.eq(_tokens.aliceId);\n  expect(product.seller.username).to.be.eq(\"alice\");\n  const bid = response.body.bids.find(bid => bid.price === 65);\n  expect(bid.id).to.be.eq(\"8ccc6e79-f3c9-43e9-b47e-5be7b84d8de7\");\n  expect(bid.bidder.id).to.be.eq(_tokens.charlyId);\n  expect(bid.bidder.username).to.be.eq(\"charly\");\n});",
              "err": {},
              "uuid": "e8db522e-8b3b-4ed4-b4dc-0c133d2c23ab",
              "parentUUID": null,
              "isHook": false,
              "skipped": true
            }
          ],
          "suites": [],
          "passes": [],
          "failures": [],
          "pending": [],
          "skipped": [
            "361c67c3-d016-4f12-958a-250cb3863223",
            "e8db522e-8b3b-4ed4-b4dc-0c133d2c23ab"
          ],
          "duration": 0,
          "root": false,
          "rootEmpty": false,
          "_timeout": 2000
        },
        {
          "uuid": "7e7f193b-491d-44da-91d1-251e4eb72db8",
          "title": "PUT /api/products/:productId",
          "fullFile": "",
          "file": "",
          "beforeHooks": [],
          "afterHooks": [],
          "tests": [
            {
              "title": "returns 401 - not authorized",
              "fullTitle": "PUT /api/products/:productId returns 401 - not authorized",
              "timedOut": null,
              "duration": 0,
              "state": "skipped",
              "speed": null,
              "pass": false,
              "fail": false,
              "pending": false,
              "context": null,
              "code": "cy.request({\n  method: \"PUT\",\n  url: endpoint,\n  headers: {\n    Authorization: `Bearer BAD_TOKEN`\n  },\n  body: {\n    name: \"Machine à écrire\",\n    description: \"Machine à écrire vintage en parfait état de fonctionnement pour une expérience d'écriture unique et authentique.\",\n    pictureUrl: \"https://picsum.photos/id/403/512/512\",\n    category: \"High-Tech\",\n    originalPrice: 200,\n    endDate: \"2026-01-01T09:00:00Z\"\n  },\n  failOnStatusCode: false\n}).its(\"status\").should(\"equal\", 401);",
              "err": {},
              "uuid": "c86d2739-67ff-4566-8608-7239b4414677",
              "parentUUID": null,
              "isHook": false,
              "skipped": true
            },
            {
              "title": "returns 200 - success, when owner edit",
              "fullTitle": "PUT /api/products/:productId returns 200 - success, when owner edit",
              "timedOut": null,
              "duration": 0,
              "state": "skipped",
              "speed": null,
              "pass": false,
              "fail": false,
              "pending": false,
              "context": null,
              "code": "cy.request({\n  url: endpoint,\n  method: \"PUT\",\n  headers: {\n    Authorization: `Bearer ${_tokens.aliceToken}`\n  },\n  body: {\n    name: \"Machine à écrire\",\n    description: \"Machine à écrire vintage en parfait état de fonctionnement pour une expérience d'écriture unique et authentique.\",\n    pictureUrl: \"https://picsum.photos/id/403/512/512\",\n    category: \"High-Tech\",\n    originalPrice: 200,\n    endDate: \"2026-01-01T09:00:00Z\"\n  }\n}).its(\"status\").should(\"equal\", 200);",
              "err": {},
              "uuid": "26972adb-ca2b-4d72-8974-7023fd7b950e",
              "parentUUID": null,
              "isHook": false,
              "skipped": true
            },
            {
              "title": "returns 403 - forbidden, when non owner edit",
              "fullTitle": "PUT /api/products/:productId returns 403 - forbidden, when non owner edit",
              "timedOut": null,
              "duration": 0,
              "state": "skipped",
              "speed": null,
              "pass": false,
              "fail": false,
              "pending": false,
              "context": null,
              "code": "cy.request({\n  url: endpoint,\n  method: \"PUT\",\n  headers: {\n    Authorization: `Bearer ${_tokens.bobToken}`\n  },\n  body: {\n    name: \"Machine à écrire\",\n    description: \"Machine à écrire vintage en parfait état de fonctionnement pour une expérience d'écriture unique et authentique.\",\n    pictureUrl: \"https://picsum.photos/id/403/512/512\",\n    category: \"High-Tech\",\n    originalPrice: 200,\n    endDate: \"2026-01-01T09:00:00Z\"\n  },\n  failOnStatusCode: false\n}).its(\"status\").should(\"equal\", 403);",
              "err": {},
              "uuid": "3a708963-1c98-45f6-a169-a7d84dda4260",
              "parentUUID": null,
              "isHook": false,
              "skipped": true
            },
            {
              "title": "returns 200 - success, when admin edit",
              "fullTitle": "PUT /api/products/:productId returns 200 - success, when admin edit",
              "timedOut": null,
              "duration": 0,
              "state": "skipped",
              "speed": null,
              "pass": false,
              "fail": false,
              "pending": false,
              "context": null,
              "code": "cy.request({\n  url: endpoint,\n  method: \"PUT\",\n  headers: {\n    Authorization: `Bearer ${_tokens.adminToken}`\n  },\n  body: {\n    name: \"Machine à écrire\",\n    description: \"Machine à écrire vintage en parfait état de fonctionnement pour une expérience d'écriture unique et authentique.\",\n    pictureUrl: \"https://picsum.photos/id/403/512/512\",\n    category: \"High-Tech\",\n    originalPrice: 200,\n    endDate: \"2026-01-01T09:00:00Z\"\n  }\n}).its(\"status\").should(\"equal\", 200);",
              "err": {},
              "uuid": "764d10db-e669-4e92-aa62-32b08e7a6d12",
              "parentUUID": null,
              "isHook": false,
              "skipped": true
            },
            {
              "title": "returns 404 - not found",
              "fullTitle": "PUT /api/products/:productId returns 404 - not found",
              "timedOut": null,
              "duration": 0,
              "state": "skipped",
              "speed": null,
              "pass": false,
              "fail": false,
              "pending": false,
              "context": null,
              "code": "cy.request({\n  url: \"http://localhost:3000/api/products/not-existing-id\",\n  method: \"PUT\",\n  headers: {\n    Authorization: `Bearer ${_tokens.aliceToken}`\n  },\n  body: {\n    name: \"Machine à écrire\",\n    description: \"Machine à écrire vintage en parfait état de fonctionnement pour une expérience d'écriture unique et authentique.\",\n    pictureUrl: \"https://picsum.photos/id/403/512/512\",\n    category: \"High-Tech\",\n    originalPrice: 200,\n    endDate: \"2026-01-01T09:00:00Z\"\n  },\n  failOnStatusCode: false\n}).its(\"status\").should(\"equal\", 404);",
              "err": {},
              "uuid": "53147c92-88e5-409e-8d5a-3a1c902ab5b5",
              "parentUUID": null,
              "isHook": false,
              "skipped": true
            },
            {
              "title": "check mutation - object updated in database",
              "fullTitle": "PUT /api/products/:productId check mutation - object updated in database",
              "timedOut": null,
              "duration": 0,
              "state": "skipped",
              "speed": null,
              "pass": false,
              "fail": false,
              "pending": false,
              "context": null,
              "code": "const newProductData = (0, _orm.buildProduct)();\ncy.request({\n  url: endpoint,\n  method: \"PUT\",\n  headers: {\n    Authorization: `Bearer ${_tokens.aliceToken}`\n  },\n  body: {\n    name: newProductData.name,\n    description: newProductData.description,\n    pictureUrl: newProductData.pictureUrl,\n    category: newProductData.category,\n    originalPrice: newProductData.originalPrice,\n    endDate: newProductData.endDate.toISOString()\n  }\n}).then(() => {\n  cy.request(endpoint).then(response => {\n    const product = response.body;\n    expect(response.status).to.be.eq(200);\n    expect(product.id).to.be.eq(\"a0f7c522-78f8-442e-a55d-642cfe566634\");\n    expect(product.name).to.be.eq(newProductData.name);\n    expect(product.description).to.be.eq(newProductData.description);\n    expect(product.category).to.be.eq(newProductData.category);\n    expect(product.originalPrice).to.be.eq(newProductData.originalPrice);\n    expect(product.pictureUrl).to.be.eq(newProductData.pictureUrl);\n    expect(product.endDate).to.be.eq(newProductData.endDate.toISOString());\n    expect(product.seller.id).to.be.eq(_tokens.aliceId);\n    expect(product.seller.username).to.be.eq(\"alice\");\n  });\n});",
              "err": {},
              "uuid": "6e8528bc-cba0-4e0f-8290-85a06ce23c49",
              "parentUUID": null,
              "isHook": false,
              "skipped": true
            }
          ],
          "suites": [],
          "passes": [],
          "failures": [],
          "pending": [],
          "skipped": [
            "c86d2739-67ff-4566-8608-7239b4414677",
            "26972adb-ca2b-4d72-8974-7023fd7b950e",
            "3a708963-1c98-45f6-a169-a7d84dda4260",
            "764d10db-e669-4e92-aa62-32b08e7a6d12",
            "53147c92-88e5-409e-8d5a-3a1c902ab5b5",
            "6e8528bc-cba0-4e0f-8290-85a06ce23c49"
          ],
          "duration": 0,
          "root": false,
          "rootEmpty": false,
          "_timeout": 2000
        },
        {
          "uuid": "ed5e5cfa-0d0a-4353-b262-2e33c5fe1648",
          "title": "DELETE /api/products/:productId",
          "fullFile": "",
          "file": "",
          "beforeHooks": [],
          "afterHooks": [],
          "tests": [
            {
              "title": "returns 401 - not authorized",
              "fullTitle": "DELETE /api/products/:productId returns 401 - not authorized",
              "timedOut": null,
              "duration": 0,
              "state": "skipped",
              "speed": null,
              "pass": false,
              "fail": false,
              "pending": false,
              "context": null,
              "code": "cy.request({\n  method: \"DELETE\",\n  url: endpoint,\n  headers: {\n    Authorization: `Bearer BAD_TOKEN`\n  },\n  failOnStatusCode: false\n}).its(\"status\").should(\"equal\", 401);",
              "err": {},
              "uuid": "fa46dc38-fe10-46b6-ba0e-19fd7d879dc2",
              "parentUUID": null,
              "isHook": false,
              "skipped": true
            },
            {
              "title": "returns 204 - success, when owner edit",
              "fullTitle": "DELETE /api/products/:productId returns 204 - success, when owner edit",
              "timedOut": null,
              "duration": 0,
              "state": "skipped",
              "speed": null,
              "pass": false,
              "fail": false,
              "pending": false,
              "context": null,
              "code": "cy.request({\n  url: endpoint,\n  method: \"DELETE\",\n  headers: {\n    Authorization: `Bearer ${_tokens.aliceToken}`\n  }\n}).its(\"status\").should(\"equal\", 204);",
              "err": {},
              "uuid": "feb4bd18-cc17-4f3a-b714-d952be19271d",
              "parentUUID": null,
              "isHook": false,
              "skipped": true
            },
            {
              "title": "returns 403 - forbidden, when non owner edit",
              "fullTitle": "DELETE /api/products/:productId returns 403 - forbidden, when non owner edit",
              "timedOut": null,
              "duration": 0,
              "state": "skipped",
              "speed": null,
              "pass": false,
              "fail": false,
              "pending": false,
              "context": null,
              "code": "cy.request({\n  url: endpoint,\n  method: \"DELETE\",\n  headers: {\n    Authorization: `Bearer ${_tokens.bobToken}`\n  },\n  failOnStatusCode: false\n}).its(\"status\").should(\"equal\", 403);",
              "err": {},
              "uuid": "2f21938c-6497-439b-9d96-69ec2e1f2f8f",
              "parentUUID": null,
              "isHook": false,
              "skipped": true
            },
            {
              "title": "returns 204 - success, when admin edit",
              "fullTitle": "DELETE /api/products/:productId returns 204 - success, when admin edit",
              "timedOut": null,
              "duration": 0,
              "state": "skipped",
              "speed": null,
              "pass": false,
              "fail": false,
              "pending": false,
              "context": null,
              "code": "cy.request({\n  url: endpoint,\n  method: \"DELETE\",\n  headers: {\n    Authorization: `Bearer ${_tokens.adminToken}`\n  }\n}).its(\"status\").should(\"equal\", 204);",
              "err": {},
              "uuid": "6e5ea564-b091-4e24-89cd-622d26dafe1d",
              "parentUUID": null,
              "isHook": false,
              "skipped": true
            },
            {
              "title": "returns 404 - not found",
              "fullTitle": "DELETE /api/products/:productId returns 404 - not found",
              "timedOut": null,
              "duration": 0,
              "state": "skipped",
              "speed": null,
              "pass": false,
              "fail": false,
              "pending": false,
              "context": null,
              "code": "cy.request({\n  url: \"http://localhost:3000/api/products/not-existing-id\",\n  method: \"DELETE\",\n  headers: {\n    Authorization: `Bearer ${_tokens.aliceToken}`\n  },\n  failOnStatusCode: false\n}).its(\"status\").should(\"equal\", 404);",
              "err": {},
              "uuid": "68f45ef0-8931-4fce-bc31-08868d9ff2b3",
              "parentUUID": null,
              "isHook": false,
              "skipped": true
            },
            {
              "title": "check mutation - object deleted in database",
              "fullTitle": "DELETE /api/products/:productId check mutation - object deleted in database",
              "timedOut": null,
              "duration": 0,
              "state": "skipped",
              "speed": null,
              "pass": false,
              "fail": false,
              "pending": false,
              "context": null,
              "code": "cy.request({\n  url: endpoint,\n  method: \"GET\",\n  headers: {\n    Authorization: `Bearer ${_tokens.aliceToken}`\n  }\n}).then(response => {\n  expect(response.status).to.be.eq(200);\n  cy.request({\n    url: endpoint,\n    method: \"DELETE\",\n    headers: {\n      Authorization: `Bearer ${_tokens.aliceToken}`\n    }\n  }).then(response => {\n    expect(response.status).to.be.eq(204);\n    cy.request({\n      url: endpoint,\n      method: \"GET\",\n      headers: {\n        Authorization: `Bearer ${_tokens.aliceToken}`\n      },\n      failOnStatusCode: false\n    }).then(response => {\n      expect(response.status).to.be.eq(404);\n    });\n  });\n});",
              "err": {},
              "uuid": "64e03777-2ee0-4563-9247-0ba03efbad8d",
              "parentUUID": null,
              "isHook": false,
              "skipped": true
            }
          ],
          "suites": [],
          "passes": [],
          "failures": [],
          "pending": [],
          "skipped": [
            "fa46dc38-fe10-46b6-ba0e-19fd7d879dc2",
            "feb4bd18-cc17-4f3a-b714-d952be19271d",
            "2f21938c-6497-439b-9d96-69ec2e1f2f8f",
            "6e5ea564-b091-4e24-89cd-622d26dafe1d",
            "68f45ef0-8931-4fce-bc31-08868d9ff2b3",
            "64e03777-2ee0-4563-9247-0ba03efbad8d"
          ],
          "duration": 0,
          "root": false,
          "rootEmpty": false,
          "_timeout": 2000
        },
        {
          "uuid": "6d1efb69-e73e-484a-8e7f-9f148ae8347f",
          "title": "POST /api/products/:productId/bids",
          "fullFile": "",
          "file": "",
          "beforeHooks": [],
          "afterHooks": [],
          "tests": [
            {
              "title": "returns 401 - not authorized",
              "fullTitle": "POST /api/products/:productId/bids returns 401 - not authorized",
              "timedOut": null,
              "duration": 0,
              "state": "skipped",
              "speed": null,
              "pass": false,
              "fail": false,
              "pending": false,
              "context": null,
              "code": "cy.request({\n  method: \"POST\",\n  url: \"http://localhost:3000/api/products/a0f7c522-78f8-442e-a55d-642cfe566634/bids\",\n  headers: {\n    Authorization: `Bearer BAD_TOKEN`\n  },\n  body: {\n    name: \"New Product\",\n    description: \"This is a new product\",\n    category: \"Electronics\",\n    originalPrice: 99,\n    pictureUrl: \"https://example.com/product.jpg\",\n    endDate: \"2023-04-01T00:00:00.000Z\"\n  },\n  failOnStatusCode: false\n}).its(\"status\").should(\"equal\", 401);",
              "err": {},
              "uuid": "95566818-c8b3-4fef-af68-4f7f007f750a",
              "parentUUID": null,
              "isHook": false,
              "skipped": true
            },
            {
              "title": "returns 201 - created",
              "fullTitle": "POST /api/products/:productId/bids returns 201 - created",
              "timedOut": null,
              "duration": 0,
              "state": "skipped",
              "speed": null,
              "pass": false,
              "fail": false,
              "pending": false,
              "context": null,
              "code": "// Create a new product\ncy.request({\n  method: \"POST\",\n  url: \"http://localhost:3000/api/products/a0f7c522-78f8-442e-a55d-642cfe566634/bids\",\n  headers: {\n    Authorization: `Bearer ${_tokens.aliceToken}`\n  },\n  body: {\n    price: 42\n  }\n}).then(response => {\n  // Assert that the response is as expected\n  expect(response.status).to.eq(201);\n  expect(response.body.id).to.be.match(_pattern.UUIDv4);\n  expect(response.body.productId).to.be.match(_pattern.UUIDv4);\n  expect(response.body.price).to.be.a(\"number\");\n  expect(response.body.date).to.match(_pattern.IOS8601);\n  expect(response.body.bidderId).to.match(_pattern.UUIDv4);\n});",
              "err": {},
              "uuid": "5f309edd-15f1-467b-99e0-31965e74d88c",
              "parentUUID": null,
              "isHook": false,
              "skipped": true
            },
            {
              "title": "returns 400 - missing or invalid fields",
              "fullTitle": "POST /api/products/:productId/bids returns 400 - missing or invalid fields",
              "timedOut": null,
              "duration": 0,
              "state": "skipped",
              "speed": null,
              "pass": false,
              "fail": false,
              "pending": false,
              "context": null,
              "code": "// Create a new product\ncy.request({\n  method: \"POST\",\n  url: \"http://localhost:3000/api/products/a0f7c522-78f8-442e-a55d-642cfe566634/bids\",\n  headers: {\n    Authorization: `Bearer ${_tokens.aliceToken}`\n  },\n  body: {\n    // price: 42, missing\n  },\n  failOnStatusCode: false\n}).then(req => {\n  expect(req.status).to.be.eq(400);\n  expect(req.body.error).to.be.eq(\"Invalid or missing fields\");\n  expect(req.body.details).to.exist;\n});",
              "err": {},
              "uuid": "0f648125-bd93-4010-a441-47b4cafde554",
              "parentUUID": null,
              "isHook": false,
              "skipped": true
            },
            {
              "title": "check mutation - object created in database",
              "fullTitle": "POST /api/products/:productId/bids check mutation - object created in database",
              "timedOut": null,
              "duration": 0,
              "state": "skipped",
              "speed": null,
              "pass": false,
              "fail": false,
              "pending": false,
              "context": null,
              "code": "cy.request({\n  method: \"POST\",\n  url: \"http://localhost:3000/api/products/a0f7c522-78f8-442e-a55d-642cfe566634/bids\",\n  headers: {\n    Authorization: `Bearer ${_tokens.aliceToken}`\n  },\n  body: {\n    price: 42\n  }\n}).then(response => {\n  expect(response.status).to.be.eq(201);\n  const newBid = response.body;\n  cy.request(\"http://localhost:3000/api/products/a0f7c522-78f8-442e-a55d-642cfe566634\").then(response => {\n    const product = response.body;\n    expect(product.bids.some(bid => bid.id === newBid.id)).to.be.true;\n  });\n});",
              "err": {},
              "uuid": "ef251d3c-c310-4e2e-85a7-55c7d0ce470f",
              "parentUUID": null,
              "isHook": false,
              "skipped": true
            }
          ],
          "suites": [],
          "passes": [],
          "failures": [],
          "pending": [],
          "skipped": [
            "95566818-c8b3-4fef-af68-4f7f007f750a",
            "5f309edd-15f1-467b-99e0-31965e74d88c",
            "0f648125-bd93-4010-a441-47b4cafde554",
            "ef251d3c-c310-4e2e-85a7-55c7d0ce470f"
          ],
          "duration": 0,
          "root": false,
          "rootEmpty": false,
          "_timeout": 2000
        },
        {
          "uuid": "b891840b-2c45-4e61-89fd-f26e90b40892",
          "title": "DELETE /bids/:bidId",
          "fullFile": "",
          "file": "",
          "beforeHooks": [],
          "afterHooks": [],
          "tests": [
            {
              "title": "returns 401 - not authorized",
              "fullTitle": "DELETE /bids/:bidId returns 401 - not authorized",
              "timedOut": null,
              "duration": 0,
              "state": "skipped",
              "speed": null,
              "pass": false,
              "fail": false,
              "pending": false,
              "context": null,
              "code": "cy.request({\n  method: \"DELETE\",\n  url: endpoint,\n  headers: {\n    Authorization: `Bearer BAD_TOKEN`\n  },\n  failOnStatusCode: false\n}).its(\"status\").should(\"equal\", 401);",
              "err": {},
              "uuid": "bf55b602-7139-47ad-bcaf-f8e03452e071",
              "parentUUID": null,
              "isHook": false,
              "skipped": true
            },
            {
              "title": "returns 204 - success, when owner edit",
              "fullTitle": "DELETE /bids/:bidId returns 204 - success, when owner edit",
              "timedOut": null,
              "duration": 0,
              "state": "skipped",
              "speed": null,
              "pass": false,
              "fail": false,
              "pending": false,
              "context": null,
              "code": "cy.request({\n  url: endpoint,\n  method: \"DELETE\",\n  headers: {\n    Authorization: `Bearer ${_tokens.charlyToken}`\n  }\n}).its(\"status\").should(\"equal\", 204);",
              "err": {},
              "uuid": "912e3916-01f8-4f50-9452-bc0837a3ac5d",
              "parentUUID": null,
              "isHook": false,
              "skipped": true
            },
            {
              "title": "returns 403 - forbidden, when non owner edit",
              "fullTitle": "DELETE /bids/:bidId returns 403 - forbidden, when non owner edit",
              "timedOut": null,
              "duration": 0,
              "state": "skipped",
              "speed": null,
              "pass": false,
              "fail": false,
              "pending": false,
              "context": null,
              "code": "cy.request({\n  url: endpoint,\n  method: \"DELETE\",\n  headers: {\n    Authorization: `Bearer ${_tokens.bobToken}`\n  },\n  failOnStatusCode: false\n}).its(\"status\").should(\"equal\", 403);",
              "err": {},
              "uuid": "cc869d67-8284-48a6-b78b-56acacc9a1b3",
              "parentUUID": null,
              "isHook": false,
              "skipped": true
            },
            {
              "title": "returns 204 - success, when admin edit",
              "fullTitle": "DELETE /bids/:bidId returns 204 - success, when admin edit",
              "timedOut": null,
              "duration": 0,
              "state": "skipped",
              "speed": null,
              "pass": false,
              "fail": false,
              "pending": false,
              "context": null,
              "code": "cy.request({\n  url: endpoint,\n  method: \"DELETE\",\n  headers: {\n    Authorization: `Bearer ${_tokens.adminToken}`\n  }\n}).its(\"status\").should(\"equal\", 204);",
              "err": {},
              "uuid": "097c3c3d-f7a6-47f1-b2b7-ab22d88677f1",
              "parentUUID": null,
              "isHook": false,
              "skipped": true
            },
            {
              "title": "returns 404 - not found",
              "fullTitle": "DELETE /bids/:bidId returns 404 - not found",
              "timedOut": null,
              "duration": 0,
              "state": "skipped",
              "speed": null,
              "pass": false,
              "fail": false,
              "pending": false,
              "context": null,
              "code": "cy.request({\n  url: \"http://localhost:3000/api/products/not-existing-id\",\n  method: \"DELETE\",\n  headers: {\n    Authorization: `Bearer ${_tokens.aliceToken}`\n  },\n  failOnStatusCode: false\n}).its(\"status\").should(\"equal\", 404);",
              "err": {},
              "uuid": "5b9ea781-ee01-4357-b5ad-b229d5d03850",
              "parentUUID": null,
              "isHook": false,
              "skipped": true
            },
            {
              "title": "check mutation - object deleted in database",
              "fullTitle": "DELETE /bids/:bidId check mutation - object deleted in database",
              "timedOut": null,
              "duration": 0,
              "state": "skipped",
              "speed": null,
              "pass": false,
              "fail": false,
              "pending": false,
              "context": null,
              "code": "cy.request({\n  url: \"http://localhost:3000/api/products/a0f7c522-78f8-442e-a55d-642cfe566634\",\n  method: \"GET\",\n  headers: {\n    Authorization: `Bearer ${_tokens.aliceToken}`\n  }\n}).then(response => {\n  const product = response.body;\n  expect(product.bids.some(bid => bid.id === \"8ccc6e79-f3c9-43e9-b47e-5be7b84d8de7\")).to.be.true;\n  cy.request({\n    url: endpoint,\n    method: \"DELETE\",\n    headers: {\n      Authorization: `Bearer ${_tokens.charlyToken}`\n    }\n  }).then(response => {\n    expect(response.status).to.be.eq(204);\n    cy.request({\n      url: \"http://localhost:3000/api/products/a0f7c522-78f8-442e-a55d-642cfe566634\",\n      method: \"GET\",\n      headers: {\n        Authorization: `Bearer ${_tokens.aliceToken}`\n      },\n      failOnStatusCode: false\n    }).then(response => {\n      const product = response.body;\n      expect(product.bids.some(bid => bid.id === \"8ccc6e79-f3c9-43e9-b47e-5be7b84d8de7\")).to.be.false;\n    });\n  });\n});",
              "err": {},
              "uuid": "0884fcee-7988-4204-b05a-a78c39f68319",
              "parentUUID": null,
              "isHook": false,
              "skipped": true
            }
          ],
          "suites": [],
          "passes": [],
          "failures": [],
          "pending": [],
          "skipped": [
            "bf55b602-7139-47ad-bcaf-f8e03452e071",
            "912e3916-01f8-4f50-9452-bc0837a3ac5d",
            "cc869d67-8284-48a6-b78b-56acacc9a1b3",
            "097c3c3d-f7a6-47f1-b2b7-ab22d88677f1",
            "5b9ea781-ee01-4357-b5ad-b229d5d03850",
            "0884fcee-7988-4204-b05a-a78c39f68319"
          ],
          "duration": 0,
          "root": false,
          "rootEmpty": false,
          "_timeout": 2000
        },
        {
          "uuid": "aa6dc86c-e753-479b-9563-58b99b260f4e",
          "title": "GET /api/users/:userId",
          "fullFile": "",
          "file": "",
          "beforeHooks": [],
          "afterHooks": [],
          "tests": [
            {
              "title": "returns 404 - not found",
              "fullTitle": "GET /api/users/:userId returns 404 - not found",
              "timedOut": null,
              "duration": 0,
              "state": "skipped",
              "speed": null,
              "pass": false,
              "fail": false,
              "pending": false,
              "context": null,
              "code": "cy.request({\n  url: \"http://localhost:3000/api/users/not-existing-id\",\n  failOnStatusCode: false\n}).its(\"status\").should(\"equal\", 404);",
              "err": {},
              "uuid": "420ccdf5-d40a-47b0-b8c6-a3c3b1cabc48",
              "parentUUID": null,
              "isHook": false,
              "skipped": true
            },
            {
              "title": "returns 200 - success",
              "fullTitle": "GET /api/users/:userId returns 200 - success",
              "timedOut": null,
              "duration": 0,
              "state": "skipped",
              "speed": null,
              "pass": false,
              "fail": false,
              "pending": false,
              "context": null,
              "code": "cy.request(\"http://localhost:3000/api/users/1f2fadb1-0d7e-47a7-9d5b-ed031d665d3e\").then(response => {\n  expect(response.status).to.be.eq(200);\n  expect(response.headers[\"content-type\"]).to.contains(\"application/json\");\n  const user = response.body;\n  expect(user.id).to.eq(\"1f2fadb1-0d7e-47a7-9d5b-ed031d665d3e\");\n  expect(user.username).to.be.eq(\"alice\");\n  expect(user.admin).to.be.false;\n  for (let product of user.products) {\n    expect(product.id).to.be.a(\"string\");\n    expect(product.id).to.match(_pattern.UUIDv4);\n    expect(product.description).to.be.a(\"string\");\n    expect(product.category).to.be.a(\"string\");\n    expect(product.originalPrice).to.be.a(\"number\");\n    expect(product.pictureUrl).to.be.a(\"string\");\n    expect(product.endDate).to.be.a(\"string\");\n    expect(product.endDate).to.match(_pattern.IOS8601);\n  }\n  for (let bid of user.bids) {\n    expect(bid.id).to.be.a(\"string\");\n    expect(bid.id).to.match(_pattern.UUIDv4);\n    expect(bid.price).to.be.a(\"number\");\n    expect(bid.date).to.be.a(\"string\");\n    expect(bid.date).to.match(_pattern.IOS8601);\n    expect(bid.product.id).to.a(\"string\");\n    expect(bid.product.id).to.match(_pattern.UUIDv4);\n    expect(bid.product.name).to.a(\"string\");\n  }\n});",
              "err": {},
              "uuid": "b3ec56d5-d0d1-46d2-b1f7-33427aac27f3",
              "parentUUID": null,
              "isHook": false,
              "skipped": true
            }
          ],
          "suites": [],
          "passes": [],
          "failures": [],
          "pending": [],
          "skipped": [
            "420ccdf5-d40a-47b0-b8c6-a3c3b1cabc48",
            "b3ec56d5-d0d1-46d2-b1f7-33427aac27f3"
          ],
          "duration": 0,
          "root": false,
          "rootEmpty": false,
          "_timeout": 2000
        }
      ],
      "passes": [],
      "failures": [],
      "pending": [],
      "skipped": [],
      "duration": 0,
      "root": true,
      "rootEmpty": true,
      "_timeout": 2000
    }
  ],
  "meta": {
    "mocha": {
      "version": "7.0.1"
    },
    "mochawesome": {
      "options": {
        "quiet": false,
        "reportFilename": "mochawesome",
        "saveHtml": false,
        "saveJson": true,
        "consoleReporter": "spec",
        "useInlineDiffs": false,
        "code": true
      },
      "version": "7.1.3"
    },
    "marge": {
      "options": {
        "reportDir": "cypress/results",
        "overwrite": false,
        "html": false,
        "json": true
      },
      "version": "6.2.0"
    }
  }
}