{
  "stats": {
    "suites": 8,
    "tests": 31,
    "passes": 29,
    "pending": 0,
    "failures": 2,
    "start": "2024-03-29T09:10:35.415Z",
    "end": "2024-03-29T09:10:43.088Z",
    "duration": 7673,
    "testsRegistered": 31,
    "passPercent": 93.54838709677419,
    "pendingPercent": 0,
    "other": 0,
    "hasOther": false,
    "skipped": 0,
    "hasSkipped": false
  },
  "results": [
    {
      "uuid": "13f3cc8a-a52a-4d61-99c8-4938e04c1f36",
      "title": "",
      "fullFile": "cypress\\e2e\\backend\\endpoints.cy.js",
      "file": "cypress\\e2e\\backend\\endpoints.cy.js",
      "beforeHooks": [],
      "afterHooks": [],
      "tests": [],
      "suites": [
        {
          "uuid": "20244c1d-8cdd-4086-acba-912474ad8565",
          "title": "GET /api/products",
          "fullFile": "",
          "file": "",
          "beforeHooks": [],
          "afterHooks": [],
          "tests": [
            {
              "title": "returns 200 - success",
              "fullTitle": "GET /api/products returns 200 - success",
              "timedOut": null,
              "duration": 510,
              "state": "failed",
              "speed": null,
              "pass": false,
              "fail": true,
              "pending": false,
              "context": null,
              "code": "cy.request(endpoint).then(response => {\n  expect(response.status).to.be.eq(200);\n  expect(response.headers[\"content-type\"]).to.contains(\"application/json\");\n  for (let product of response.body) {\n    expect(product.id).to.be.a(\"string\");\n    expect(product.id).to.be.match(_pattern.UUIDv4);\n    expect(product.name).to.be.a(\"string\");\n    expect(product.description).to.be.a(\"string\");\n    expect(product.category).to.be.a(\"string\");\n    expect(product.originalPrice).to.be.a(\"number\");\n    expect(product.pictureUrl).to.be.a(\"string\");\n    expect(product.endDate).to.be.a(\"string\");\n    expect(product.endDate).to.match(_pattern.IOS8601);\n    expect(product.seller.id).to.be.a(\"string\");\n    expect(product.seller.username).to.be.a(\"string\");\n    for (let bid of product.bids) {\n      expect(bid.id).to.be.a(\"string\");\n      expect(bid.id).to.match(_pattern.UUIDv4);\n      expect(bid.price).to.be.a(\"number\");\n      expect(bid.date).to.be.a(\"string\");\n      expect(bid.date).to.match(_pattern.IOS8601);\n    }\n    const fixtureProduct = response.body.find(item => {\n      return item.id === \"a0f7c522-78f8-442e-a55d-642cfe566634\";\n    });\n    expect(fixtureProduct.id).to.be.eq(\"a0f7c522-78f8-442e-a55d-642cfe566634\");\n    expect(fixtureProduct.name).to.be.eq(\"Lot de casseroles\");\n    expect(fixtureProduct.description).to.be.eq(\"Ensemble de casseroles de qualité supérieure pour répondre à tous vos besoins culinaires.\");\n    expect(fixtureProduct.category).to.be.eq(\"Cuisine\");\n    expect(fixtureProduct.originalPrice).to.be.eq(40);\n    expect(fixtureProduct.pictureUrl).to.be.eq(\"https://image.noelshack.com/fichiers/2023/12/4/1679526253-65535-51812547429-fe1cc0d832-c-512-512-nofilter.jpg\");\n    expect(fixtureProduct.seller.id).to.be.eq(_tokens.aliceId);\n    expect(fixtureProduct.seller.username).to.be.eq(\"alice\");\n    expect(fixtureProduct.bids.some(bid => bid.price === 65)).to.be.true;\n  }\n});",
              "err": {
                "message": "CypressError: `cy.request()` failed on:\n\nhttp://localhost:3000/api/products\n\nThe response we received from your web server was:\n\n  > 500: Internal Server Error\n\nThis was considered a failure because the status code was not `2xx` or `3xx`.\n\nIf you do not want status codes to cause failures pass the option: `failOnStatusCode: false`\n\n-----------------------------------------------------------\n\nThe request we sent was:\n\nMethod: GET\nURL: http://localhost:3000/api/products\nHeaders: {\n  \"Connection\": \"keep-alive\",\n  \"user-agent\": \"Mozilla/5.0 (Windows NT 10.0; Win64; x64) AppleWebKit/537.36 (KHTML, like Gecko) HeadlessChrome/123.0.0.0 Safari/537.36\",\n  \"accept\": \"*/*\",\n  \"accept-encoding\": \"gzip, deflate\"\n}\n\n-----------------------------------------------------------\n\nThe response we got was:\n\nStatus: 500 - Internal Server Error\nHeaders: {\n  \"x-powered-by\": \"Express\",\n  \"access-control-allow-origin\": \"*\",\n  \"content-type\": \"application/json; charset=utf-8\",\n  \"content-length\": \"41542\",\n  \"etag\": \"W/\\\"a246-5toWMa5d7Cud5L8rZmHpr1JBVTQ\\\"\",\n  \"date\": \"Fri, 29 Mar 2024 09:10:35 GMT\",\n  \"connection\": \"keep-alive\",\n  \"keep-alive\": \"timeout=5\"\n}\nBody: [\n  {\n    \"id\": \"1f6d7a8d-5329-4e3d-a9db-063aa17ed610\",\n    \"name\": \"Lot de dés\",\n    \"description\": \"Ce lot de dés de haute qualité est parfait pour tous vos jeux de société préférés, offrant une précision et une équité de jeu exceptionnelles à chaque fois.\",\n    \"category\": \"Jeux\",\n    \"originalPrice\": 12,\n    \"pictureUrl\": \"https://image.noelshack.com/fichiers/2023/12/4/1679526253-65535-52754887718-bfd87fcc66-c-512-512-nofilter.jpg\",\n    \"endDate\": \"2024-04-02T09:10:35.472Z\",\n    \"sellerId\": \"2f8e9450-aeab-4ece-a9bb-fb5212f28755\",\n    \"createdAt\": \"2024-03-29T09:10:35.472Z\",\n    \"updatedAt\": \"2024-03-29T09:10:35.472Z\",\n    \"seller\": {\n      \"id\": \"2f8e9450-aeab-4ece-a9bb-fb5212f28755\",\n      \"username\": \"bob\"\n    },\n    \"bids\": [\n      {\n        \"id\": \"1178b6fa-8a59-41ea-aeee-5da4715af765\",\n        \"productId\": \"1f6d7a8d-5329-4e3d-a9db-063aa17ed610\",\n        \"bidderId\": \"1f2fadb1-0d7e-47a7-9d5b-ed031d665d3e\",\n        \"price\": 52,\n        \"date\": \"2024-03-30T15:10:35.494Z\",\n        \"createdAt\": \"2024-03-29T09:10:35.494Z\",\n        \"updatedAt\": \"2024-03-29T09:10:35.494Z\"\n      }\n    ]\n  },\n  {\n    \"id\": \"c9be1429-9413-4e4c-9c24-27bf92605520\",\n    \"name\": \"Chapeau en poil de chameau\",\n    \"description\": \"Ce chapeau en poil de chameau est un véritable chef-d'œuvre artisanal, doux au toucher et résistant pour une durabilité à long terme.\",\n    \"category\": \"Mode\",\n    \"originalPrice\": 23,\n    \"pictureUrl\": \"https://image.noelshack.com/fichiers/2023/12/4/1679526253-65535-51925549650-96f088a093-b-512-512-nofilter.jpg\",\n    \"endDate\": \"2024-04-08T09:10:35.476Z\",\n    \"sellerId\": \"1f2fadb1-0d7e-47a7-9d5b-ed031d665d3e\",\n    \"createdAt\": \"2024-03-29T09:10:35.476Z\",\n    \"updatedAt\": \"2024-03-29T09:10:35.476Z\",\n    \"seller\": {\n      \"id\": \"1f2fadb1-0d7e-47a7-9d5b-ed031d665d3e\",\n      \"username\": \"alice\"\n    },\n    \"bids\": [\n      {\n        \"id\": \"24763812-2f27-4c15-b4c7-dfd890699a2a\",\n        \"productId\": \"c9be1429-9413-4e4c-9c24-27bf92605520\",\n        \"bidderId\": \"3fedcc56-b1cf-446f-bfac-47c9d374bc18\",\n        \"price\": 314,\n        \"date\": \"2024-04-06T09:10:35.496Z\",\n        \"createdAt\": \"2024-03-29T09:10:35.498Z\",\n        \"updatedAt\": \"2024-03-29T09:10:35.498Z\"\n      },\n      {\n        \"id\": \"76f32e4f-8169-46f9-b095-81618d612bee\",\n        \"productId\": \"c9be1429-9413-4e4c-9c24-27bf92605520\",\n        \"bidderId\": \"3fedcc56-b1cf-446f-bfac-47c9d374bc18\",\n        \"price\": 209,\n        \"date\": \"2024-04-01T21:10:35.496Z\",\n        \"createdAt\": \"2024-03-29T09:10:35.497Z\",\n        \"updatedAt\": \"2024-03-29T09:10:35.497Z\"\n      },\n      {\n        \"id\": \"b7419f7c-ecf5-4412-b2dd-3793eb35016e\",\n        \"productId\": \"c9be1429-9413-4e4c-9c24-27bf92605520\",\n        \"bidderId\": \"2f8e9450-aeab-4ece-a9bb-fb5212f28755\",\n        \"price\": 121,\n        \"date\": \"2024-03-31T09:10:35.496Z\",\n        \"createdAt\": \"2024-03-29T09:10:35.496Z\",\n        \"updatedAt\": \"2024-03-29T09:10:35.496Z\"\n      },\n      {\n        \"id\": \"d75e111a-3b68-4d42-96ed-d9b642402528\",\n        \"productId\": \"c9be1429-9413-4e4c-9c24-27bf92605520\",\n        \"bidderId\": \"2f8e9450-aeab-4ece-a9bb-fb5212f28755\",\n        \"price\": 331,\n        \"date\": \"2024-04-06T15:10:35.496Z\",\n        \"createdAt\": \"2024-03-29T09:10:35.499Z\",\n        \"updatedAt\": \"2024-03-29T09:10:35.499Z\"\n      },\n      {\n        \"id\": \"ea3df871-520a-4dba-acd2-463d3234d57a\",\n        \"productId\": \"c9be1429-9413-4e4c-9c24-27bf92605520\",\n        \"bidderId\": \"2f8e9450-aeab-4ece-a9bb-fb5212f28755\",\n        \"price\": 233,\n        \"date\": \"2024-04-02T09:10:35.496Z\",\n        \"createdAt\": \"2024-03-29T09:10:35.497Z\",\n        \"updatedAt\": \"2024-03-29T09:10:35.497Z\"\n      }\n    ]\n  },\n  {\n    \"id\": \"3c08099e-a5e6-4ad8-b8cb-031996886ac3\",\n    \"name\": \"Ampli de guitare\",\n    \"description\": \"Cet ampli de guitare de haute qualité offre une puissance de sortie incroyable pour un son exceptionnel.\",\n    \"category\": \"Musique\",\n    \"originalPrice\": 60,\n    \"pictureUrl\": \"https://image.noelshack.com/fichiers/2023/12/4/1679526253-65535-51883980423-da890ca813-b-512-512-nofilter.jpg\",\n    \"endDate\": \"2024-04-08T09:10:35.477Z\",\n    \"sellerId\": \"1f2fadb1-0d7e-47a7-9d5b-ed031d665d3e\",\n    \"createdAt\": \"2024-03-29T09:10:35.477Z\",\n    \"updatedAt\": \"2024-03-29T09:10:35.477Z\",\n    \"seller\": {\n      \"id\": \"1f2fadb1-0d7e-47a7-9d5b-ed031d665d3e\",\n      \"username\": \"alice\"\n    },\n    \"bids\": [\n      {\n        \"id\": \"0c3b4a4e-d880-4436-823e-3c7eb8bbc092\",\n        \"productId\": \"3c08099e-a5e6-4ad8-b8cb-031996886ac3\",\n        \"bidderId\": \"3fedcc56-b1cf-446f-bfac-47c9d374bc18\",\n        \"price\": 424,\n        \"date\": \"2024-04-08T03:10:35.500Z\",\n        \"createdAt\": \"2024-03-29T09:10:35.506Z\",\n        \"updatedAt\": \"2024-03-29T09:10:35.506Z\"\n      },\n      {\n        \"id\": \"145cab7e-d308-4df8-bf82-7de294fb7575\",\n        \"productId\": \"3c08099e-a5e6-4ad8-b8cb-031996886ac3\",\n        \"bidderId\": \"3fedcc56-b1cf-446f-bfac-47c9d374bc18\",\n        \"price\": 217,\n        \"date\": \"2024-04-01T15:10:35.500Z\",\n        \"createdAt\": \"2024-03-29T09:10:35.502Z\",\n        \"updatedAt\": \"2024-03-29T09:10:35.502Z\"\n      },\n      {\n        \"id\": \"22c8f982-27d9-47fa-b981-106cc45f0a6e\",\n        \"productId\": \"3c08099e-a5e6-4ad8-b8cb-031996886ac3\",\n        \"bidderId\": \"2f8e9450-aeab-4ece-a9bb-fb5212f28755\",\n        \"price\": 381,\n        \"date\": \"2024-04-06T15:10:35.500Z\",\n        \"createdAt\": \"2024-03-29T09:10:35.505Z\",\n        \"updatedAt\": \"2024-03-29T09:10:35.505Z\"\n      },\n      {\n        \"id\": \"3451d4c0-463e-44e8-a08e-cc408f418104\",\n        \"productId\": \"3c08099e-a5e6-4ad8-b8cb-031996886ac3\",\n        \"bidderId\": \"2f8e9450-aeab-4ece-a9bb-fb5212f28755\",\n        \"price\": 125,\n        \"date\": \"2024-04-01T03:10:35.500Z\",\n        \"createdAt\": \"2024-03-29T09:10:35.501Z\",\n        \"updatedAt\": \"2024-03-29T09:10:35.501Z\"\n      },\n      {\n        \"id\": \"396befa3-9e78-414f-ad46-c9957bb85e07\",\n        \"productId\": \"3c08099e-a5e6-4ad8-b8cb-031996886ac3\",\n        \"bidderId\": \"3fedcc56-b1cf-446f-bfac-47c9d374bc18\",\n        \"price\": 67,\n        \"date\": \"2024-03-31T15:10:35.500Z\",\n        \"createdAt\": \"2024-03-29T09:10:35.501Z\",\n        \"updatedAt\": \"2024-03-29T09:10:35.501Z\"\n      },\n      {\n        \"id\": \"69b51d02-a087-4d8a-9566-3b79e3be1bb8\",\n        \"productId\": \"3c08099e-a5e6-4ad8-b8cb-031996886ac3\",\n        \"bidderId\": \"2f8e9450-aeab-4ece-a9bb-fb5212f28755\",\n        \"price\": 66,\n        \"date\": \"2024-03-30T09:10:35.500Z\",\n        \"createdAt\": \"2024-03-29T09:10:35.500Z\",\n        \"updatedAt\": \"2024-03-29T09:10:35.500Z\"\n      },\n      {\n        \"id\": \"a457ae48-cf3f-4f71-a3ca-dccad8a2b15f\",\n        \"productId\": \"3c08099e-a5e6-4ad8-b8cb-031996886ac3\",\n        \"bidderId\": \"3fedcc56-b1cf-446f-bfac-47c9d374bc18\",\n        \"price\": 335,\n        \"date\": \"2024-04-03T15:10:35.500Z\",\n        \"createdAt\": \"2024-03-29T09:10:35.504Z\",\n        \"updatedAt\": \"2024-03-29T09:10:35.504Z\"\n      },\n      {\n        \"id\": \"be8550d0-6801-46ee-a420-457b64c1904a\",\n        \"productId\": \"3c08099e-a5e6-4ad8-b8cb-031996886ac3\",\n        \"bidderId\": \"2f8e9450-aeab-4ece-a9bb-fb5212f28755\",\n        \"price\": 276,\n        \"date\": \"2024-04-02T03:10:35.500Z\",\n        \"createdAt\": \"2024-03-29T09:10:35.503Z\",\n        \"updatedAt\": \"2024-03-29T09:10:35.503Z\"\n      }\n    ]\n  },\n  {\n    \"id\": \"2cec6285-57a7-4a08-ae1b-42938a08c17f\",\n    \"name\": \"Rocking chair blanc\",\n    \"description\": \"Détendez-vous en tout confort avec ce superbe rocking chair blanc, conçu pour ajouter une touche de charme intemporel à votre intérieur.\",\n    \"category\": \"Mobilier\",\n    \"originalPrice\": 140,\n    \"pictureUrl\": \"https://image.noelshack.com/fichiers/2023/12/4/1679526253-65535-49349175631-1a86442db0-c-512-512-nofilter.jpg\",\n    \"endDate\": \"2024-04-03T09:10:35.479Z\",\n    \"sellerId\": \"1f2fadb1-0d7e-47a7-9d5b-ed031d665d3e\",\n    \"createdAt\": \"2024-03-29T09:10:35.479Z\",\n    \"updatedAt\": \"2024-03-29T09:10:35.479Z\",\n    \"seller\": {\n      \"id\": \"1f2fadb1-0d7e-47a7-9d5b-ed031d665d3e\",\n      \"username\": \"alice\"\n    },\n    \"bids\": [\n      {\n        \"id\": \"2b14a854-bf85-4aed-be68-473e23d34bf9\",\n        \"productId\": \"2cec6285-57a7-4a08-ae1b-42938a08c17f\",\n        \"bidderId\": \"2f8e9450-aeab-4ece-a9bb-fb5212f28755\",\n        \"price\": 222,\n        \"date\": \"2024-03-31T03:10:35.508Z\",\n        \"createdAt\": \"2024-03-29T09:10:35.508Z\",\n        \"updatedAt\": \"2024-03-29T09:10:35.508Z\"\n      },\n      {\n        \"id\": \"8bbf99b6-4534-44e9-94f7-f4d0ad7d733c\",\n        \"productId\": \"2cec6285-57a7-4a08-ae1b-42938a08c17f\",\n        \"bidderId\": \"3fedcc56-b1cf-446f-bfac-47c9d374bc18\",\n        \"price\": 305,\n        \"date\": \"2024-03-31T09:10:35.508Z\",\n        \"createdAt\": \"2024-03-29T09:10:35.509Z\",\n        \"updatedAt\": \"2024-03-29T09:10:35.509Z\"\n      },\n      {\n        \"id\": \"e2a1f425-d58b-4d63-a7f3-df06df18f28b\",\n        \"productId\": \"2cec6285-57a7-4a08-ae1b-42938a08c17f\",\n        \"bidderId\": \"2f8e9450-aeab-4ece-a9bb-fb5212f28755\",\n        \"price\": 393,\n        \"date\": \"2024-03-31T21:10:35.508Z\",\n        \"createdAt\": \"2024-03-29T09:10:35.509Z\",\n        \"updatedAt\": \"2024-03-29T09:10:35.509Z\"\n      }\n    ]\n  },\n  {\n    \"id\": \"a0f7c522-78f8-442e-a55d-642cfe566634\",\n    \"name\": \"Lot de casseroles\",\n    \"description\": \"Ensemble de casseroles de qualité supérieure pour répondre à tous vos besoins culinaires.\",\n    \"category\": \"Cuisine\",\n    \"originalPrice\": 40,\n    \"pictureUrl\": \"https://image.noelshack.com/fichiers/2023/12/4/1679526253-65535-51812547429-fe1cc0d832-c-512-512-nofilter.jpg\",\n    \"endDate\": \"2024-04-02T09:10:35.480Z\",\n    \"sellerId\": \"1f2fadb1-0d7e-47a7-9d5b-ed031d665d3e\",\n    \"createdAt\": \"2024-03-29T09:10:35.480Z\",\n    \"updatedAt\": \"2024-03-29T09:10:35.480Z\",\n    \"seller\": {\n      \"id\": \"1f2fadb1-0d7e-47a7-9d5b-ed031d665d3e\",\n      \"username\": \"alice\"\n    },\n    \"bids\": [\n      {\n        \"id\": \"5ef3e786-45c6-425d-b55c-636572cc2d81\",\n        \"productId\": \"a0f7c522-78f8-442e-a55d-642cfe566634\",\n        \"bidderId\": \"3fedcc56-b1cf-446f-bfac-47c9d374bc18\",\n        \"price\": 185,\n        \"date\": \"2024-03-28T21:10:35.607Z\",\n        \"createdAt\": \"2024-03-29T09:10:35.608Z\",\n        \"updatedAt\": \"2024-03-29T09:10:35.608Z\"\n      },\n      {\n        \"id\": \"6ef1b94b-53a4-4c94-b335-61c65529001a\",\n        \"productId\": \"a0f7c522-78f8-442e-a55d-642cfe566634\",\n        \"bidderId\": \"2f8e9450-aeab-4ece-a9bb-fb5212f28755\",\n        \"price\": 103,\n        \"date\": \"2024-03-27T09:10:35.606Z\",\n        \"createdAt\": \"2024-03-29T09:10:35.606Z\",\n        \"updatedAt\": \"2024-03-29T09:10:35.606Z\"\n      },\n      {\n        \"id\": \"8ccc6e79-f3c9-43e9-b47e-5be7b84d8de7\",\n        \"productId\": \"a0f7c522-78f8-442e-a55d-642cfe566634\",\n        \"bidderId\": \"3fedcc56-b1cf-446f-bfac-47c9d374bc18\",\n        \"price\": 65,\n        \"date\": \"2024-03-26T09:10:35.605Z\",\n        \"createdAt\": \"2024-03-29T09:10:35.605Z\",\n        \"updatedAt\": \"2024-03-29T09:10:35.605Z\"\n      }\n    ]\n  },\n  {\n    \"id\": \"b0c4735c-7541-4722-87e7-a60c7b17169b\",\n    \"name\": \"MacBook\",\n    \"description\": \"Obtenez des performances incroyables avec ce MacBook de qualité supérieure, conçu pour une productivité sans faille et une expérience informatique exceptionnelle.\",\n    \"category\": \"High-Tech\",\n    \"originalPrice\": 850,\n    \"pictureUrl\": \"https://picsum.photos/id/6/512/512\",\n    \"endDate\": \"2024-03-26T09:10:35.481Z\",\n    \"sellerId\": \"1f2fadb1-0d7e-47a7-9d5b-ed031d665d3e\",\n    \"createdAt\": \"2024-03-29T09:10:35.481Z\",\n    \"updatedAt\": \"2024-03-29T09:10:35.481Z\",\n    \"seller\": {\n      \"id\": \"1f2fadb1-0d7e-47a7-9d5b-ed031d665d3e\",\n      \"username\": \"alice\"\n    },\n    \"bids\": []\n  },\n  {\n    \"id\": \"c07a7bdb-f3ce-41ba-b009-b29ad551d4bc\",\n    \"name\": \"Escarpins blancs\",\n    \"description\": \"Ajoutez une touche de sophistication à votre garde-robe avec ces superbes escarpins blancs, parfaits pour toutes les occasions, qu'elles soient habillées ou décontractées.\",\n    \"category\": \"Chaussure\",\n    \"originalPrice\": 89,\n    \"pictureUrl\": \"https://picsum.photos/id/21/512/512\",\n    \"endDate\": \"2024-04-12T09:10:35.482Z\",\n    \"sellerId\": \"3fedcc56-b1cf-446f-bfac-47c9d374bc18\",\n    \"createdAt\": \"2024-03-29T09:10:35.482Z\",\n    \"updatedAt\": \"2024-03-29T09:10:35.482Z\",\n    \"seller\": {\n      \"id\": \"3fedcc56-b1cf-446f-bfac-47c9d374bc18\",\n      \"username\": \"charly\"\n    },\n    \"bids\": [\n      {\n        \"id\": \"152be0e2-c3a3-46be-a433-8492e405a714\",\n        \"productId\": \"c07a7bdb-f3ce-41ba-b009-b29ad551d4bc\",\n        \"bidderId\": \"2f8e9450-aeab-4ece-a9bb-fb5212f28755\",\n        \"price\": 136,\n        \"date\": \"2024-04-05T03:10:35.510Z\",\n        \"createdAt\": \"2024-03-29T09:10:35.511Z\",\n        \"updatedAt\": \"2024-03-29T09:10:35.511Z\"\n      },\n      {\n        \"id\": \"416d5b95-7a82-420e-8d0c-cb7e6313b13c\",\n        \"productId\": \"c07a7bdb-f3ce-41ba-b009-b29ad551d4bc\",\n        \"bidderId\": \"2f8e9450-aeab-4ece-a9bb-fb5212f28755\",\n        \"price\": 266,\n        \"date\": \"2024-04-06T15:10:35.510Z\",\n        \"createdAt\": \"2024-03-29T09:10:35.513Z\",\n        \"updatedAt\": \"2024-03-29T09:10:35.513Z\"\n      },\n      {\n        \"id\": \"a7133686-dd2f-475f-a108-c654f042b6e2\",\n        \"productId\": \"c07a7bdb-f3ce-41ba-b009-b29ad551d4bc\",\n        \"bidderId\": \"1f2fadb1-0d7e-47a7-9d5b-ed031d665d3e\",\n        \"price\": 91,\n        \"date\": \"2024-03-31T21:10:35.510Z\",\n        \"createdAt\": \"2024-03-29T09:10:35.510Z\",\n        \"updatedAt\": \"2024-03-29T09:10:35.510Z\"\n      },\n      {\n        \"id\": \"a8260bcb-767c-408b-a2e0-c1e5fa7b81dc\",\n        \"productId\": \"c07a7bdb-f3ce-41ba-b009-b29ad551d4bc\",\n        \"bidderId\": \"1f2fadb1-0d7e-47a7-9d5b-ed031d665d3e\",\n        \"price\": 194,\n        \"date\": \"2024-04-05T21:10:35.510Z\",\n        \"createdAt\": \"2024-03-29T09:10:35.512Z\",\n        \"updatedAt\": \"2024-03-29T09:10:35.512Z\"\n      },\n      {\n        \"id\": \"e931abfb-0d95-4171-b1fc-7190bf3b5686\",\n        \"productId\": \"c07a7bdb-f3ce-41ba-b009-b29ad551d4bc\",\n        \"bidderId\": \"1f2fadb1-0d7e-47a7-9d5b-ed031d665d3e\",\n        \"price\": 348,\n        \"date\": \"2024-04-11T21:10:35.510Z\",\n        \"createdAt\": \"2024-03-29T09:10:35.513Z\",\n        \"updatedAt\": \"2024-03-29T09:10:35.513Z\"\n      }\n    ]\n  },\n  {\n    \"id\": \"ffe11e72-1b86-4825-8098-d13f5ab89a87\",\n    \"name\": \"Horloge\",\n    \"description\": \"Horloge élégante et fonctionnelle pour ajouter une touche de sophistication à n'importe quelle pièce de votre maison.\",\n    \"category\": \"Mobilier\",\n    \"originalPrice\": 26,\n    \"pictureUrl\": \"https://picsum.photos/id/175/512/512\",\n    \"endDate\": \"2024-04-08T09:10:35.483Z\",\n    \"sellerId\": \"3fedcc56-b1cf-446f-bfac-47c9d374bc18\",\n    \"createdAt\": \"2024-03-29T09:10:35.483Z\",\n    \"updatedAt\": \"2024-03-29T09:10:35.483Z\",\n    \"seller\": {\n      \"id\": \"3fedcc56-b1cf-446f-bfac-47c9d374bc18\",\n      \"username\": \"charly\"\n    },\n    \"bids\": [\n      {\n        \"id\": \"490f4d6f-fc92-481c-a54f-9a34792659a8\",\n        \"productId\": \"ffe11e72-1b86-4825-8098-d13f5ab89a87\",\n        \"bidderId\": \"2f8e9450-aeab-4ece-a9bb-fb5212f28755\",\n        \"price\": 191,\n        \"date\": \"2024-04-04T15:10:35.514Z\",\n        \"createdAt\": \"2024-03-29T09:10:35.515Z\",\n        \"updatedAt\": \"2024-03-29T09:10:35.515Z\"\n      },\n      {\n        \"id\": \"70fc88b7-5f4a-4f8a-9bf9-8660d2e6c386\",\n        \"productId\": \"ffe11e72-1b86-4825-8098-d13f5ab89a87\",\n        \"bidderId\": \"1f2fadb1-0d7e-47a7-9d5b-ed031d665d3e\",\n        \"price\": 219,\n        \"date\": \"2024-04-05T03:10:35.514Z\",\n        \"createdAt\": \"2024-03-29T09:10:35.516Z\",\n        \"updatedAt\": \"2024-03-29T09:10:35.516Z\"\n      },\n      {\n        \"id\": \"756f3a97-9969-470f-b323-dfc8d9371476\",\n        \"productId\": \"ffe11e72-1b86-4825-8098-d13f5ab89a87\",\n        \"bidderId\": \"1f2fadb1-0d7e-47a7-9d5b-ed031d665d3e\",\n        \"price\": 99,\n        \"date\": \"2024-03-30T15:10:35.514Z\",\n        \"createdAt\": \"2024-03-29T09:10:35.514Z\",\n        \"updatedAt\": \"2024-03-29T09:10:35.514Z\"\n      }\n    ]\n  },\n  {\n    \"id\": \"6db87c88-b547-4781-80b3-2dab169caccc\",\n    \"name\": \"Embarcation en bois\",\n    \"description\": \"Embarcation en bois fabriquée à la main, idéale pour les balades en mer ou sur les lacs.\",\n    \"category\": \"Véhicule\",\n    \"originalPrice\": 23000,\n    \"pictureUrl\": \"https://picsum.photos/id/211/512/512\",\n    \"endDate\": \"2024-03-09T09:10:35.484Z\",\n    \"sellerId\": \"3fedcc56-b1cf-446f-bfac-47c9d374bc18\",\n    \"createdAt\": \"2024-03-29T09:10:35.484Z\",\n    \"updatedAt\": \"2024-03-29T09:10:35.484Z\",\n    \"seller\": {\n      \"id\": \"3fedcc56-b1cf-446f-bfac-47c9d374bc18\",\n      \"username\": \"charly\"\n    },\n    \"bids\": []\n  },\n  {\n    \"id\": \"dc1b37a7-2adf-474a-9a8f-93e89a912774\",\n    \"name\": \"Théière design\",\n    \"description\": \"Théière design en verre avec un filtre en acier inoxydable pour une infusion parfaite de vos thés préférés.\",\n    \"category\": \"Cuisine\",\n    \"originalPrice\": 299,\n    \"pictureUrl\": \"https://picsum.photos/id/225/512/512\",\n    \"endDate\": \"2024-04-08T09:10:35.485Z\",\n    \"sellerId\": \"3fedcc56-b1cf-446f-bfac-47c9d374bc18\",\n    \"createdAt\": \"2024-03-29T09:10:35.485Z\",\n    \"updatedAt\": \"2024-03-29T09:10:35.485Z\",\n    \"seller\": {\n      \"id\": \"3fedcc56-b1cf-446f-bfac-47c9d374bc18\",\n      \"username\": \"charly\"\n    },\n    \"bids\": [\n      {\n        \"id\": \"044e0bad-716a-4eb8-8ad1-89b50d9326c2\",\n        \"productId\": \"dc1b37a7-2adf-474a-9a8f-93e89a912774\",\n        \"bidderId\": \"1f2fadb1-0d7e-47a7-9d5b-ed031d665d3e\",\n        \"price\": 472,\n        \"date\": \"2024-04-01T09:10:35.517Z\",\n        \"createdAt\": \"2024-03-29T09:10:35.519Z\",\n        \"updatedAt\": \"2024-03-29T09:10:35.519Z\"\n      },\n      {\n        \"id\": \"2234afe9-7485-4109-94df-44765c3879cd\",\n        \"productId\": \"dc1b37a7-2adf-474a-9a8f-93e89a912774\",\n        \"bidderId\": \"2f8e9450-aeab-4ece-a9bb-fb5212f28755\",\n        \"price\": 642,\n        \"date\": \"2024-04-05T15:10:35.517Z\",\n        \"createdAt\": \"2024-03-29T09:10:35.521Z\",\n        \"updatedAt\": \"2024-03-29T09:10:35.521Z\"\n      },\n      {\n        \"id\": \"25c83003-5ad0-42b2-b025-32401784f174\",\n        \"productId\": \"dc1b37a7-2adf-474a-9a8f-93e89a912774\",\n        \"bidderId\": \"1f2fadb1-0d7e-47a7-9d5b-ed031d665d3e\",\n        \"price\": 386,\n        \"date\": \"2024-03-30T15:10:35.517Z\",\n        \"createdAt\": \"2024-03-29T09:10:35.517Z\",\n        \"updatedAt\": \"2024-03-29T09:10:35.517Z\"\n      },\n      {\n        \"id\": \"2edd2805-ef31-4b7b-9ab4-26ff9ecee972\",\n        \"productId\": \"dc1b37a7-2adf-474a-9a8f-93e89a912774\",\n        \"bidderId\": \"2f8e9450-aeab-4ece-a9bb-fb5212f28755\",\n        \"price\": 705,\n        \"date\": \"2024-04-08T03:10:35.517Z\",\n        \"createdAt\": \"2024-03-29T09:10:35.524Z\",\n        \"updatedAt\": \"2024-03-29T09:10:35.524Z\"\n      },\n      {\n        \"id\": \"45bc6fde-ccd6-4dcc-a09e-242a1d01a6b3\",\n        \"productId\": \"dc1b37a7-2adf-474a-9a8f-93e89a912774\",\n        \"bidderId\": \"2f8e9450-aeab-4ece-a9bb-fb5212f28755\",\n        \"price\": 480,\n        \"date\": \"2024-04-03T09:10:35.517Z\",\n        \"createdAt\": \"2024-03-29T09:10:35.520Z\",\n        \"updatedAt\": \"2024-03-29T09:10:35.520Z\"\n      },\n      {\n        \"id\": \"86a0cd90-24f3-4824-b8dc-bf719577a936\",\n        \"productId\": \"dc1b37a7-2adf-474a-9a8f-93e89a912774\",\n        \"bidderId\": \"2f8e9450-aeab-4ece-a9bb-fb5212f28755\",\n        \"price\": 416,\n        \"date\": \"2024-03-31T03:10:35.517Z\",\n        \"createdAt\": \"2024-03-29T09:10:35.518Z\",\n        \"updatedAt\": \"2024-03-29T09:10:35.518Z\"\n      },\n      {\n        \"id\": \"8c826065-b94a-4f0b-8059-c4e81844baf8\",\n        \"productId\": \"dc1b37a7-2adf-474a-9a8f-93e89a912774\",\n        \"bidderId\": \"1f2fadb1-0d7e-47a7-9d5b-ed031d665d3e\",\n        \"price\": 656,\n        \"date\": \"2024-04-07T09:10:35.517Z\",\n        \"createdAt\": \"2024-03-29T09:10:35.523Z\",\n        \"updatedAt\": \"2024-03-29T09:10:35.523Z\"\n      },\n      {\n        \"id\": \"9ab623b8-628d-4f96-bdc1-eac12a9a5629\",\n        \"productId\": \"dc1b37a7-2adf-474a-9a8f-93e89a912774\",\n        \"bidderId\": \"1f2fadb1-0d7e-47a7-9d5b-ed031d665d3e\",\n        \"price\": 553,\n        \"date\": \"2024-04-05T03:10:35.517Z\",\n        \"createdAt\": \"2024-03-29T09:10:35.521Z\",\n        \"updatedAt\": \"2024-03-29T09:10:35.521Z\"\n      }\n    ]\n  },\n  {\n    \"id\": \"4bba676b-a5bb-42f1-bd16-c97d1da4dca4\",\n    \"name\": \"Appareil photo argentique\",\n    \"description\": \"Appareil photo argentique classique, parfait pour les amateurs de photographie nostalgiques et les passionnés de la photographie vintage.\",\n    \"category\": \"High-Tech\",\n    \"originalPrice\": 199,\n    \"pictureUrl\": \"https://picsum.photos/id/250/512/512\",\n    \"endDate\": \"2024-03-31T09:10:35.486Z\",\n    \"sellerId\": \"3fedcc56-b1cf-446f-bfac-47c9d374bc18\",\n    \"createdAt\": \"2024-03-29T09:10:35.486Z\",\n    \"updatedAt\": \"2024-03-29T09:10:35.486Z\",\n    \"seller\": {\n      \"id\": \"3fedcc56-b1cf-446f-bfac-47c9d374bc18\",\n      \"username\": \"charly\"\n    },\n    \"bids\": []\n  },\n  {\n    \"id\": \"305bd9aa-7e9b-4e3e-bcba-f12fd6affe68\",\n    \"name\": \"Kindle\",\n    \"description\": \"Kindle, la liseuse électronique la plus vendue au monde, vous permettant de stocker des milliers de livres dans un seul appareil facile à transporter.\",\n    \"category\": \"High-Tech\",\n    \"originalPrice\": 150,\n    \"pictureUrl\": \"https://picsum.photos/id/367/512/512\",\n    \"endDate\": \"2024-04-18T09:10:35.487Z\",\n    \"sellerId\": \"1f2fadb1-0d7e-47a7-9d5b-ed031d665d3e\",\n    \"createdAt\": \"2024-03-29T09:10:35.487Z\",\n    \"updatedAt\": \"2024-03-29T09:10:35.487Z\",\n    \"seller\": {\n      \"id\": \"1f2fadb1-0d7e-47a7-9d5b-ed031d665d3e\",\n      \"username\": \"alice\"\n    },\n    \"bids\": [\n      {\n        \"id\": \"0db2f550-adec-49a6-b54b-c95829291d2b\",\n        \"productId\": \"305bd9aa-7e9b-4e3e-bcba-f12fd6affe68\",\n        \"bidderId\": \"2f8e9450-aeab-4ece-a9bb-fb5212f28755\",\n        \"price\": 281,\n        \"date\": \"2024-04-02T03:10:35.525Z\",\n        \"createdAt\": \"2024-03-29T09:10:35.527Z\",\n        \"updatedAt\": \"2024-03-29T09:10:35.527Z\"\n      },\n      {\n        \"id\": \"11cf27e7-74cc-41e5-a6dc-67ed1e13a753\",\n        \"productId\": \"305bd9aa-7e9b-4e3e-bcba-f12fd6affe68\",\n        \"bidderId\": \"3fedcc56-b1cf-446f-bfac-47c9d374bc18\",\n        \"price\": 301,\n        \"date\": \"2024-04-02T15:10:35.525Z\",\n        \"createdAt\": \"2024-03-29T09:10:35.528Z\",\n        \"updatedAt\": \"2024-03-29T09:10:35.528Z\"\n      },\n      {\n        \"id\": \"2c419944-bfc7-4f60-9cad-cdbfaa75cd85\",\n        \"productId\": \"305bd9aa-7e9b-4e3e-bcba-f12fd6affe68\",\n        \"bidderId\": \"2f8e9450-aeab-4ece-a9bb-fb5212f28755\",\n        \"price\": 544,\n        \"date\": \"2024-04-09T03:10:35.525Z\",\n        \"createdAt\": \"2024-03-29T09:10:35.534Z\",\n        \"updatedAt\": \"2024-03-29T09:10:35.534Z\"\n      },\n      {\n        \"id\": \"3ac589f4-7636-405c-bd11-96c670304155\",\n        \"productId\": \"305bd9aa-7e9b-4e3e-bcba-f12fd6affe68\",\n        \"bidderId\": \"3fedcc56-b1cf-446f-bfac-47c9d374bc18\",\n        \"price\": 186,\n        \"date\": \"2024-03-30T21:10:35.525Z\",\n        \"createdAt\": \"2024-03-29T09:10:35.526Z\",\n        \"updatedAt\": \"2024-03-29T09:10:35.526Z\"\n      },\n      {\n        \"id\": \"3bce8667-3ae4-4ece-a4d8-ed8f455126e7\",\n        \"productId\": \"305bd9aa-7e9b-4e3e-bcba-f12fd6affe68\",\n        \"bidderId\": \"3fedcc56-b1cf-446f-bfac-47c9d374bc18\",\n        \"price\": 825,\n        \"date\": \"2024-04-15T09:10:35.525Z\",\n        \"createdAt\": \"2024-03-29T09:10:35.539Z\",\n        \"updatedAt\": \"2024-03-29T09:10:35.539Z\"\n      },\n      {\n        \"id\": \"49a3d3eb-65ea-4c68-bd9f-2b9bcef409e3\",\n        \"productId\": \"305bd9aa-7e9b-4e3e-bcba-f12fd6affe68\",\n        \"bidderId\": \"2f8e9450-aeab-4ece-a9bb-fb5212f28755\",\n        \"price\": 779,\n        \"date\": \"2024-04-14T21:10:35.525Z\",\n        \"createdAt\": \"2024-03-29T09:10:35.538Z\",\n        \"updatedAt\": \"2024-03-29T09:10:35.538Z\"\n      },\n      {\n        \"id\": \"6c697328-1d8a-4344-affb-5fdbbe29ace4\",\n        \"productId\": \"305bd9aa-7e9b-4e3e-bcba-f12fd6affe68\",\n        \"bidderId\": \"2f8e9450-aeab-4ece-a9bb-fb5212f28755\",\n        \"price\": 689,\n        \"date\": \"2024-04-12T03:10:35.525Z\",\n        \"createdAt\": \"2024-03-29T09:10:35.536Z\",\n        \"updatedAt\": \"2024-03-29T09:10:35.536Z\"\n      },\n      {\n        \"id\": \"89d3da71-5431-4487-bbf8-3208dee0f6c8\",\n        \"productId\": \"305bd9aa-7e9b-4e3e-bcba-f12fd6affe68\",\n        \"bidderId\": \"3fedcc56-b1cf-446f-bfac-47c9d374bc18\",\n        \"price\": 511,\n        \"date\": \"2024-04-07T21:10:35.525Z\",\n        \"createdAt\": \"2024-03-29T09:10:35.533Z\",\n        \"updatedAt\": \"2024-03-29T09:10:35.533Z\"\n      },\n      {\n        \"id\": \"9551d0e6-6cc0-45e6-9a1a-3c69a7a5b1b5\",\n        \"productId\": \"305bd9aa-7e9b-4e3e-bcba-f12fd6affe68\",\n        \"bidderId\": \"2f8e9450-aeab-4ece-a9bb-fb5212f28755\",\n        \"price\": 917,\n        \"date\": \"2024-04-16T03:10:35.525Z\",\n        \"createdAt\": \"2024-03-29T09:10:35.541Z\",\n        \"updatedAt\": \"2024-03-29T09:10:35.541Z\"\n      },\n      {\n        \"id\": \"a2e0702d-10a2-4d91-bf5b-9e4e544b314d\",\n        \"productId\": \"305bd9aa-7e9b-4e3e-bcba-f12fd6affe68\",\n        \"bidderId\": \"3fedcc56-b1cf-446f-bfac-47c9d374bc18\",\n        \"price\": 934,\n        \"date\": \"2024-04-17T21:10:35.525Z\",\n        \"createdAt\": \"2024-03-29T09:10:35.542Z\",\n        \"updatedAt\": \"2024-03-29T09:10:35.542Z\"\n      },\n      {\n        \"id\": \"ca8da402-689b-4606-bf7e-32857164e719\",\n        \"productId\": \"305bd9aa-7e9b-4e3e-bcba-f12fd6affe68\",\n        \"bidderId\": \"3fedcc56-b1cf-446f-bfac-47c9d374bc18\",\n        \"price\": 639,\n        \"date\": \"2024-04-11T09:10:35.525Z\",\n        \"createdAt\": \"2024-03-29T09:10:35.535Z\",\n        \"updatedAt\": \"2024-03-29T09:10:35.535Z\"\n      },\n      {\n        \"id\": \"ed18036e-424a-4abd-a3b0-61b2a5714f3d\",\n        \"productId\": \"305bd9aa-7e9b-4e3e-bcba-f12fd6affe68\",\n        \"bidderId\": \"2f8e9450-aeab-4ece-a9bb-fb5212f28755\",\n        \"price\": 500,\n        \"date\": \"2024-04-06T03:10:35.525Z\",\n        \"createdAt\": \"2024-03-29T09:10:35.532Z\",\n        \"updatedAt\": \"2024-03-29T09:10:35.532Z\"\n      },\n      {\n        \"id\": \"ed2f7faa-751f-459d-b841-786b92283489\",\n        \"productId\": \"305bd9aa-7e9b-4e3e-bcba-f12fd6affe68\",\n        \"bidderId\": \"2f8e9450-aeab-4ece-a9bb-fb5212f28755\",\n        \"price\": 356,\n        \"date\": \"2024-04-04T09:10:35.525Z\",\n        \"createdAt\": \"2024-03-29T09:10:35.530Z\",\n        \"updatedAt\": \"2024-03-29T09:10:35.530Z\"\n      },\n      {\n        \"id\": \"f3772b62-b672-426a-b088-64717c03f093\",\n        \"productId\": \"305bd9aa-7e9b-4e3e-bcba-f12fd6affe68\",\n        \"bidderId\": \"3fedcc56-b1cf-446f-bfac-47c9d374bc18\",\n        \"price\": 712,\n        \"date\": \"2024-04-14T03:10:35.525Z\",\n        \"createdAt\": \"2024-03-29T09:10:35.537Z\",\n        \"updatedAt\": \"2024-03-29T09:10:35.537Z\"\n      },\n      {\n        \"id\": \"f59bf1b4-89c8-4701-ac4c-04060dd6f177\",\n        \"productId\": \"305bd9aa-7e9b-4e3e-bcba-f12fd6affe68\",\n        \"bidderId\": \"2f8e9450-aeab-4ece-a9bb-fb5212f28755\",\n        \"price\": 177,\n        \"date\": \"2024-03-30T09:10:35.525Z\",\n        \"createdAt\": \"2024-03-29T09:10:35.525Z\",\n        \"updatedAt\": \"2024-03-29T09:10:35.525Z\"\n      },\n      {\n        \"id\": \"ffeb2980-9113-4b63-af10-76d3c9e8f92b\",\n        \"productId\": \"305bd9aa-7e9b-4e3e-bcba-f12fd6affe68\",\n        \"bidderId\": \"3fedcc56-b1cf-446f-bfac-47c9d374bc18\",\n        \"price\": 401,\n        \"date\": \"2024-04-04T15:10:35.525Z\",\n        \"createdAt\": \"2024-03-29T09:10:35.531Z\",\n        \"updatedAt\": \"2024-03-29T09:10:35.531Z\"\n      }\n    ]\n  },\n  {\n    \"id\": \"745e568d-8eb5-483f-9dc6-8a1505051436\",\n    \"name\": \"Grizzly\",\n    \"description\": \"Authentique grizzly pour les enfants et les adultes qui aiment vivre dangereusement.\",\n    \"category\": \"Jeux\",\n    \"originalPrice\": 8000,\n    \"pictureUrl\": \"https://picsum.photos/id/433/512/512\",\n    \"endDate\": \"2024-04-17T09:10:35.487Z\",\n    \"sellerId\": \"2f8e9450-aeab-4ece-a9bb-fb5212f28755\",\n    \"createdAt\": \"2024-03-29T09:10:35.487Z\",\n    \"updatedAt\": \"2024-03-29T09:10:35.487Z\",\n    \"seller\": {\n      \"id\": \"2f8e9450-aeab-4ece-a9bb-fb5212f28755\",\n      \"username\": \"bob\"\n    },\n    \"bids\": [\n      {\n        \"id\": \"0bf8db86-56e7-45ac-bab4-de2461cf4e1b\",\n        \"productId\": \"745e568d-8eb5-483f-9dc6-8a1505051436\",\n        \"bidderId\": \"3fedcc56-b1cf-446f-bfac-47c9d374bc18\",\n        \"price\": 8503,\n        \"date\": \"2024-04-16T21:10:35.543Z\",\n        \"createdAt\": \"2024-03-29T09:10:35.554Z\",\n        \"updatedAt\": \"2024-03-29T09:10:35.554Z\"\n      },\n      {\n        \"id\": \"0e7755a7-6a5a-46ae-a599-622182093adf\",\n        \"productId\": \"745e568d-8eb5-483f-9dc6-8a1505051436\",\n        \"bidderId\": \"1f2fadb1-0d7e-47a7-9d5b-ed031d665d3e\",\n        \"price\": 8246,\n        \"date\": \"2024-04-01T21:10:35.543Z\",\n        \"createdAt\": \"2024-03-29T09:10:35.547Z\",\n        \"updatedAt\": \"2024-03-29T09:10:35.547Z\"\n      },\n      {\n        \"id\": \"397f6049-7ef2-41b6-89d7-fef2d83f339e\",\n        \"productId\": \"745e568d-8eb5-483f-9dc6-8a1505051436\",\n        \"bidderId\": \"1f2fadb1-0d7e-47a7-9d5b-ed031d665d3e\",\n        \"price\": 8400,\n        \"date\": \"2024-04-14T15:10:35.543Z\",\n        \"createdAt\": \"2024-03-29T09:10:35.551Z\",\n        \"updatedAt\": \"2024-03-29T09:10:35.551Z\"\n      },\n      {\n        \"id\": \"5216436e-b5ef-4b5a-a51c-d461b0d2ced4\",\n        \"productId\": \"745e568d-8eb5-483f-9dc6-8a1505051436\",\n        \"bidderId\": \"1f2fadb1-0d7e-47a7-9d5b-ed031d665d3e\",\n        \"price\": 8445,\n        \"date\": \"2024-04-16T15:10:35.543Z\",\n        \"createdAt\": \"2024-03-29T09:10:35.553Z\",\n        \"updatedAt\": \"2024-03-29T09:10:35.553Z\"\n      },\n      {\n        \"id\": \"8205c390-bedd-4c21-bb52-37da2de598b3\",\n        \"productId\": \"745e568d-8eb5-483f-9dc6-8a1505051436\",\n        \"bidderId\": \"3fedcc56-b1cf-446f-bfac-47c9d374bc18\",\n        \"price\": 8418,\n        \"date\": \"2024-04-15T21:10:35.543Z\",\n        \"createdAt\": \"2024-03-29T09:10:35.552Z\",\n        \"updatedAt\": \"2024-03-29T09:10:35.552Z\"\n      },\n      {\n        \"id\": \"8ba8ff79-8ab7-49fc-a4e1-d758d9e5f7b7\",\n        \"productId\": \"745e568d-8eb5-483f-9dc6-8a1505051436\",\n        \"bidderId\": \"1f2fadb1-0d7e-47a7-9d5b-ed031d665d3e\",\n        \"price\": 8094,\n        \"date\": \"2024-03-30T09:10:35.543Z\",\n        \"createdAt\": \"2024-03-29T09:10:35.543Z\",\n        \"updatedAt\": \"2024-03-29T09:10:35.543Z\"\n      },\n      {\n        \"id\": \"8f8f40d2-86b8-4308-a281-093ef1ec31dc\",\n        \"productId\": \"745e568d-8eb5-483f-9dc6-8a1505051436\",\n        \"bidderId\": \"1f2fadb1-0d7e-47a7-9d5b-ed031d665d3e\",\n        \"price\": 8192,\n        \"date\": \"2024-03-31T09:10:35.543Z\",\n        \"createdAt\": \"2024-03-29T09:10:35.545Z\",\n        \"updatedAt\": \"2024-03-29T09:10:35.545Z\"\n      },\n      {\n        \"id\": \"9c010f74-fa9e-4f6b-9e3c-66ead2cd361c\",\n        \"productId\": \"745e568d-8eb5-483f-9dc6-8a1505051436\",\n        \"bidderId\": \"3fedcc56-b1cf-446f-bfac-47c9d374bc18\",\n        \"price\": 8253,\n        \"date\": \"2024-04-10T09:10:35.543Z\",\n        \"createdAt\": \"2024-03-29T09:10:35.548Z\",\n        \"updatedAt\": \"2024-03-29T09:10:35.548Z\"\n      },\n      {\n        \"id\": \"d18087a1-a828-4742-bbcd-a7128f8eb9b0\",\n        \"productId\": \"745e568d-8eb5-483f-9dc6-8a1505051436\",\n        \"bidderId\": \"3fedcc56-b1cf-446f-bfac-47c9d374bc18\",\n        \"price\": 8323,\n        \"date\": \"2024-04-13T09:10:35.543Z\",\n        \"createdAt\": \"2024-03-29T09:10:35.550Z\",\n        \"updatedAt\": \"2024-03-29T09:10:35.550Z\"\n      },\n      {\n        \"id\": \"d81749ff-0c76-4c8e-a7eb-569e1efaeda3\",\n        \"productId\": \"745e568d-8eb5-483f-9dc6-8a1505051436\",\n        \"bidderId\": \"3fedcc56-b1cf-446f-bfac-47c9d374bc18\",\n        \"price\": 8242,\n        \"date\": \"2024-04-01T09:10:35.543Z\",\n        \"createdAt\": \"2024-03-29T09:10:35.546Z\",\n        \"updatedAt\": \"2024-03-29T09:10:35.546Z\"\n      },\n      {\n        \"id\": \"eb20cd92-db9d-46f7-87fe-2c2a8e989527\",\n        \"productId\": \"745e568d-8eb5-483f-9dc6-8a1505051436\",\n        \"bidderId\": \"1f2fadb1-0d7e-47a7-9d5b-ed031d665d3e\",\n        \"price\": 8316,\n        \"date\": \"2024-04-12T21:10:35.543Z\",\n        \"createdAt\": \"2024-03-29T09:10:35.549Z\",\n        \"updatedAt\": \"2024-03-29T09:10:35.549Z\"\n      },\n      {\n        \"id\": \"ffd7a16e-bf68-40de-bb9c-cb68577b4b67\",\n        \"productId\": \"745e568d-8eb5-483f-9dc6-8a1505051436\",\n        \"bidderId\": \"3fedcc56-b1cf-446f-bfac-47c9d374bc18\",\n        \"price\": 8181,\n        \"date\": \"2024-03-30T21:10:35.543Z\",\n        \"createdAt\": \"2024-03-29T09:10:35.544Z\",\n        \"updatedAt\": \"2024-03-29T09:10:35.544Z\"\n      }\n    ]\n  },\n  {\n    \"id\": \"b744fe8c-a5b7-4e77-9f53-57b129dcce1f\",\n    \"name\": \"Pair de bancs\",\n    \"description\": \"Paire de bancs en bois massif, robuste et élégante, pour compléter parfaitement votre espace de vie intérieur ou extérieur.\",\n    \"category\": \"Mobilier\",\n    \"originalPrice\": 500,\n    \"pictureUrl\": \"https://picsum.photos/id/553/512/512\",\n    \"endDate\": \"2024-03-27T09:10:35.488Z\",\n    \"sellerId\": \"3fedcc56-b1cf-446f-bfac-47c9d374bc18\",\n    \"createdAt\": \"2024-03-29T09:10:35.488Z\",\n    \"updatedAt\": \"2024-03-29T09:10:35.488Z\",\n    \"seller\": {\n      \"id\": \"3fedcc56-b1cf-446f-bfac-47c9d374bc18\",\n      \"username\": \"charly\"\n    },\n    \"bids\": []\n  },\n  {\n    \"id\": \"dfdd0278-505c-4a54-a51a-4837ce433dc3\",\n    \"name\": \"Lot de tasses\",\n    \"description\": \"Lot de tasses en porcelaine fine, parfait pour savourer votre café ou thé préféré tout en ajoutant une touche d'élégance à votre table.\",\n    \"category\": \"Cuisine\",\n    \"originalPrice\": 50,\n    \"pictureUrl\": \"https://picsum.photos/id/635/512/512\",\n    \"endDate\": \"2024-03-23T09:10:35.490Z\",\n    \"sellerId\": \"1f2fadb1-0d7e-47a7-9d5b-ed031d665d3e\",\n    \"createdAt\": \"2024-03-29T09:10:35.491Z\",\n    \"updatedAt\": \"2024-03-29T09:10:35.491Z\",\n    \"seller\": {\n      \"id\": \"1f2fadb1-0d7e-47a7-9d5b-ed031d665d3e\",\n      \"username\": \"alice\"\n    },\n    \"bids\": []\n  },\n  {\n    \"id\": \"c13faed5-ea8f-4208-a857-7d4d0a4b6603\",\n    \"name\": \"Chaussures volantes\",\n    \"description\": \"Chaussures volantes haute performance, conçues pour une expérience de course inégalée, offrant un confort et un style exceptionnels.\",\n    \"category\": \"Chaussure\",\n    \"originalPrice\": 1000000,\n    \"pictureUrl\": \"https://picsum.photos/id/817/512/512\",\n    \"endDate\": \"2024-05-28T09:10:35.492Z\",\n    \"sellerId\": \"2f8e9450-aeab-4ece-a9bb-fb5212f28755\",\n    \"createdAt\": \"2024-03-29T09:10:35.492Z\",\n    \"updatedAt\": \"2024-03-29T09:10:35.492Z\",\n    \"seller\": {\n      \"id\": \"2f8e9450-aeab-4ece-a9bb-fb5212f28755\",\n      \"username\": \"bob\"\n    },\n    \"bids\": [\n      {\n        \"id\": \"01f37701-7961-4afc-ab72-ad4f2354a8e2\",\n        \"productId\": \"c13faed5-ea8f-4208-a857-7d4d0a4b6603\",\n        \"bidderId\": \"3fedcc56-b1cf-446f-bfac-47c9d374bc18\",\n        \"price\": 1000174,\n        \"date\": \"2024-04-06T03:10:35.555Z\",\n        \"createdAt\": \"2024-03-29T09:10:35.558Z\",\n        \"updatedAt\": \"2024-03-29T09:10:35.558Z\"\n      },\n      {\n        \"id\": \"0bd6df54-6d74-4cf4-9d83-c601928bfa4c\",\n        \"productId\": \"c13faed5-ea8f-4208-a857-7d4d0a4b6603\",\n        \"bidderId\": \"3fedcc56-b1cf-446f-bfac-47c9d374bc18\",\n        \"price\": 1001400,\n        \"date\": \"2024-04-26T15:10:35.555Z\",\n        \"createdAt\": \"2024-03-29T09:10:35.580Z\",\n        \"updatedAt\": \"2024-03-29T09:10:35.580Z\"\n      },\n      {\n        \"id\": \"0ff10d94-3d73-44f9-a7bb-37202f2b99e0\",\n        \"productId\": \"c13faed5-ea8f-4208-a857-7d4d0a4b6603\",\n        \"bidderId\": \"3fedcc56-b1cf-446f-bfac-47c9d374bc18\",\n        \"price\": 1001510,\n        \"date\": \"2024-05-01T15:10:35.555Z\",\n        \"createdAt\": \"2024-03-29T09:10:35.582Z\",\n        \"updatedAt\": \"2024-03-29T09:10:35.582Z\"\n      },\n      {\n        \"id\": \"12a424a2-f71f-48d8-89ec-0d94de058e16\",\n        \"productId\": \"c13faed5-ea8f-4208-a857-7d4d0a4b6603\",\n        \"bidderId\": \"1f2fadb1-0d7e-47a7-9d5b-ed031d665d3e\",\n        \"price\": 1000590,\n        \"date\": \"2024-04-12T09:10:35.555Z\",\n        \"createdAt\": \"2024-03-29T09:10:35.565Z\",\n        \"updatedAt\": \"2024-03-29T09:10:35.565Z\"\n      },\n      {\n        \"id\": \"1b0137ca-de17-496d-b0f2-7c8317fc6a4d\",\n        \"productId\": \"c13faed5-ea8f-4208-a857-7d4d0a4b6603\",\n        \"bidderId\": \"1f2fadb1-0d7e-47a7-9d5b-ed031d665d3e\",\n        \"price\": 1000809,\n        \"date\": \"2024-04-19T15:10:35.555Z\",\n        \"createdAt\": \"2024-03-29T09:10:35.569Z\",\n        \"updatedAt\": \"2024-03-29T09:10:35.569Z\"\n      },\n      {\n        \"id\": \"208436a2-2af4-4798-9326-23ca0d385d31\",\n        \"productId\": \"c13faed5-ea8f-4208-a857-7d4d0a4b6603\",\n        \"bidderId\": \"3fedcc56-b1cf-446f-bfac-47c9d374bc18\",\n        \"price\": 1002707,\n        \"date\": \"2024-05-24T09:10:35.555Z\",\n        \"createdAt\": \"2024-03-29T09:10:35.601Z\",\n        \"updatedAt\": \"2024-03-29T09:10:35.601Z\"\n      },\n      {\n        \"id\": \"34c87eb0-b5b2-4a7c-a280-079e5db3714b\",\n        \"productId\": \"c13faed5-ea8f-4208-a857-7d4d0a4b6603\",\n        \"bidderId\": \"1f2fadb1-0d7e-47a7-9d5b-ed031d665d3e\",\n        \"price\": 1001371,\n        \"date\": \"2024-04-26T09:10:35.555Z\",\n        \"createdAt\": \"2024-03-29T09:10:35.579Z\",\n        \"updatedAt\": \"2024-03-29T09:10:35.579Z\"\n      },\n      {\n        \"id\": \"3db2aaf2-c021-4233-8083-21687e6d9026\",\n        \"productId\": \"c13faed5-ea8f-4208-a857-7d4d0a4b6603\",\n        \"bidderId\": \"3fedcc56-b1cf-446f-bfac-47c9d374bc18\",\n        \"price\": 1000511,\n        \"date\": \"2024-04-11T21:10:35.555Z\",\n        \"createdAt\": \"2024-03-29T09:10:35.564Z\",\n        \"updatedAt\": \"2024-03-29T09:10:35.564Z\"\n      },\n      {\n        \"id\": \"3eb9cd3e-bd48-4565-9287-f2a331b3dab0\",\n        \"productId\": \"c13faed5-ea8f-4208-a857-7d4d0a4b6603\",\n        \"bidderId\": \"3fedcc56-b1cf-446f-bfac-47c9d374bc18\",\n        \"price\": 1002158,\n        \"date\": \"2024-05-15T09:10:35.555Z\",\n        \"createdAt\": \"2024-03-29T09:10:35.594Z\",\n        \"updatedAt\": \"2024-03-29T09:10:35.594Z\"\n      },\n      {\n        \"id\": \"41c75c1b-4b35-4aed-bbeb-f92490d77e3b\",\n        \"productId\": \"c13faed5-ea8f-4208-a857-7d4d0a4b6603\",\n        \"bidderId\": \"1f2fadb1-0d7e-47a7-9d5b-ed031d665d3e\",\n        \"price\": 1001142,\n        \"date\": \"2024-04-22T03:10:35.555Z\",\n        \"createdAt\": \"2024-03-29T09:10:35.575Z\",\n        \"updatedAt\": \"2024-03-29T09:10:35.575Z\"\n      },\n      {\n        \"id\": \"4429a7d2-3d03-4e20-bb8d-0b6fb5282ab0\",\n        \"productId\": \"c13faed5-ea8f-4208-a857-7d4d0a4b6603\",\n        \"bidderId\": \"3fedcc56-b1cf-446f-bfac-47c9d374bc18\",\n        \"price\": 1002292,\n        \"date\": \"2024-05-16T15:10:35.555Z\",\n        \"createdAt\": \"2024-03-29T09:10:35.596Z\",\n        \"updatedAt\": \"2024-03-29T09:10:35.596Z\"\n      },\n      {\n        \"id\": \"46a72557-f9c4-4f15-bc96-fd0c252f6d35\",\n        \"productId\": \"c13faed5-ea8f-4208-a857-7d4d0a4b6603\",\n        \"bidderId\": \"1f2fadb1-0d7e-47a7-9d5b-ed031d665d3e\",\n        \"price\": 1001843,\n        \"date\": \"2024-05-10T09:10:35.555Z\",\n        \"createdAt\": \"2024-03-29T09:10:35.587Z\",\n        \"updatedAt\": \"2024-03-29T09:10:35.587Z\"\n      },\n      {\n        \"id\": \"49182166-bcc1-4b57-908a-c3f99f6bc34e\",\n        \"productId\": \"c13faed5-ea8f-4208-a857-7d4d0a4b6603\",\n        \"bidderId\": \"3fedcc56-b1cf-446f-bfac-47c9d374bc18\",\n        \"price\": 1002927,\n        \"date\": \"2024-05-28T03:10:35.555Z\",\n        \"createdAt\": \"2024-03-29T09:10:35.604Z\",\n        \"updatedAt\": \"2024-03-29T09:10:35.604Z\"\n      },\n      {\n        \"id\": \"4a6b814c-6698-445b-8d5b-34030cf2d869\",\n        \"productId\": \"c13faed5-ea8f-4208-a857-7d4d0a4b6603\",\n        \"bidderId\": \"3fedcc56-b1cf-446f-bfac-47c9d374bc18\",\n        \"price\": 1001641,\n        \"date\": \"2024-05-05T21:10:35.555Z\",\n        \"createdAt\": \"2024-03-29T09:10:35.584Z\",\n        \"updatedAt\": \"2024-03-29T09:10:35.584Z\"\n      },\n      {\n        \"id\": \"4ac35aec-59d4-458d-88c0-f52b5bad3be8\",\n        \"productId\": \"c13faed5-ea8f-4208-a857-7d4d0a4b6603\",\n        \"bidderId\": \"1f2fadb1-0d7e-47a7-9d5b-ed031d665d3e\",\n        \"price\": 1001690,\n        \"date\": \"2024-05-08T15:10:35.555Z\",\n        \"createdAt\": \"2024-03-29T09:10:35.585Z\",\n        \"updatedAt\": \"2024-03-29T09:10:35.585Z\"\n      },\n      {\n        \"id\": \"4d2245b1-6fcb-4818-8bee-70b411dfdef3\",\n        \"productId\": \"c13faed5-ea8f-4208-a857-7d4d0a4b6603\",\n        \"bidderId\": \"3fedcc56-b1cf-446f-bfac-47c9d374bc18\",\n        \"price\": 1000432,\n        \"date\": \"2024-04-10T21:10:35.555Z\",\n        \"createdAt\": \"2024-03-29T09:10:35.562Z\",\n        \"updatedAt\": \"2024-03-29T09:10:35.562Z\"\n      },\n      {\n        \"id\": \"5172545d-c6ee-4515-8d32-5d8706e9a469\",\n        \"productId\": \"c13faed5-ea8f-4208-a857-7d4d0a4b6603\",\n        \"bidderId\": \"1f2fadb1-0d7e-47a7-9d5b-ed031d665d3e\",\n        \"price\": 1000103,\n        \"date\": \"2024-04-05T21:10:35.555Z\",\n        \"createdAt\": \"2024-03-29T09:10:35.557Z\",\n        \"updatedAt\": \"2024-03-29T09:10:35.557Z\"\n      },\n      {\n        \"id\": \"51e3fd27-a9b3-45cb-8aa9-946d4faf9a66\",\n        \"productId\": \"c13faed5-ea8f-4208-a857-7d4d0a4b6603\",\n        \"bidderId\": \"3fedcc56-b1cf-446f-bfac-47c9d374bc18\",\n        \"price\": 1001336,\n        \"date\": \"2024-04-26T03:10:35.555Z\",\n        \"createdAt\": \"2024-03-29T09:10:35.578Z\",\n        \"updatedAt\": \"2024-03-29T09:10:35.578Z\"\n      },\n      {\n        \"id\": \"61356586-b076-4292-9e1d-12a43ede36e5\",\n        \"productId\": \"c13faed5-ea8f-4208-a857-7d4d0a4b6603\",\n        \"bidderId\": \"3fedcc56-b1cf-446f-bfac-47c9d374bc18\",\n        \"price\": 1002433,\n        \"date\": \"2024-05-20T15:10:35.555Z\",\n        \"createdAt\": \"2024-03-29T09:10:35.597Z\",\n        \"updatedAt\": \"2024-03-29T09:10:35.597Z\"\n      },\n      {\n        \"id\": \"66a1ffcc-fe98-4572-96f9-68fcec960e06\",\n        \"productId\": \"c13faed5-ea8f-4208-a857-7d4d0a4b6603\",\n        \"bidderId\": \"3fedcc56-b1cf-446f-bfac-47c9d374bc18\",\n        \"price\": 1000730,\n        \"date\": \"2024-04-18T03:10:35.555Z\",\n        \"createdAt\": \"2024-03-29T09:10:35.568Z\",\n        \"updatedAt\": \"2024-03-29T09:10:35.568Z\"\n      },\n      {\n        \"id\": \"67623f5b-ecef-485f-b86f-534f21c2f3a6\",\n        \"productId\": \"c13faed5-ea8f-4208-a857-7d4d0a4b6603\",\n        \"bidderId\": \"1f2fadb1-0d7e-47a7-9d5b-ed031d665d3e\",\n        \"price\": 1002594,\n        \"date\": \"2024-05-22T15:10:35.555Z\",\n        \"createdAt\": \"2024-03-29T09:10:35.599Z\",\n        \"updatedAt\": \"2024-03-29T09:10:35.599Z\"\n      },\n      {\n        \"id\": \"68133f57-92a7-4df3-8d10-db6248581ba8\",\n        \"productId\": \"c13faed5-ea8f-4208-a857-7d4d0a4b6603\",\n        \"bidderId\": \"1f2fadb1-0d7e-47a7-9d5b-ed031d665d3e\",\n        \"price\": 1002871,\n        \"date\": \"2024-05-26T15:10:35.555Z\",\n        \"createdAt\": \"2024-03-29T09:10:35.604Z\",\n        \"updatedAt\": \"2024-03-29T09:10:35.604Z\"\n      },\n      {\n        \"id\": \"6f93e76f-066b-4655-b98a-9a2f6ed8a1b1\",\n        \"productId\": \"c13faed5-ea8f-4208-a857-7d4d0a4b6603\",\n        \"bidderId\": \"1f2fadb1-0d7e-47a7-9d5b-ed031d665d3e\",\n        \"price\": 1002069,\n        \"date\": \"2024-05-14T21:10:35.555Z\",\n        \"createdAt\": \"2024-03-29T09:10:35.593Z\",\n        \"updatedAt\": \"2024-03-29T09:10:35.593Z\"\n      },\n      {\n        \"id\": \"7ea1e010-50a1-4cc9-9de6-fe5b5a99eb64\",\n        \"productId\": \"c13faed5-ea8f-4208-a857-7d4d0a4b6603\",\n        \"bidderId\": \"1f2fadb1-0d7e-47a7-9d5b-ed031d665d3e\",\n        \"price\": 1002352,\n        \"date\": \"2024-05-19T03:10:35.555Z\",\n        \"createdAt\": \"2024-03-29T09:10:35.596Z\",\n        \"updatedAt\": \"2024-03-29T09:10:35.596Z\"\n      },\n      {\n        \"id\": \"7eea44d4-3186-4c91-bd7b-2bbf518dc4d9\",\n        \"productId\": \"c13faed5-ea8f-4208-a857-7d4d0a4b6603\",\n        \"bidderId\": \"3fedcc56-b1cf-446f-bfac-47c9d374bc18\",\n        \"price\": 1002633,\n        \"date\": \"2024-05-23T21:10:35.555Z\",\n        \"createdAt\": \"2024-03-29T09:10:35.600Z\",\n        \"updatedAt\": \"2024-03-29T09:10:35.600Z\"\n      },\n      {\n        \"id\": \"81edb60a-7374-4bd1-bd1a-71b650753bef\",\n        \"productId\": \"c13faed5-ea8f-4208-a857-7d4d0a4b6603\",\n        \"bidderId\": \"1f2fadb1-0d7e-47a7-9d5b-ed031d665d3e\",\n        \"price\": 1002706,\n        \"date\": \"2024-05-24T03:10:35.555Z\",\n        \"createdAt\": \"2024-03-29T09:10:35.600Z\",\n        \"updatedAt\": \"2024-03-29T09:10:35.600Z\"\n      },\n      {\n        \"id\": \"8e4c9d76-7ed7-454a-8caa-5a6efc8708b1\",\n        \"productId\": \"c13faed5-ea8f-4208-a857-7d4d0a4b6603\",\n        \"bidderId\": \"1f2fadb1-0d7e-47a7-9d5b-ed031d665d3e\",\n        \"price\": 1001919,\n        \"date\": \"2024-05-10T21:10:35.555Z\",\n        \"createdAt\": \"2024-03-29T09:10:35.589Z\",\n        \"updatedAt\": \"2024-03-29T09:10:35.589Z\"\n      },\n      {\n        \"id\": \"8f4c897a-05ad-4367-8633-ae3cb4595858\",\n        \"productId\": \"c13faed5-ea8f-4208-a857-7d4d0a4b6603\",\n        \"bidderId\": \"3fedcc56-b1cf-446f-bfac-47c9d374bc18\",\n        \"price\": 1000909,\n        \"date\": \"2024-04-20T03:10:35.555Z\",\n        \"createdAt\": \"2024-03-29T09:10:35.570Z\",\n        \"updatedAt\": \"2024-03-29T09:10:35.570Z\"\n      },\n      {\n        \"id\": \"99a73448-7ba5-44cf-9dfb-de5869a8c1e9\",\n        \"productId\": \"c13faed5-ea8f-4208-a857-7d4d0a4b6603\",\n        \"bidderId\": \"3fedcc56-b1cf-446f-bfac-47c9d374bc18\",\n        \"price\": 1000081,\n        \"date\": \"2024-04-05T03:10:35.555Z\",\n        \"createdAt\": \"2024-03-29T09:10:35.556Z\",\n        \"updatedAt\": \"2024-03-29T09:10:35.556Z\"\n      },\n      {\n        \"id\": \"a3deefc4-48e1-473e-ad72-385e2818e4cc\",\n        \"productId\": \"c13faed5-ea8f-4208-a857-7d4d0a4b6603\",\n        \"bidderId\": \"3fedcc56-b1cf-446f-bfac-47c9d374bc18\",\n        \"price\": 1000301,\n        \"date\": \"2024-04-09T21:10:35.555Z\",\n        \"createdAt\": \"2024-03-29T09:10:35.560Z\",\n        \"updatedAt\": \"2024-03-29T09:10:35.560Z\"\n      },\n      {\n        \"id\": \"a4c5badd-f034-4edd-b3fc-717839a4e31e\",\n        \"productId\": \"c13faed5-ea8f-4208-a857-7d4d0a4b6603\",\n        \"bidderId\": \"1f2fadb1-0d7e-47a7-9d5b-ed031d665d3e\",\n        \"price\": 1002771,\n        \"date\": \"2024-05-24T15:10:35.555Z\",\n        \"createdAt\": \"2024-03-29T09:10:35.602Z\",\n        \"updatedAt\": \"2024-03-29T09:10:35.602Z\"\n      },\n      {\n        \"id\": \"a889c4ef-3bc1-4708-9d8f-dedb32ca34f9\",\n        \"productId\": \"c13faed5-ea8f-4208-a857-7d4d0a4b6603\",\n        \"bidderId\": \"1f2fadb1-0d7e-47a7-9d5b-ed031d665d3e\",\n        \"price\": 1000364,\n        \"date\": \"2024-04-10T03:10:35.555Z\",\n        \"createdAt\": \"2024-03-29T09:10:35.561Z\",\n        \"updatedAt\": \"2024-03-29T09:10:35.561Z\"\n      },\n      {\n        \"id\": \"abc16586-b76d-4415-b62b-8e3a7b51ed56\",\n        \"productId\": \"c13faed5-ea8f-4208-a857-7d4d0a4b6603\",\n        \"bidderId\": \"1f2fadb1-0d7e-47a7-9d5b-ed031d665d3e\",\n        \"price\": 1000267,\n        \"date\": \"2024-04-07T09:10:35.555Z\",\n        \"createdAt\": \"2024-03-29T09:10:35.559Z\",\n        \"updatedAt\": \"2024-03-29T09:10:35.559Z\"\n      },\n      {\n        \"id\": \"af1b153d-a6c7-4532-9bd9-c274be94a70c\",\n        \"productId\": \"c13faed5-ea8f-4208-a857-7d4d0a4b6603\",\n        \"bidderId\": \"1f2fadb1-0d7e-47a7-9d5b-ed031d665d3e\",\n        \"price\": 1001552,\n        \"date\": \"2024-05-02T21:10:35.555Z\",\n        \"createdAt\": \"2024-03-29T09:10:35.583Z\",\n        \"updatedAt\": \"2024-03-29T09:10:35.583Z\"\n      },\n      {\n        \"id\": \"b736a6ca-f466-425a-abfd-8a48e384d893\",\n        \"productId\": \"c13faed5-ea8f-4208-a857-7d4d0a4b6603\",\n        \"bidderId\": \"3fedcc56-b1cf-446f-bfac-47c9d374bc18\",\n        \"price\": 1002551,\n        \"date\": \"2024-05-21T09:10:35.555Z\",\n        \"createdAt\": \"2024-03-29T09:10:35.599Z\",\n        \"updatedAt\": \"2024-03-29T09:10:35.599Z\"\n      },\n      {\n        \"id\": \"bd1af18d-ad12-487b-9216-d92f7b411359\",\n        \"productId\": \"c13faed5-ea8f-4208-a857-7d4d0a4b6603\",\n        \"bidderId\": \"3fedcc56-b1cf-446f-bfac-47c9d374bc18\",\n        \"price\": 1001853,\n        \"date\": \"2024-05-10T15:10:35.555Z\",\n        \"createdAt\": \"2024-03-29T09:10:35.588Z\",\n        \"updatedAt\": \"2024-03-29T09:10:35.588Z\"\n      },\n      {\n        \"id\": \"bf110b78-7e1a-4fce-8875-2fdd20be7522\",\n        \"productId\": \"c13faed5-ea8f-4208-a857-7d4d0a4b6603\",\n        \"bidderId\": \"1f2fadb1-0d7e-47a7-9d5b-ed031d665d3e\",\n        \"price\": 1000708,\n        \"date\": \"2024-04-17T15:10:35.555Z\",\n        \"createdAt\": \"2024-03-29T09:10:35.567Z\",\n        \"updatedAt\": \"2024-03-29T09:10:35.567Z\"\n      },\n      {\n        \"id\": \"c2515723-7112-47fe-9ec4-8ff96ce7214b\",\n        \"productId\": \"c13faed5-ea8f-4208-a857-7d4d0a4b6603\",\n        \"bidderId\": \"1f2fadb1-0d7e-47a7-9d5b-ed031d665d3e\",\n        \"price\": 1000483,\n        \"date\": \"2024-04-11T03:10:35.555Z\",\n        \"createdAt\": \"2024-03-29T09:10:35.563Z\",\n        \"updatedAt\": \"2024-03-29T09:10:35.563Z\"\n      },\n      {\n        \"id\": \"cca98767-ad5a-4a9c-ac15-88a300bab292\",\n        \"productId\": \"c13faed5-ea8f-4208-a857-7d4d0a4b6603\",\n        \"bidderId\": \"3fedcc56-b1cf-446f-bfac-47c9d374bc18\",\n        \"price\": 1002013,\n        \"date\": \"2024-05-14T03:10:35.555Z\",\n        \"createdAt\": \"2024-03-29T09:10:35.592Z\",\n        \"updatedAt\": \"2024-03-29T09:10:35.592Z\"\n      },\n      {\n        \"id\": \"d7f2ff13-fbd1-47af-bbb3-225f87c782a5\",\n        \"productId\": \"c13faed5-ea8f-4208-a857-7d4d0a4b6603\",\n        \"bidderId\": \"1f2fadb1-0d7e-47a7-9d5b-ed031d665d3e\",\n        \"price\": 1002200,\n        \"date\": \"2024-05-15T21:10:35.555Z\",\n        \"createdAt\": \"2024-03-29T09:10:35.595Z\",\n        \"updatedAt\": \"2024-03-29T09:10:35.595Z\"\n      },\n      {\n        \"id\": \"d947a246-ddd7-4b07-85b8-23b46a9bfa5a\",\n        \"productId\": \"c13faed5-ea8f-4208-a857-7d4d0a4b6603\",\n        \"bidderId\": \"1f2fadb1-0d7e-47a7-9d5b-ed031d665d3e\",\n        \"price\": 1001255,\n        \"date\": \"2024-04-25T03:10:35.555Z\",\n        \"createdAt\": \"2024-03-29T09:10:35.577Z\",\n        \"updatedAt\": \"2024-03-29T09:10:35.577Z\"\n      },\n      {\n        \"id\": \"e195521f-c24e-4fae-9973-24ca4bf39b17\",\n        \"productId\": \"c13faed5-ea8f-4208-a857-7d4d0a4b6603\",\n        \"bidderId\": \"3fedcc56-b1cf-446f-bfac-47c9d374bc18\",\n        \"price\": 1001200,\n        \"date\": \"2024-04-24T03:10:35.555Z\",\n        \"createdAt\": \"2024-03-29T09:10:35.576Z\",\n        \"updatedAt\": \"2024-03-29T09:10:35.576Z\"\n      },\n      {\n        \"id\": \"ea133514-6e2e-4db4-8221-f6dedcd1baac\",\n        \"productId\": \"c13faed5-ea8f-4208-a857-7d4d0a4b6603\",\n        \"bidderId\": \"3fedcc56-b1cf-446f-bfac-47c9d374bc18\",\n        \"price\": 1000650,\n        \"date\": \"2024-04-14T21:10:35.555Z\",\n        \"createdAt\": \"2024-03-29T09:10:35.566Z\",\n        \"updatedAt\": \"2024-03-29T09:10:35.566Z\"\n      },\n      {\n        \"id\": \"ed6e3dfc-4086-4f62-a3f0-b4883975815b\",\n        \"productId\": \"c13faed5-ea8f-4208-a857-7d4d0a4b6603\",\n        \"bidderId\": \"1f2fadb1-0d7e-47a7-9d5b-ed031d665d3e\",\n        \"price\": 1001935,\n        \"date\": \"2024-05-13T15:10:35.555Z\",\n        \"createdAt\": \"2024-03-29T09:10:35.592Z\",\n        \"updatedAt\": \"2024-03-29T09:10:35.592Z\"\n      },\n      {\n        \"id\": \"f2478bcc-7bdb-4094-bfc7-270aca630033\",\n        \"productId\": \"c13faed5-ea8f-4208-a857-7d4d0a4b6603\",\n        \"bidderId\": \"1f2fadb1-0d7e-47a7-9d5b-ed031d665d3e\",\n        \"price\": 1002473,\n        \"date\": \"2024-05-20T21:10:35.555Z\",\n        \"createdAt\": \"2024-03-29T09:10:35.598Z\",\n        \"updatedAt\": \"2024-03-29T09:10:35.598Z\"\n      },\n      {\n        \"id\": \"f46f5ce4-d7b0-4719-8c83-2e20608e7b34\",\n        \"productId\": \"c13faed5-ea8f-4208-a857-7d4d0a4b6603\",\n        \"bidderId\": \"1f2fadb1-0d7e-47a7-9d5b-ed031d665d3e\",\n        \"price\": 1000978,\n        \"date\": \"2024-04-20T15:10:35.555Z\",\n        \"createdAt\": \"2024-03-29T09:10:35.571Z\",\n        \"updatedAt\": \"2024-03-29T09:10:35.571Z\"\n      },\n      {\n        \"id\": \"f4a1e25d-3589-4942-9329-2df2489f14b7\",\n        \"productId\": \"c13faed5-ea8f-4208-a857-7d4d0a4b6603\",\n        \"bidderId\": \"3fedcc56-b1cf-446f-bfac-47c9d374bc18\",\n        \"price\": 1001053,\n        \"date\": \"2024-04-21T15:10:35.555Z\",\n        \"createdAt\": \"2024-03-29T09:10:35.573Z\",\n        \"updatedAt\": \"2024-03-29T09:10:35.573Z\"\n      },\n      {\n        \"id\": \"f75b6f78-403d-46ba-ac7c-ca791d96b617\",\n        \"productId\": \"c13faed5-ea8f-4208-a857-7d4d0a4b6603\",\n        \"bidderId\": \"1f2fadb1-0d7e-47a7-9d5b-ed031d665d3e\",\n        \"price\": 1001458,\n        \"date\": \"2024-04-29T15:10:35.555Z\",\n        \"createdAt\": \"2024-03-29T09:10:35.581Z\",\n        \"updatedAt\": \"2024-03-29T09:10:35.581Z\"\n      },\n      {\n        \"id\": \"faa7c715-bc3f-4440-bbd9-93bb4c5b229d\",\n        \"productId\": \"c13faed5-ea8f-4208-a857-7d4d0a4b6603\",\n        \"bidderId\": \"3fedcc56-b1cf-446f-bfac-47c9d374bc18\",\n        \"price\": 1001921,\n        \"date\": \"2024-05-12T09:10:35.555Z\",\n        \"createdAt\": \"2024-03-29T09:10:35.591Z\",\n        \"updatedAt\": \"2024-03-29T09:10:35.591Z\"\n      },\n      {\n        \"id\": \"fb07ad8c-997d-4e09-b45a-a2c5af4c2c78\",\n        \"productId\": \"c13faed5-ea8f-4208-a857-7d4d0a4b6603\",\n        \"bidderId\": \"3fedcc56-b1cf-446f-bfac-47c9d374bc18\",\n        \"price\": 1002843,\n        \"date\": \"2024-05-25T09:10:35.555Z\",\n        \"createdAt\": \"2024-03-29T09:10:35.603Z\",\n        \"updatedAt\": \"2024-03-29T09:10:35.603Z\"\n      },\n      {\n        \"id\": \"fd6c1700-f37b-493d-bd10-84dc275a8b97\",\n        \"productId\": \"c13faed5-ea8f-4208-a857-7d4d0a4b6603\",\n        \"bidderId\": \"1f2fadb1-0d7e-47a7-9d5b-ed031d665d3e\",\n        \"price\": 1000039,\n        \"date\": \"2024-04-04T03:10:35.555Z\",\n        \"createdAt\": \"2024-03-29T09:10:35.555Z\",\n        \"updatedAt\": \"2024-03-29T09:10:35.555Z\"\n      },\n      {\n        \"id\": \"fdd9cf4a-258e-491a-9da9-b63e463588ff\",\n        \"productId\": \"c13faed5-ea8f-4208-a857-7d4d0a4b6603\",\n        \"bidderId\": \"3fedcc56-b1cf-446f-bfac-47c9d374bc18\",\n        \"price\": 1001751,\n        \"date\": \"2024-05-10T03:10:35.555Z\",\n        \"createdAt\": \"2024-03-29T09:10:35.586Z\",\n        \"updatedAt\": \"2024-03-29T09:10:35.586Z\"\n      }\n    ]\n  },\n  {\n    \"id\": \"73916156-b0c9-43ad-bd2a-1350b9e274f5\",\n    \"name\": \"Ananas\",\n    \"description\": \"Ananas frais, juteux et sucré, parfait pour une collation saine et délicieuse ou pour ajouter une touche tropicale à vos plats et cocktails.\",\n    \"category\": \"Nourriture\",\n    \"originalPrice\": 5,\n    \"pictureUrl\": \"https://picsum.photos/id/824/512/512\",\n    \"endDate\": \"2024-04-08T09:10:35.493Z\",\n    \"sellerId\": \"3fedcc56-b1cf-446f-bfac-47c9d374bc18\",\n    \"createdAt\": \"2024-03-29T09:10:35.493Z\",\n    \"updatedAt\": \"2024-03-29T09:10:35.493Z\",\n    \"seller\": {\n      \"id\": \"3fedcc56-b1cf-446f-bfac-47c9d374bc18\",\n      \"username\": \"charly\"\n    },\n    \"bids\": []\n  }\n]\n\n\nhttps://on.cypress.io/request",
                "estack": "CypressError: `cy.request()` failed on:\n\nhttp://localhost:3000/api/products\n\nThe response we received from your web server was:\n\n  > 500: Internal Server Error\n\nThis was considered a failure because the status code was not `2xx` or `3xx`.\n\nIf you do not want status codes to cause failures pass the option: `failOnStatusCode: false`\n\n-----------------------------------------------------------\n\nThe request we sent was:\n\nMethod: GET\nURL: http://localhost:3000/api/products\nHeaders: {\n  \"Connection\": \"keep-alive\",\n  \"user-agent\": \"Mozilla/5.0 (Windows NT 10.0; Win64; x64) AppleWebKit/537.36 (KHTML, like Gecko) HeadlessChrome/123.0.0.0 Safari/537.36\",\n  \"accept\": \"*/*\",\n  \"accept-encoding\": \"gzip, deflate\"\n}\n\n-----------------------------------------------------------\n\nThe response we got was:\n\nStatus: 500 - Internal Server Error\nHeaders: {\n  \"x-powered-by\": \"Express\",\n  \"access-control-allow-origin\": \"*\",\n  \"content-type\": \"application/json; charset=utf-8\",\n  \"content-length\": \"41542\",\n  \"etag\": \"W/\\\"a246-5toWMa5d7Cud5L8rZmHpr1JBVTQ\\\"\",\n  \"date\": \"Fri, 29 Mar 2024 09:10:35 GMT\",\n  \"connection\": \"keep-alive\",\n  \"keep-alive\": \"timeout=5\"\n}\nBody: [\n  {\n    \"id\": \"1f6d7a8d-5329-4e3d-a9db-063aa17ed610\",\n    \"name\": \"Lot de dés\",\n    \"description\": \"Ce lot de dés de haute qualité est parfait pour tous vos jeux de société préférés, offrant une précision et une équité de jeu exceptionnelles à chaque fois.\",\n    \"category\": \"Jeux\",\n    \"originalPrice\": 12,\n    \"pictureUrl\": \"https://image.noelshack.com/fichiers/2023/12/4/1679526253-65535-52754887718-bfd87fcc66-c-512-512-nofilter.jpg\",\n    \"endDate\": \"2024-04-02T09:10:35.472Z\",\n    \"sellerId\": \"2f8e9450-aeab-4ece-a9bb-fb5212f28755\",\n    \"createdAt\": \"2024-03-29T09:10:35.472Z\",\n    \"updatedAt\": \"2024-03-29T09:10:35.472Z\",\n    \"seller\": {\n      \"id\": \"2f8e9450-aeab-4ece-a9bb-fb5212f28755\",\n      \"username\": \"bob\"\n    },\n    \"bids\": [\n      {\n        \"id\": \"1178b6fa-8a59-41ea-aeee-5da4715af765\",\n        \"productId\": \"1f6d7a8d-5329-4e3d-a9db-063aa17ed610\",\n        \"bidderId\": \"1f2fadb1-0d7e-47a7-9d5b-ed031d665d3e\",\n        \"price\": 52,\n        \"date\": \"2024-03-30T15:10:35.494Z\",\n        \"createdAt\": \"2024-03-29T09:10:35.494Z\",\n        \"updatedAt\": \"2024-03-29T09:10:35.494Z\"\n      }\n    ]\n  },\n  {\n    \"id\": \"c9be1429-9413-4e4c-9c24-27bf92605520\",\n    \"name\": \"Chapeau en poil de chameau\",\n    \"description\": \"Ce chapeau en poil de chameau est un véritable chef-d'œuvre artisanal, doux au toucher et résistant pour une durabilité à long terme.\",\n    \"category\": \"Mode\",\n    \"originalPrice\": 23,\n    \"pictureUrl\": \"https://image.noelshack.com/fichiers/2023/12/4/1679526253-65535-51925549650-96f088a093-b-512-512-nofilter.jpg\",\n    \"endDate\": \"2024-04-08T09:10:35.476Z\",\n    \"sellerId\": \"1f2fadb1-0d7e-47a7-9d5b-ed031d665d3e\",\n    \"createdAt\": \"2024-03-29T09:10:35.476Z\",\n    \"updatedAt\": \"2024-03-29T09:10:35.476Z\",\n    \"seller\": {\n      \"id\": \"1f2fadb1-0d7e-47a7-9d5b-ed031d665d3e\",\n      \"username\": \"alice\"\n    },\n    \"bids\": [\n      {\n        \"id\": \"24763812-2f27-4c15-b4c7-dfd890699a2a\",\n        \"productId\": \"c9be1429-9413-4e4c-9c24-27bf92605520\",\n        \"bidderId\": \"3fedcc56-b1cf-446f-bfac-47c9d374bc18\",\n        \"price\": 314,\n        \"date\": \"2024-04-06T09:10:35.496Z\",\n        \"createdAt\": \"2024-03-29T09:10:35.498Z\",\n        \"updatedAt\": \"2024-03-29T09:10:35.498Z\"\n      },\n      {\n        \"id\": \"76f32e4f-8169-46f9-b095-81618d612bee\",\n        \"productId\": \"c9be1429-9413-4e4c-9c24-27bf92605520\",\n        \"bidderId\": \"3fedcc56-b1cf-446f-bfac-47c9d374bc18\",\n        \"price\": 209,\n        \"date\": \"2024-04-01T21:10:35.496Z\",\n        \"createdAt\": \"2024-03-29T09:10:35.497Z\",\n        \"updatedAt\": \"2024-03-29T09:10:35.497Z\"\n      },\n      {\n        \"id\": \"b7419f7c-ecf5-4412-b2dd-3793eb35016e\",\n        \"productId\": \"c9be1429-9413-4e4c-9c24-27bf92605520\",\n        \"bidderId\": \"2f8e9450-aeab-4ece-a9bb-fb5212f28755\",\n        \"price\": 121,\n        \"date\": \"2024-03-31T09:10:35.496Z\",\n        \"createdAt\": \"2024-03-29T09:10:35.496Z\",\n        \"updatedAt\": \"2024-03-29T09:10:35.496Z\"\n      },\n      {\n        \"id\": \"d75e111a-3b68-4d42-96ed-d9b642402528\",\n        \"productId\": \"c9be1429-9413-4e4c-9c24-27bf92605520\",\n        \"bidderId\": \"2f8e9450-aeab-4ece-a9bb-fb5212f28755\",\n        \"price\": 331,\n        \"date\": \"2024-04-06T15:10:35.496Z\",\n        \"createdAt\": \"2024-03-29T09:10:35.499Z\",\n        \"updatedAt\": \"2024-03-29T09:10:35.499Z\"\n      },\n      {\n        \"id\": \"ea3df871-520a-4dba-acd2-463d3234d57a\",\n        \"productId\": \"c9be1429-9413-4e4c-9c24-27bf92605520\",\n        \"bidderId\": \"2f8e9450-aeab-4ece-a9bb-fb5212f28755\",\n        \"price\": 233,\n        \"date\": \"2024-04-02T09:10:35.496Z\",\n        \"createdAt\": \"2024-03-29T09:10:35.497Z\",\n        \"updatedAt\": \"2024-03-29T09:10:35.497Z\"\n      }\n    ]\n  },\n  {\n    \"id\": \"3c08099e-a5e6-4ad8-b8cb-031996886ac3\",\n    \"name\": \"Ampli de guitare\",\n    \"description\": \"Cet ampli de guitare de haute qualité offre une puissance de sortie incroyable pour un son exceptionnel.\",\n    \"category\": \"Musique\",\n    \"originalPrice\": 60,\n    \"pictureUrl\": \"https://image.noelshack.com/fichiers/2023/12/4/1679526253-65535-51883980423-da890ca813-b-512-512-nofilter.jpg\",\n    \"endDate\": \"2024-04-08T09:10:35.477Z\",\n    \"sellerId\": \"1f2fadb1-0d7e-47a7-9d5b-ed031d665d3e\",\n    \"createdAt\": \"2024-03-29T09:10:35.477Z\",\n    \"updatedAt\": \"2024-03-29T09:10:35.477Z\",\n    \"seller\": {\n      \"id\": \"1f2fadb1-0d7e-47a7-9d5b-ed031d665d3e\",\n      \"username\": \"alice\"\n    },\n    \"bids\": [\n      {\n        \"id\": \"0c3b4a4e-d880-4436-823e-3c7eb8bbc092\",\n        \"productId\": \"3c08099e-a5e6-4ad8-b8cb-031996886ac3\",\n        \"bidderId\": \"3fedcc56-b1cf-446f-bfac-47c9d374bc18\",\n        \"price\": 424,\n        \"date\": \"2024-04-08T03:10:35.500Z\",\n        \"createdAt\": \"2024-03-29T09:10:35.506Z\",\n        \"updatedAt\": \"2024-03-29T09:10:35.506Z\"\n      },\n      {\n        \"id\": \"145cab7e-d308-4df8-bf82-7de294fb7575\",\n        \"productId\": \"3c08099e-a5e6-4ad8-b8cb-031996886ac3\",\n        \"bidderId\": \"3fedcc56-b1cf-446f-bfac-47c9d374bc18\",\n        \"price\": 217,\n        \"date\": \"2024-04-01T15:10:35.500Z\",\n        \"createdAt\": \"2024-03-29T09:10:35.502Z\",\n        \"updatedAt\": \"2024-03-29T09:10:35.502Z\"\n      },\n      {\n        \"id\": \"22c8f982-27d9-47fa-b981-106cc45f0a6e\",\n        \"productId\": \"3c08099e-a5e6-4ad8-b8cb-031996886ac3\",\n        \"bidderId\": \"2f8e9450-aeab-4ece-a9bb-fb5212f28755\",\n        \"price\": 381,\n        \"date\": \"2024-04-06T15:10:35.500Z\",\n        \"createdAt\": \"2024-03-29T09:10:35.505Z\",\n        \"updatedAt\": \"2024-03-29T09:10:35.505Z\"\n      },\n      {\n        \"id\": \"3451d4c0-463e-44e8-a08e-cc408f418104\",\n        \"productId\": \"3c08099e-a5e6-4ad8-b8cb-031996886ac3\",\n        \"bidderId\": \"2f8e9450-aeab-4ece-a9bb-fb5212f28755\",\n        \"price\": 125,\n        \"date\": \"2024-04-01T03:10:35.500Z\",\n        \"createdAt\": \"2024-03-29T09:10:35.501Z\",\n        \"updatedAt\": \"2024-03-29T09:10:35.501Z\"\n      },\n      {\n        \"id\": \"396befa3-9e78-414f-ad46-c9957bb85e07\",\n        \"productId\": \"3c08099e-a5e6-4ad8-b8cb-031996886ac3\",\n        \"bidderId\": \"3fedcc56-b1cf-446f-bfac-47c9d374bc18\",\n        \"price\": 67,\n        \"date\": \"2024-03-31T15:10:35.500Z\",\n        \"createdAt\": \"2024-03-29T09:10:35.501Z\",\n        \"updatedAt\": \"2024-03-29T09:10:35.501Z\"\n      },\n      {\n        \"id\": \"69b51d02-a087-4d8a-9566-3b79e3be1bb8\",\n        \"productId\": \"3c08099e-a5e6-4ad8-b8cb-031996886ac3\",\n        \"bidderId\": \"2f8e9450-aeab-4ece-a9bb-fb5212f28755\",\n        \"price\": 66,\n        \"date\": \"2024-03-30T09:10:35.500Z\",\n        \"createdAt\": \"2024-03-29T09:10:35.500Z\",\n        \"updatedAt\": \"2024-03-29T09:10:35.500Z\"\n      },\n      {\n        \"id\": \"a457ae48-cf3f-4f71-a3ca-dccad8a2b15f\",\n        \"productId\": \"3c08099e-a5e6-4ad8-b8cb-031996886ac3\",\n        \"bidderId\": \"3fedcc56-b1cf-446f-bfac-47c9d374bc18\",\n        \"price\": 335,\n        \"date\": \"2024-04-03T15:10:35.500Z\",\n        \"createdAt\": \"2024-03-29T09:10:35.504Z\",\n        \"updatedAt\": \"2024-03-29T09:10:35.504Z\"\n      },\n      {\n        \"id\": \"be8550d0-6801-46ee-a420-457b64c1904a\",\n        \"productId\": \"3c08099e-a5e6-4ad8-b8cb-031996886ac3\",\n        \"bidderId\": \"2f8e9450-aeab-4ece-a9bb-fb5212f28755\",\n        \"price\": 276,\n        \"date\": \"2024-04-02T03:10:35.500Z\",\n        \"createdAt\": \"2024-03-29T09:10:35.503Z\",\n        \"updatedAt\": \"2024-03-29T09:10:35.503Z\"\n      }\n    ]\n  },\n  {\n    \"id\": \"2cec6285-57a7-4a08-ae1b-42938a08c17f\",\n    \"name\": \"Rocking chair blanc\",\n    \"description\": \"Détendez-vous en tout confort avec ce superbe rocking chair blanc, conçu pour ajouter une touche de charme intemporel à votre intérieur.\",\n    \"category\": \"Mobilier\",\n    \"originalPrice\": 140,\n    \"pictureUrl\": \"https://image.noelshack.com/fichiers/2023/12/4/1679526253-65535-49349175631-1a86442db0-c-512-512-nofilter.jpg\",\n    \"endDate\": \"2024-04-03T09:10:35.479Z\",\n    \"sellerId\": \"1f2fadb1-0d7e-47a7-9d5b-ed031d665d3e\",\n    \"createdAt\": \"2024-03-29T09:10:35.479Z\",\n    \"updatedAt\": \"2024-03-29T09:10:35.479Z\",\n    \"seller\": {\n      \"id\": \"1f2fadb1-0d7e-47a7-9d5b-ed031d665d3e\",\n      \"username\": \"alice\"\n    },\n    \"bids\": [\n      {\n        \"id\": \"2b14a854-bf85-4aed-be68-473e23d34bf9\",\n        \"productId\": \"2cec6285-57a7-4a08-ae1b-42938a08c17f\",\n        \"bidderId\": \"2f8e9450-aeab-4ece-a9bb-fb5212f28755\",\n        \"price\": 222,\n        \"date\": \"2024-03-31T03:10:35.508Z\",\n        \"createdAt\": \"2024-03-29T09:10:35.508Z\",\n        \"updatedAt\": \"2024-03-29T09:10:35.508Z\"\n      },\n      {\n        \"id\": \"8bbf99b6-4534-44e9-94f7-f4d0ad7d733c\",\n        \"productId\": \"2cec6285-57a7-4a08-ae1b-42938a08c17f\",\n        \"bidderId\": \"3fedcc56-b1cf-446f-bfac-47c9d374bc18\",\n        \"price\": 305,\n        \"date\": \"2024-03-31T09:10:35.508Z\",\n        \"createdAt\": \"2024-03-29T09:10:35.509Z\",\n        \"updatedAt\": \"2024-03-29T09:10:35.509Z\"\n      },\n      {\n        \"id\": \"e2a1f425-d58b-4d63-a7f3-df06df18f28b\",\n        \"productId\": \"2cec6285-57a7-4a08-ae1b-42938a08c17f\",\n        \"bidderId\": \"2f8e9450-aeab-4ece-a9bb-fb5212f28755\",\n        \"price\": 393,\n        \"date\": \"2024-03-31T21:10:35.508Z\",\n        \"createdAt\": \"2024-03-29T09:10:35.509Z\",\n        \"updatedAt\": \"2024-03-29T09:10:35.509Z\"\n      }\n    ]\n  },\n  {\n    \"id\": \"a0f7c522-78f8-442e-a55d-642cfe566634\",\n    \"name\": \"Lot de casseroles\",\n    \"description\": \"Ensemble de casseroles de qualité supérieure pour répondre à tous vos besoins culinaires.\",\n    \"category\": \"Cuisine\",\n    \"originalPrice\": 40,\n    \"pictureUrl\": \"https://image.noelshack.com/fichiers/2023/12/4/1679526253-65535-51812547429-fe1cc0d832-c-512-512-nofilter.jpg\",\n    \"endDate\": \"2024-04-02T09:10:35.480Z\",\n    \"sellerId\": \"1f2fadb1-0d7e-47a7-9d5b-ed031d665d3e\",\n    \"createdAt\": \"2024-03-29T09:10:35.480Z\",\n    \"updatedAt\": \"2024-03-29T09:10:35.480Z\",\n    \"seller\": {\n      \"id\": \"1f2fadb1-0d7e-47a7-9d5b-ed031d665d3e\",\n      \"username\": \"alice\"\n    },\n    \"bids\": [\n      {\n        \"id\": \"5ef3e786-45c6-425d-b55c-636572cc2d81\",\n        \"productId\": \"a0f7c522-78f8-442e-a55d-642cfe566634\",\n        \"bidderId\": \"3fedcc56-b1cf-446f-bfac-47c9d374bc18\",\n        \"price\": 185,\n        \"date\": \"2024-03-28T21:10:35.607Z\",\n        \"createdAt\": \"2024-03-29T09:10:35.608Z\",\n        \"updatedAt\": \"2024-03-29T09:10:35.608Z\"\n      },\n      {\n        \"id\": \"6ef1b94b-53a4-4c94-b335-61c65529001a\",\n        \"productId\": \"a0f7c522-78f8-442e-a55d-642cfe566634\",\n        \"bidderId\": \"2f8e9450-aeab-4ece-a9bb-fb5212f28755\",\n        \"price\": 103,\n        \"date\": \"2024-03-27T09:10:35.606Z\",\n        \"createdAt\": \"2024-03-29T09:10:35.606Z\",\n        \"updatedAt\": \"2024-03-29T09:10:35.606Z\"\n      },\n      {\n        \"id\": \"8ccc6e79-f3c9-43e9-b47e-5be7b84d8de7\",\n        \"productId\": \"a0f7c522-78f8-442e-a55d-642cfe566634\",\n        \"bidderId\": \"3fedcc56-b1cf-446f-bfac-47c9d374bc18\",\n        \"price\": 65,\n        \"date\": \"2024-03-26T09:10:35.605Z\",\n        \"createdAt\": \"2024-03-29T09:10:35.605Z\",\n        \"updatedAt\": \"2024-03-29T09:10:35.605Z\"\n      }\n    ]\n  },\n  {\n    \"id\": \"b0c4735c-7541-4722-87e7-a60c7b17169b\",\n    \"name\": \"MacBook\",\n    \"description\": \"Obtenez des performances incroyables avec ce MacBook de qualité supérieure, conçu pour une productivité sans faille et une expérience informatique exceptionnelle.\",\n    \"category\": \"High-Tech\",\n    \"originalPrice\": 850,\n    \"pictureUrl\": \"https://picsum.photos/id/6/512/512\",\n    \"endDate\": \"2024-03-26T09:10:35.481Z\",\n    \"sellerId\": \"1f2fadb1-0d7e-47a7-9d5b-ed031d665d3e\",\n    \"createdAt\": \"2024-03-29T09:10:35.481Z\",\n    \"updatedAt\": \"2024-03-29T09:10:35.481Z\",\n    \"seller\": {\n      \"id\": \"1f2fadb1-0d7e-47a7-9d5b-ed031d665d3e\",\n      \"username\": \"alice\"\n    },\n    \"bids\": []\n  },\n  {\n    \"id\": \"c07a7bdb-f3ce-41ba-b009-b29ad551d4bc\",\n    \"name\": \"Escarpins blancs\",\n    \"description\": \"Ajoutez une touche de sophistication à votre garde-robe avec ces superbes escarpins blancs, parfaits pour toutes les occasions, qu'elles soient habillées ou décontractées.\",\n    \"category\": \"Chaussure\",\n    \"originalPrice\": 89,\n    \"pictureUrl\": \"https://picsum.photos/id/21/512/512\",\n    \"endDate\": \"2024-04-12T09:10:35.482Z\",\n    \"sellerId\": \"3fedcc56-b1cf-446f-bfac-47c9d374bc18\",\n    \"createdAt\": \"2024-03-29T09:10:35.482Z\",\n    \"updatedAt\": \"2024-03-29T09:10:35.482Z\",\n    \"seller\": {\n      \"id\": \"3fedcc56-b1cf-446f-bfac-47c9d374bc18\",\n      \"username\": \"charly\"\n    },\n    \"bids\": [\n      {\n        \"id\": \"152be0e2-c3a3-46be-a433-8492e405a714\",\n        \"productId\": \"c07a7bdb-f3ce-41ba-b009-b29ad551d4bc\",\n        \"bidderId\": \"2f8e9450-aeab-4ece-a9bb-fb5212f28755\",\n        \"price\": 136,\n        \"date\": \"2024-04-05T03:10:35.510Z\",\n        \"createdAt\": \"2024-03-29T09:10:35.511Z\",\n        \"updatedAt\": \"2024-03-29T09:10:35.511Z\"\n      },\n      {\n        \"id\": \"416d5b95-7a82-420e-8d0c-cb7e6313b13c\",\n        \"productId\": \"c07a7bdb-f3ce-41ba-b009-b29ad551d4bc\",\n        \"bidderId\": \"2f8e9450-aeab-4ece-a9bb-fb5212f28755\",\n        \"price\": 266,\n        \"date\": \"2024-04-06T15:10:35.510Z\",\n        \"createdAt\": \"2024-03-29T09:10:35.513Z\",\n        \"updatedAt\": \"2024-03-29T09:10:35.513Z\"\n      },\n      {\n        \"id\": \"a7133686-dd2f-475f-a108-c654f042b6e2\",\n        \"productId\": \"c07a7bdb-f3ce-41ba-b009-b29ad551d4bc\",\n        \"bidderId\": \"1f2fadb1-0d7e-47a7-9d5b-ed031d665d3e\",\n        \"price\": 91,\n        \"date\": \"2024-03-31T21:10:35.510Z\",\n        \"createdAt\": \"2024-03-29T09:10:35.510Z\",\n        \"updatedAt\": \"2024-03-29T09:10:35.510Z\"\n      },\n      {\n        \"id\": \"a8260bcb-767c-408b-a2e0-c1e5fa7b81dc\",\n        \"productId\": \"c07a7bdb-f3ce-41ba-b009-b29ad551d4bc\",\n        \"bidderId\": \"1f2fadb1-0d7e-47a7-9d5b-ed031d665d3e\",\n        \"price\": 194,\n        \"date\": \"2024-04-05T21:10:35.510Z\",\n        \"createdAt\": \"2024-03-29T09:10:35.512Z\",\n        \"updatedAt\": \"2024-03-29T09:10:35.512Z\"\n      },\n      {\n        \"id\": \"e931abfb-0d95-4171-b1fc-7190bf3b5686\",\n        \"productId\": \"c07a7bdb-f3ce-41ba-b009-b29ad551d4bc\",\n        \"bidderId\": \"1f2fadb1-0d7e-47a7-9d5b-ed031d665d3e\",\n        \"price\": 348,\n        \"date\": \"2024-04-11T21:10:35.510Z\",\n        \"createdAt\": \"2024-03-29T09:10:35.513Z\",\n        \"updatedAt\": \"2024-03-29T09:10:35.513Z\"\n      }\n    ]\n  },\n  {\n    \"id\": \"ffe11e72-1b86-4825-8098-d13f5ab89a87\",\n    \"name\": \"Horloge\",\n    \"description\": \"Horloge élégante et fonctionnelle pour ajouter une touche de sophistication à n'importe quelle pièce de votre maison.\",\n    \"category\": \"Mobilier\",\n    \"originalPrice\": 26,\n    \"pictureUrl\": \"https://picsum.photos/id/175/512/512\",\n    \"endDate\": \"2024-04-08T09:10:35.483Z\",\n    \"sellerId\": \"3fedcc56-b1cf-446f-bfac-47c9d374bc18\",\n    \"createdAt\": \"2024-03-29T09:10:35.483Z\",\n    \"updatedAt\": \"2024-03-29T09:10:35.483Z\",\n    \"seller\": {\n      \"id\": \"3fedcc56-b1cf-446f-bfac-47c9d374bc18\",\n      \"username\": \"char
[...]
              "timedOut": null,
              "duration": 267,
              "state": "passed",
              "speed": "fast",
              "pass": true,
              "fail": false,
              "pending": false,
              "context": null,
              "code": "cy.request({\n  url: endpoint,\n  method: \"DELETE\",\n  headers: {\n    Authorization: `Bearer ${_tokens.adminToken}`\n  }\n}).its(\"status\").should(\"equal\", 204);",
              "err": {},
              "uuid": "980797ad-9b5f-45ba-83ec-a848ccaadab6",
              "parentUUID": "adf08f98-9b8f-4eee-aab9-8cff69cea061",
              "isHook": false,
              "skipped": false
            },
            {
              "title": "returns 404 - not found",
              "fullTitle": "DELETE /api/products/:productId returns 404 - not found",
              "timedOut": null,
              "duration": 167,
              "state": "passed",
              "speed": "fast",
              "pass": true,
              "fail": false,
              "pending": false,
              "context": null,
              "code": "cy.request({\n  url: \"http://localhost:3000/api/products/not-existing-id\",\n  method: \"DELETE\",\n  headers: {\n    Authorization: `Bearer ${_tokens.aliceToken}`\n  },\n  failOnStatusCode: false\n}).its(\"status\").should(\"equal\", 404);",
              "err": {},
              "uuid": "d0d14558-9a66-449e-a755-3d58ae9beace",
              "parentUUID": "adf08f98-9b8f-4eee-aab9-8cff69cea061",
              "isHook": false,
              "skipped": false
            },
            {
              "title": "check mutation - object deleted in database",
              "fullTitle": "DELETE /api/products/:productId check mutation - object deleted in database",
              "timedOut": null,
              "duration": 215,
              "state": "passed",
              "speed": "fast",
              "pass": true,
              "fail": false,
              "pending": false,
              "context": null,
              "code": "cy.request({\n  url: endpoint,\n  method: \"GET\",\n  headers: {\n    Authorization: `Bearer ${_tokens.aliceToken}`\n  }\n}).then(response => {\n  expect(response.status).to.be.eq(200);\n  cy.request({\n    url: endpoint,\n    method: \"DELETE\",\n    headers: {\n      Authorization: `Bearer ${_tokens.aliceToken}`\n    }\n  }).then(response => {\n    expect(response.status).to.be.eq(204);\n    cy.request({\n      url: endpoint,\n      method: \"GET\",\n      headers: {\n        Authorization: `Bearer ${_tokens.aliceToken}`\n      },\n      failOnStatusCode: false\n    }).then(response => {\n      expect(response.status).to.be.eq(404);\n    });\n  });\n});",
              "err": {},
              "uuid": "2e16a560-06b0-42ea-ba07-2902273529a2",
              "parentUUID": "adf08f98-9b8f-4eee-aab9-8cff69cea061",
              "isHook": false,
              "skipped": false
            }
          ],
          "suites": [],
          "passes": [
            "117517f2-9e56-4466-9a2e-b705072b60df",
            "5db03abe-9103-41ff-be3c-1ab519c2aa62",
            "d00506ff-2316-4871-8066-7e9ffaf8098f",
            "980797ad-9b5f-45ba-83ec-a848ccaadab6",
            "d0d14558-9a66-449e-a755-3d58ae9beace",
            "2e16a560-06b0-42ea-ba07-2902273529a2"
          ],
          "failures": [],
          "pending": [],
          "skipped": [],
          "duration": 1131,
          "root": false,
          "rootEmpty": false,
          "_timeout": 2000
        },
        {
          "uuid": "c077f384-08ca-4978-959e-1b7bd5e09e45",
          "title": "POST /api/products/:productId/bids",
          "fullFile": "",
          "file": "",
          "beforeHooks": [],
          "afterHooks": [],
          "tests": [
            {
              "title": "returns 401 - not authorized",
              "fullTitle": "POST /api/products/:productId/bids returns 401 - not authorized",
              "timedOut": null,
              "duration": 222,
              "state": "passed",
              "speed": "fast",
              "pass": true,
              "fail": false,
              "pending": false,
              "context": null,
              "code": "cy.request({\n  method: \"POST\",\n  url: \"http://localhost:3000/api/products/a0f7c522-78f8-442e-a55d-642cfe566634/bids\",\n  headers: {\n    Authorization: `Bearer BAD_TOKEN`\n  },\n  body: {\n    name: \"New Product\",\n    description: \"This is a new product\",\n    category: \"Electronics\",\n    originalPrice: 99,\n    pictureUrl: \"https://example.com/product.jpg\",\n    endDate: \"2023-04-01T00:00:00.000Z\"\n  },\n  failOnStatusCode: false\n}).its(\"status\").should(\"equal\", 401);",
              "err": {},
              "uuid": "e7f5a38f-e9d6-41c1-858f-51d60ebe4ebd",
              "parentUUID": "c077f384-08ca-4978-959e-1b7bd5e09e45",
              "isHook": false,
              "skipped": false
            },
            {
              "title": "returns 201 - created",
              "fullTitle": "POST /api/products/:productId/bids returns 201 - created",
              "timedOut": null,
              "duration": 216,
              "state": "passed",
              "speed": "fast",
              "pass": true,
              "fail": false,
              "pending": false,
              "context": null,
              "code": "// Create a new product\ncy.request({\n  method: \"POST\",\n  url: \"http://localhost:3000/api/products/a0f7c522-78f8-442e-a55d-642cfe566634/bids\",\n  headers: {\n    Authorization: `Bearer ${_tokens.bobToken}`\n  },\n  body: {\n    price: 250\n  }\n}).then(response => {\n  // Assert that the response is as expected\n  expect(response.status).to.eq(201);\n  expect(response.body.id).to.be.match(_pattern.UUIDv4);\n  expect(response.body.productId).to.be.match(_pattern.UUIDv4);\n  expect(response.body.price).to.be.a(\"number\");\n  expect(response.body.date).to.match(_pattern.IOS8601);\n  expect(response.body.bidderId).to.match(_pattern.UUIDv4);\n});",
              "err": {},
              "uuid": "ebd5c5e8-09b3-44a4-af1d-a4465f46cdd1",
              "parentUUID": "c077f384-08ca-4978-959e-1b7bd5e09e45",
              "isHook": false,
              "skipped": false
            },
            {
              "title": "returns 400 - missing or invalid fields",
              "fullTitle": "POST /api/products/:productId/bids returns 400 - missing or invalid fields",
              "timedOut": null,
              "duration": 213,
              "state": "passed",
              "speed": "fast",
              "pass": true,
              "fail": false,
              "pending": false,
              "context": null,
              "code": "// Create a new product\ncy.request({\n  method: \"POST\",\n  url: \"http://localhost:3000/api/products/a0f7c522-78f8-442e-a55d-642cfe566634/bids\",\n  headers: {\n    Authorization: `Bearer ${_tokens.bobToken}`\n  },\n  body: {\n    // price: 42, missing\n  },\n  failOnStatusCode: false\n}).then(req => {\n  expect(req.status).to.be.eq(400);\n  expect(req.body.error).to.be.eq(\"Invalid or missing fields\");\n  expect(req.body.details).to.exist;\n});",
              "err": {},
              "uuid": "70f58524-b8ec-4339-b3d4-9d31dc51fa85",
              "parentUUID": "c077f384-08ca-4978-959e-1b7bd5e09e45",
              "isHook": false,
              "skipped": false
            },
            {
              "title": "check mutation - object created in database",
              "fullTitle": "POST /api/products/:productId/bids check mutation - object created in database",
              "timedOut": null,
              "duration": 176,
              "state": "passed",
              "speed": "fast",
              "pass": true,
              "fail": false,
              "pending": false,
              "context": null,
              "code": "cy.request({\n  method: \"POST\",\n  url: \"http://localhost:3000/api/products/a0f7c522-78f8-442e-a55d-642cfe566634/bids\",\n  headers: {\n    Authorization: `Bearer ${_tokens.bobToken}`\n  },\n  body: {\n    price: 250\n  }\n}).then(response => {\n  expect(response.status).to.be.eq(201);\n  const newBid = response.body;\n  cy.request(\"http://localhost:3000/api/products/a0f7c522-78f8-442e-a55d-642cfe566634\").then(response => {\n    const product = response.body;\n    expect(product.bids.some(bid => bid.id === newBid.id)).to.be.true;\n  });\n});",
              "err": {},
              "uuid": "7049ce75-8a8c-4d69-b108-8aa868b34eee",
              "parentUUID": "c077f384-08ca-4978-959e-1b7bd5e09e45",
              "isHook": false,
              "skipped": false
            }
          ],
          "suites": [],
          "passes": [
            "e7f5a38f-e9d6-41c1-858f-51d60ebe4ebd",
            "ebd5c5e8-09b3-44a4-af1d-a4465f46cdd1",
            "70f58524-b8ec-4339-b3d4-9d31dc51fa85",
            "7049ce75-8a8c-4d69-b108-8aa868b34eee"
          ],
          "failures": [],
          "pending": [],
          "skipped": [],
          "duration": 827,
          "root": false,
          "rootEmpty": false,
          "_timeout": 2000
        },
        {
          "uuid": "047726b8-5671-42f4-b871-091b59886279",
          "title": "DELETE /bids/:bidId",
          "fullFile": "",
          "file": "",
          "beforeHooks": [],
          "afterHooks": [],
          "tests": [
            {
              "title": "returns 401 - not authorized",
              "fullTitle": "DELETE /bids/:bidId returns 401 - not authorized",
              "timedOut": null,
              "duration": 243,
              "state": "passed",
              "speed": "fast",
              "pass": true,
              "fail": false,
              "pending": false,
              "context": null,
              "code": "cy.request({\n  method: \"DELETE\",\n  url: endpoint,\n  headers: {\n    Authorization: `Bearer BAD_TOKEN`\n  },\n  failOnStatusCode: false\n}).its(\"status\").should(\"equal\", 401);",
              "err": {},
              "uuid": "17c66e02-cc63-4361-873d-9c64a9cb3850",
              "parentUUID": "047726b8-5671-42f4-b871-091b59886279",
              "isHook": false,
              "skipped": false
            },
            {
              "title": "returns 204 - success, when owner edit",
              "fullTitle": "DELETE /bids/:bidId returns 204 - success, when owner edit",
              "timedOut": null,
              "duration": 162,
              "state": "passed",
              "speed": "fast",
              "pass": true,
              "fail": false,
              "pending": false,
              "context": null,
              "code": "cy.request({\n  url: endpoint,\n  method: \"DELETE\",\n  headers: {\n    Authorization: `Bearer ${_tokens.charlyToken}`\n  }\n}).its(\"status\").should(\"equal\", 204);",
              "err": {},
              "uuid": "3b8d4bbc-1e1b-4356-877c-906091a39de8",
              "parentUUID": "047726b8-5671-42f4-b871-091b59886279",
              "isHook": false,
              "skipped": false
            },
            {
              "title": "returns 403 - forbidden, when non owner edit",
              "fullTitle": "DELETE /bids/:bidId returns 403 - forbidden, when non owner edit",
              "timedOut": null,
              "duration": 145,
              "state": "passed",
              "speed": "fast",
              "pass": true,
              "fail": false,
              "pending": false,
              "context": null,
              "code": "cy.request({\n  url: endpoint,\n  method: \"DELETE\",\n  headers: {\n    Authorization: `Bearer ${_tokens.bobToken}`\n  },\n  failOnStatusCode: false\n}).its(\"status\").should(\"equal\", 403);",
              "err": {},
              "uuid": "13816aa0-354b-499c-91b1-8ecce5b07f30",
              "parentUUID": "047726b8-5671-42f4-b871-091b59886279",
              "isHook": false,
              "skipped": false
            },
            {
              "title": "returns 204 - success, when admin edit",
              "fullTitle": "DELETE /bids/:bidId returns 204 - success, when admin edit",
              "timedOut": null,
              "duration": 215,
              "state": "passed",
              "speed": "fast",
              "pass": true,
              "fail": false,
              "pending": false,
              "context": null,
              "code": "cy.request({\n  url: endpoint,\n  method: \"DELETE\",\n  headers: {\n    Authorization: `Bearer ${_tokens.adminToken}`\n  }\n}).its(\"status\").should(\"equal\", 204);",
              "err": {},
              "uuid": "0ab5aeb3-630d-4302-af75-e801329bc13e",
              "parentUUID": "047726b8-5671-42f4-b871-091b59886279",
              "isHook": false,
              "skipped": false
            },
            {
              "title": "returns 404 - not found",
              "fullTitle": "DELETE /bids/:bidId returns 404 - not found",
              "timedOut": null,
              "duration": 188,
              "state": "passed",
              "speed": "fast",
              "pass": true,
              "fail": false,
              "pending": false,
              "context": null,
              "code": "cy.request({\n  url: \"http://localhost:3000/api/products/not-existing-id\",\n  method: \"DELETE\",\n  headers: {\n    Authorization: `Bearer ${_tokens.aliceToken}`\n  },\n  failOnStatusCode: false\n}).its(\"status\").should(\"equal\", 404);",
              "err": {},
              "uuid": "69b354fc-ce4a-437a-b0f1-59424ead91aa",
              "parentUUID": "047726b8-5671-42f4-b871-091b59886279",
              "isHook": false,
              "skipped": false
            },
            {
              "title": "check mutation - object deleted in database",
              "fullTitle": "DELETE /bids/:bidId check mutation - object deleted in database",
              "timedOut": null,
              "duration": 192,
              "state": "passed",
              "speed": "fast",
              "pass": true,
              "fail": false,
              "pending": false,
              "context": null,
              "code": "cy.request({\n  url: \"http://localhost:3000/api/products/a0f7c522-78f8-442e-a55d-642cfe566634\",\n  method: \"GET\",\n  headers: {\n    Authorization: `Bearer ${_tokens.aliceToken}`\n  }\n}).then(response => {\n  const product = response.body;\n  expect(product.bids.some(bid => bid.id === \"8ccc6e79-f3c9-43e9-b47e-5be7b84d8de7\")).to.be.true;\n  cy.request({\n    url: endpoint,\n    method: \"DELETE\",\n    headers: {\n      Authorization: `Bearer ${_tokens.charlyToken}`\n    }\n  }).then(response => {\n    expect(response.status).to.be.eq(204);\n    cy.request({\n      url: \"http://localhost:3000/api/products/a0f7c522-78f8-442e-a55d-642cfe566634\",\n      method: \"GET\",\n      headers: {\n        Authorization: `Bearer ${_tokens.aliceToken}`\n      },\n      failOnStatusCode: false\n    }).then(response => {\n      const product = response.body;\n      expect(product.bids.some(bid => bid.id === \"8ccc6e79-f3c9-43e9-b47e-5be7b84d8de7\")).to.be.false;\n    });\n  });\n});",
              "err": {},
              "uuid": "cb433bcb-288b-489d-9e60-7cc4104d3483",
              "parentUUID": "047726b8-5671-42f4-b871-091b59886279",
              "isHook": false,
              "skipped": false
            }
          ],
          "suites": [],
          "passes": [
            "17c66e02-cc63-4361-873d-9c64a9cb3850",
            "3b8d4bbc-1e1b-4356-877c-906091a39de8",
            "13816aa0-354b-499c-91b1-8ecce5b07f30",
            "0ab5aeb3-630d-4302-af75-e801329bc13e",
            "69b354fc-ce4a-437a-b0f1-59424ead91aa",
            "cb433bcb-288b-489d-9e60-7cc4104d3483"
          ],
          "failures": [],
          "pending": [],
          "skipped": [],
          "duration": 1145,
          "root": false,
          "rootEmpty": false,
          "_timeout": 2000
        },
        {
          "uuid": "8821523a-1e7a-4343-9f55-b5363efa0add",
          "title": "GET /api/users/:userId",
          "fullFile": "",
          "file": "",
          "beforeHooks": [],
          "afterHooks": [],
          "tests": [
            {
              "title": "returns 404 - not found",
              "fullTitle": "GET /api/users/:userId returns 404 - not found",
              "timedOut": null,
              "duration": 194,
              "state": "passed",
              "speed": "fast",
              "pass": true,
              "fail": false,
              "pending": false,
              "context": null,
              "code": "cy.request({\n  url: \"http://localhost:3000/api/users/not-existing-id\",\n  failOnStatusCode: false\n}).its(\"status\").should(\"equal\", 404);",
              "err": {},
              "uuid": "54dc0bb1-a0f1-413c-b38f-c2a8995a5b26",
              "parentUUID": "8821523a-1e7a-4343-9f55-b5363efa0add",
              "isHook": false,
              "skipped": false
            },
            {
              "title": "returns 200 - success",
              "fullTitle": "GET /api/users/:userId returns 200 - success",
              "timedOut": null,
              "duration": 422,
              "state": "passed",
              "speed": "fast",
              "pass": true,
              "fail": false,
              "pending": false,
              "context": null,
              "code": "cy.request(\"http://localhost:3000/api/users/1f2fadb1-0d7e-47a7-9d5b-ed031d665d3e\").then(response => {\n  expect(response.status).to.be.eq(200);\n  expect(response.headers[\"content-type\"]).to.contains(\"application/json\");\n  const user = response.body;\n  expect(user.id).to.eq(\"1f2fadb1-0d7e-47a7-9d5b-ed031d665d3e\");\n  expect(user.username).to.be.eq(\"alice\");\n  expect(user.admin).to.be.false;\n  for (let product of user.products) {\n    expect(product.id).to.be.a(\"string\");\n    expect(product.id).to.match(_pattern.UUIDv4);\n    expect(product.description).to.be.a(\"string\");\n    expect(product.category).to.be.a(\"string\");\n    expect(product.originalPrice).to.be.a(\"number\");\n    expect(product.pictureUrl).to.be.a(\"string\");\n    expect(product.endDate).to.be.a(\"string\");\n    expect(product.endDate).to.match(_pattern.IOS8601);\n  }\n  for (let bid of user.bids) {\n    expect(bid.id).to.be.a(\"string\");\n    expect(bid.id).to.match(_pattern.UUIDv4);\n    expect(bid.price).to.be.a(\"number\");\n    expect(bid.date).to.be.a(\"string\");\n    expect(bid.date).to.match(_pattern.IOS8601);\n    expect(bid.product.id).to.a(\"string\");\n    expect(bid.product.id).to.match(_pattern.UUIDv4);\n    expect(bid.product.name).to.a(\"string\");\n  }\n});",
              "err": {},
              "uuid": "a2bf55f1-0a2a-478c-8d02-802b703747b1",
              "parentUUID": "8821523a-1e7a-4343-9f55-b5363efa0add",
              "isHook": false,
              "skipped": false
            }
          ],
          "suites": [],
          "passes": [
            "54dc0bb1-a0f1-413c-b38f-c2a8995a5b26",
            "a2bf55f1-0a2a-478c-8d02-802b703747b1"
          ],
          "failures": [],
          "pending": [],
          "skipped": [],
          "duration": 616,
          "root": false,
          "rootEmpty": false,
          "_timeout": 2000
        }
      ],
      "passes": [],
      "failures": [],
      "pending": [],
      "skipped": [],
      "duration": 0,
      "root": true,
      "rootEmpty": true,
      "_timeout": 2000
    }
  ],
  "meta": {
    "mocha": {
      "version": "7.0.1"
    },
    "mochawesome": {
      "options": {
        "quiet": false,
        "reportFilename": "mochawesome",
        "saveHtml": false,
        "saveJson": true,
        "consoleReporter": "spec",
        "useInlineDiffs": false,
        "code": true
      },
      "version": "7.1.3"
    },
    "marge": {
      "options": {
        "reportDir": "cypress/results",
        "overwrite": false,
        "html": false,
        "json": true
      },
      "version": "6.2.0"
    }
  }
}